#
# A fatal error has been detected by the Java Runtime Environment:
#
#  EXCEPTION_ACCESS_VIOLATION (0xc0000005) at pc=0x00007fff210afb22, pid=3144, tid=6184
#
# JRE version: Java(TM) SE Runtime Environment (23.0.1+11) (build 23.0.1+11-39)
# Java VM: Java HotSpot(TM) 64-Bit Server VM (23.0.1+11-39, mixed mode, sharing, tiered, compressed oops, compressed class ptrs, g1 gc, windows-amd64)
# Problematic frame:
# V  [jvm.dll+0x44fb22]
#
# No core dump will be written. Minidumps are not enabled by default on client versions of Windows
#
# If you would like to submit a bug report, please visit:
#   https://bugreport.java.com/bugreport/crash.jsp
#

---------------  S U M M A R Y ------------

Command Line: -agentlib:jdwp=transport=dt_socket,address=127.0.0.1:57632,suspend=y,server=n -javaagent:C:\Users\USER\AppData\Local\JetBrains\IntelliJIdea2024.2\captureAgent\debugger-agent.jar -Dkotlinx.coroutines.debug.enable.creation.stack.trace=false -Ddebugger.agent.enable.coroutines=true -Dfile.encoding=UTF-8 -Dsun.stdout.encoding=UTF-8 -Dsun.stderr.encoding=UTF-8 C:\Users\USER\Documents\IntelliJ Projects\My Notes App\out\artifacts\mynotesapp_jar\mynotesapp.jar

Host: 11th Gen Intel(R) Core(TM) i7-1195G7 @ 2.90GHz, 8 cores, 15G,  Windows 11 , 64 bit Build 22621 (10.0.22621.4391)
Time: Sun Dec 15 00:55:26 2024 Bangladesh Standard Time elapsed time: 0.681714 seconds (0d 0h 0m 0s)

---------------  T H R E A D  ---------------

Current thread (0x0000021e9947c8f0):  JavaThread "WindowsNativeRunloopThread"        [_thread_in_vm, id=6184, stack(0x000000ad01b00000,0x000000ad01c00000) (1024K)]

Stack: [0x000000ad01b00000,0x000000ad01c00000],  sp=0x000000ad01bfefc0,  free space=1019k
Native frames: (J=compiled Java code, j=interpreted, Vv=VM code, C=native code)
V  [jvm.dll+0x44fb22]  (no source info available)
C  [glass.dll+0x50cc]  (no source info available)
C  [glass.dll+0xa7c6]  (no source info available)
C  0x0000021e44240c72  (no source info available)

The last pc belongs to native method entry point (kind = native) (printed below).
Java frames: (J=compiled Java code, j=interpreted, Vv=VM code)
j  com.sun.glass.ui.win.WinApplication._runLoop(Ljava/lang/Runnable;)V+0
j  com.sun.glass.ui.win.WinApplication.lambda$runLoop$3(ILjava/lang/Runnable;)V+8
j  com.sun.glass.ui.win.WinApplication$$Lambda+0x0000021e55030228.run()V+12
j  java.lang.Thread.runWith(Ljava/lang/Object;Ljava/lang/Runnable;)V+5 java.base@23.0.1
j  java.lang.Thread.run()V+19 java.base@23.0.1
v  ~StubRoutines::call_stub 0x0000021e44230fcd

siginfo: EXCEPTION_ACCESS_VIOLATION (0xc0000005), reading address 0x0000000000000000


Registers:
RAX=0x0000000000000000, RBX=0x0000021e9947c8f0, RCX=0x0000021e9947ccb0, RDX=0x000000ad01bff1a8
RSP=0x000000ad01bfefc0, RBP=0x000000ad01bff0c8, RSI=0x0000000000000000, RDI=0x0000021e9947ccb0
R8 =0x0000000000000000, R9 =0x000000ad01bff0c8, R10=0x0000000000000000, R11=0x0000000000000246
R12=0x0000000000000000, R13=0x0000021e954e38d0, R14=0x000000ad01bff1a8, R15=0x0000021e9947c8f0
RIP=0x00007fff210afb22, EFLAGS=0x0000000000010246


Register to memory mapping:

RAX=0x0 is null
RBX=0x0000021e9947c8f0 is a thread
RCX=0x0000021e9947ccb0 points into unknown readable memory: 0x00007fff21845e00 | 00 5e 84 21 ff 7f 00 00
RDX=0x000000ad01bff1a8 is pointing into the stack for thread: 0x0000021e9947c8f0
RSP=0x000000ad01bfefc0 is pointing into the stack for thread: 0x0000021e9947c8f0
RBP=0x000000ad01bff0c8 is pointing into the stack for thread: 0x0000021e9947c8f0
RSI=0x0 is null
RDI=0x0000021e9947ccb0 points into unknown readable memory: 0x00007fff21845e00 | 00 5e 84 21 ff 7f 00 00
R8 =0x0 is null
R9 =0x000000ad01bff0c8 is pointing into the stack for thread: 0x0000021e9947c8f0
R10=0x0 is null
R11=0x0000000000000246 is an unknown value
R12=0x0 is null
R13={method} {0x0000021e954e38d8} '_runLoop' '(Ljava/lang/Runnable;)V' in 'com/sun/glass/ui/win/WinApplication'
R14=0x000000ad01bff1a8 is pointing into the stack for thread: 0x0000021e9947c8f0
R15=0x0000021e9947c8f0 is a thread

Top of Stack: (sp=0x000000ad01bfefc0)
0x000000ad01bfefc0:   000000ad01bfefd0 0000000000000001
0x000000ad01bfefd0:   0000000000000000 000000ad01bfefe8
0x000000ad01bfefe0:   0000fac9d4bb4fc2 0000000000320030
0x000000ad01bfeff0:   00007fff98c41f00 00007fff982e9da1
0x000000ad01bff000:   000000ad01bff0b8 0000000000000000
0x000000ad01bff010:   0000021e9947c8f0 0000000000000000
0x000000ad01bff020:   0000000000000000 00007fff98c672f0
0x000000ad01bff030:   0000021e99471090 00007fff9a54675f
0x000000ad01bff040:   0000000000180016 00007fff98c41e58
0x000000ad01bff050:   000000ad01bff040 0000000000000000
0x000000ad01bff060:   0000021e9947c8f0 000000ad01bff1b0
0x000000ad01bff070:   0000021e9947ccb0 00007fff629c50cc
0x000000ad01bff080:   0000000000000000 000000ad01bff188
0x000000ad01bff090:   000000ad01bff1a8 0000021e9947ccb0
0x000000ad01bff0a0:   000000ad01bff1a8 00007fff629ca7c6
0x000000ad01bff0b0:   0000021e954e38d0 0000021e00000000
0x000000ad01bff0c0:   0000000000000000 0000000000000000
0x000000ad01bff0d0:   0000021e4423936f 0000021e44240975
0x000000ad01bff0e0:   0000021e954e38d0 0000021e954e38d0
0x000000ad01bff0f0:   0000021e954e38d0 000000ad01bff1b0
0x000000ad01bff100:   0000021e4423936f 0000021e44240c72
0x000000ad01bff110:   0000021e954e38d0 000000ad01bff6e0
0x000000ad01bff120:   3ff0000000000000 0000021e9947c8f0
0x000000ad01bff130:   000000ad01bff6e0 0000021e4424057b
0x000000ad01bff140:   fffffffffffffff7 0000021e954e38d0
0x000000ad01bff150:   0000000000000005 0000021e9550ef28
0x000000ad01bff160:   0000000000000000 0000000712750f60
0x000000ad01bff170:   0000021e954e38d0 0000000000000000
0x000000ad01bff180:   000000ad01bff1a8 000000ad01bff200
0x000000ad01bff190:   0000021e44239054 0000000000000000
0x000000ad01bff1a0:   0000021e4423c8f7 000000071247abd8
0x000000ad01bff1b0:   000000071246c9a0 fffffffffffffff7 

Instructions: (pc=0x00007fff210afb22)
0x00007fff210afa22:   ff 48 8b 4b 08 48 8b 43 10 48 89 41 10 48 8b 4b
0x00007fff210afa32:   08 48 8b 43 18 48 89 41 18 48 8b 4b 08 48 8b 43
0x00007fff210afa42:   20 48 89 41 20 48 8d 8f a0 03 00 00 e8 dd 5b ec
0x00007fff210afa52:   ff 90 c7 87 44 04 00 00 04 00 00 00 48 81 c4 b8
0x00007fff210afa62:   00 00 00 41 5f 41 5e 5f 5e 5d 5b c3 cc cc 48 89
0x00007fff210afa72:   5c 24 08 48 89 6c 24 10 48 89 74 24 18 57 41 56
0x00007fff210afa82:   41 57 48 81 ec a0 00 00 00 8b 81 a8 00 00 00 48
0x00007fff210afa92:   8d 99 40 fc ff ff 05 53 21 ff ff 49 8b e9 49 8b
0x00007fff210afaa2:   f0 4c 8b f2 48 8b f9 83 f8 01 77 08 48 8b cb e8
0x00007fff210afab2:   da ac f9 ff 80 3d d7 b1 7f 00 00 c7 83 44 04 00
0x00007fff210afac2:   00 06 00 00 00 75 06 e8 e2 08 28 00 90 48 8b 83
0x00007fff210afad2:   48 04 00 00 a8 01 74 0d 45 33 c0 b2 01 48 8b cb
0x00007fff210afae2:   e8 f9 34 2f 00 8b 83 40 04 00 00 a8 0c 74 08 48
0x00007fff210afaf2:   8b cb e8 77 c3 f9 ff c7 83 44 04 00 00 06 00 00
0x00007fff210afb02:   00 48 83 7b 08 00 48 89 5c 24 50 48 c7 44 24 58
0x00007fff210afb12:   00 00 00 00 74 0a 48 8d 4c 24 50 e8 3e dd 2b 00
0x00007fff210afb22:   48 8b 16 48 8d 4c 24 70 c6 44 24 40 0e e8 dc 4f
0x00007fff210afb32:   00 00 48 8d 44 24 70 48 89 5c 24 30 48 89 44 24
0x00007fff210afb42:   28 4c 8d 3d e6 4a 5c 00 41 b9 01 00 00 00 48 89
0x00007fff210afb52:   74 24 20 4d 8b c6 4c 89 7c 24 70 48 8d 54 24 40
0x00007fff210afb62:   48 89 ac 24 98 00 00 00 48 8b cf e8 ae 5d 00 00
0x00007fff210afb72:   48 83 7c 24 58 00 4c 89 7c 24 70 48 c7 84 24 98
0x00007fff210afb82:   00 00 00 00 00 00 00 74 0a 48 8d 4c 24 50 e8 4b
0x00007fff210afb92:   dd 2b 00 48 8b bb 98 01 00 00 48 8b 47 10 48 83
0x00007fff210afba2:   38 00 74 08 48 8b cf e8 b2 38 f5 ff 48 8b 4f 08
0x00007fff210afbb2:   48 8b 47 10 48 89 41 10 48 8b 4f 08 48 8b 47 18
0x00007fff210afbc2:   48 89 41 18 48 8b 4f 08 48 8b 47 20 48 89 41 20
0x00007fff210afbd2:   48 8d 8b a0 03 00 00 e8 52 5a ec ff 4c 8d 9c 24
0x00007fff210afbe2:   a0 00 00 00 90 49 8b 6b 28 49 8b 73 30 c7 83 44
0x00007fff210afbf2:   04 00 00 04 00 00 00 49 8b 5b 20 49 8b e3 41 5f
0x00007fff210afc02:   41 5e 5f c3 cc cc cc cc cc cc cc cc cc cc 48 89
0x00007fff210afc12:   5c 24 08 48 89 6c 24 10 48 89 74 24 18 48 89 7c 


Stack slot to memory mapping:

stack at sp + 0 slots: 0x000000ad01bfefd0 is pointing into the stack for thread: 0x0000021e9947c8f0
stack at sp + 1 slots: 0x0000000000000001 is an unknown value
stack at sp + 2 slots: 0x0 is null
stack at sp + 3 slots: 0x000000ad01bfefe8 is pointing into the stack for thread: 0x0000021e9947c8f0
stack at sp + 4 slots: 0x0000fac9d4bb4fc2 is an unknown value
stack at sp + 5 slots: 0x0000000000320030 is an unknown value
stack at sp + 6 slots: 0x00007fff98c41f00 ole32.dll
stack at sp + 7 slots: 0x00007fff982e9da1 KERNELBASE.dll

Lock stack of current Java thread (top to bottom):

native method entry point (kind = native)  [0x0000021e442404c0, 0x0000021e44241828]  4968 bytes
[MachCode]
  0x0000021e442404c0: 488b 4b08 | 0fb7 492e | 584c 8d74 | ccf8 6800 | 0000 0068 | 0000 0000 | 5055 488b | ec41 5568 
  0x0000021e442404e0: 0000 0000 | 4c8b 6b08 | 4d8d 6d38 | 5348 8b53 | 0848 8b52 | 0848 8b52 | 1848 8b52 | 7048 8b12 
  0x0000021e44240500: 5248 8b53 | 1048 85d2 | 0f84 0700 | 0000 4881 | c210 0100 | 0052 488b | 5308 488b | 5208 488b 
  0x0000021e44240520: 5210 5249 | 8bc6 482b | c548 c1e8 | 0350 6800 | 0000 0068 | f7ff ffff | 41c6 8771 | 0400 0001 
  0x0000021e44240540: 488b 4310 | 4885 c074 | 208b 88cc | 0000 0083 | c102 8988 | cc00 0000 | 2388 e000 | 0000 0f84 
  0x0000021e44240560: 5f11 0000 | e986 0100 | 0048 8b43 | 1848 85c0 | 0f85 6701 | 0000 e805 | 0000 00e9 | 5001 0000 
  0x0000021e44240580: 488b d348 | 8d44 2408 | 4c89 6dc0 | 498b cfc5 | f877 4989 | afb0 0300 | 0049 8987 | a003 0000 
  0x0000021e442405a0: 4883 ec20 | 40f6 c40f | 0f84 1900 | 0000 4883 | ec08 48b8 | 9026 0321 | ff7f 0000 | ffd0 4883 
  0x0000021e442405c0: c408 e90c | 0000 0048 | b890 2603 | 21ff 7f00 | 00ff d048 | 83c4 2049 | c787 a003 | 0000 0000 
  0x0000021e442405e0: 0000 49c7 | 87b0 0300 | 0000 0000 | 0049 c787 | a803 0000 | 0000 0000 | c5f8 7741 | 8b8f 2c05 
  0x0000021e44240600: 0000 f6c1 | 010f 8442 | 0000 00f6 | c102 0f85 | 3900 0000 | 4883 ec20 | 40f6 c40f | 0f84 1900 
  0x0000021e44240620: 0000 4883 | ec08 48b8 | 10fc 0221 | ff7f 0000 | ffd0 4883 | c408 e90c | 0000 0048 | b810 fc02 
  0x0000021e44240640: 21ff 7f00 | 00ff d048 | 83c4 20ff | e049 8b8f | d805 0000 | 4885 c90f | 8455 0000 | 008b 899c 
  0x0000021e44240660: 0000 0083 | f901 0f85 | 4600 0000 | 498b 8fd8 | 0500 008b | 89a0 0000 | 0048 83ec | 2040 f6c4 
  0x0000021e44240680: 0f0f 8419 | 0000 0048 | 83ec 0848 | b800 fc02 | 21ff 7f00 | 00ff d048 | 83c4 08e9 | 0c00 0000 
  0x0000021e442406a0: 48b8 00fc | 0221 ff7f | 0000 ffd0 | 4883 c420 | ffe0 4983 | 7f08 000f | 8405 0000 | 00e9 fe07 
  0x0000021e442406c0: ffff 4c8b | 6dc0 4c8b | 75c8 4e8d | 74f5 00c3 | 488b 4318 | 4885 c00f | 8412 0000 | 008b 4808 
  0x0000021e442406e0: 83c1 0289 | 4808 2348 | 1c0f 84d4 | 0f00 0049 | 3ba7 e804 | 0000 0f87 | 4800 0000 | 8984 2400 
  0x0000021e44240700: f0ff ff89 | 8424 00e0 | ffff 8984 | 2400 d0ff | ff89 8424 | 00c0 ffff | 8984 2400 | b0ff ff89 
  0x0000021e44240720: 8424 00a0 | ffff 8984 | 2400 90ff | ff89 8424 | 0080 ffff | 493b a7e0 | 0400 0076 | 0749 89a7 
  0x0000021e44240740: e804 0000 | 41c6 8771 | 0400 0000 | 418b 97e0 | 0500 0085 | d20f 8457 | 0100 00e8 | 0500 0000 
  0x0000021e44240760: e94d 0100 | 0048 8d44 | 2408 4c89 | 6dc0 498b | cfc5 f877 | 4989 afb0 | 0300 0049 | 8987 a003 
  0x0000021e44240780: 0000 4883 | ec20 40f6 | c40f 0f84 | 1900 0000 | 4883 ec08 | 48b8 e04b | 0321 ff7f | 0000 ffd0 
  0x0000021e442407a0: 4883 c408 | e90c 0000 | 0048 b8e0 | 4b03 21ff | 7f00 00ff | d048 83c4 | 2049 c787 | a003 0000 
  0x0000021e442407c0: 0000 0000 | 49c7 87b0 | 0300 0000 | 0000 0049 | c787 a803 | 0000 0000 | 0000 c5f8 | 7741 8b8f 
  0x0000021e442407e0: 2c05 0000 | f6c1 010f | 8442 0000 | 00f6 c102 | 0f85 3900 | 0000 4883 | ec20 40f6 | c40f 0f84 
  0x0000021e44240800: 1900 0000 | 4883 ec08 | 48b8 10fc | 0221 ff7f | 0000 ffd0 | 4883 c408 | e90c 0000 | 0048 b810 
  0x0000021e44240820: fc02 21ff | 7f00 00ff | d048 83c4 | 20ff e049 | 8b8f d805 | 0000 4885 | c90f 8455 | 0000 008b 
  0x0000021e44240840: 899c 0000 | 0083 f901 | 0f85 4600 | 0000 498b | 8fd8 0500 | 008b 89a0 | 0000 0048 | 83ec 2040 
  0x0000021e44240860: f6c4 0f0f | 8419 0000 | 0048 83ec | 0848 b800 | fc02 21ff | 7f00 00ff | d048 83c4 | 08e9 0c00 
  0x0000021e44240880: 0000 48b8 | 00fc 0221 | ff7f 0000 | ffd0 4883 | c420 ffe0 | 4983 7f08 | 000f 8405 | 0000 00e9 
  0x0000021e442408a0: 1c06 ffff | 4c8b 6dc0 | 4c8b 75c8 | 4e8d 74f5 | 00c3 49ba | 41ad 8a21 | ff7f 0000 | 4180 3a00 
  0x0000021e442408c0: 0f84 3e00 | 0000 488b | 55e8 498b | cf48 83ec | 2040 f6c4 | 0f0f 8419 | 0000 0048 | 83ec 0848 
  0x0000021e442408e0: b810 ee3a | 21ff 7f00 | 00ff d048 | 83c4 08e9 | 0c00 0000 | 48b8 10ee | 3a21 ff7f | 0000 ffd0 
  0x0000021e44240900: 4883 c420 | 488b 5de8 | 4c8b 5b08 | 450f b75b | 2e41 c1e3 | 0349 2be3 | 4883 ec20 | 4883 e4f0 
  0x0000021e44240920: 4c8b 5b60 | 4d85 db0f | 8562 0100 | 00e8 0500 | 0000 e950 | 0100 0048 | 8bd3 488d | 4424 084c 
  0x0000021e44240940: 896d c049 | 8bcf c5f8 | 7749 89af | b003 0000 | 4989 87a0 | 0300 0048 | 83ec 2040 | f6c4 0f0f 
  0x0000021e44240960: 8419 0000 | 0048 83ec | 0848 b8f0 | 4d03 21ff | 7f00 00ff | d048 83c4 | 08e9 0c00 | 0000 48b8 
  0x0000021e44240980: f04d 0321 | ff7f 0000 | ffd0 4883 | c420 49c7 | 87a0 0300 | 0000 0000 | 0049 c787 | b003 0000 
  0x0000021e442409a0: 0000 0000 | 49c7 87a8 | 0300 0000 | 0000 00c5 | f877 418b | 8f2c 0500 | 00f6 c101 | 0f84 4200 
  0x0000021e442409c0: 0000 f6c1 | 020f 8539 | 0000 0048 | 83ec 2040 | f6c4 0f0f | 8419 0000 | 0048 83ec | 0848 b810 
  0x0000021e442409e0: fc02 21ff | 7f00 00ff | d048 83c4 | 08e9 0c00 | 0000 48b8 | 10fc 0221 | ff7f 0000 | ffd0 4883 
  0x0000021e44240a00: c420 ffe0 | 498b 8fd8 | 0500 0048 | 85c9 0f84 | 5500 0000 | 8b89 9c00 | 0000 83f9 | 010f 8546 
  0x0000021e44240a20: 0000 0049 | 8b8f d805 | 0000 8b89 | a000 0000 | 4883 ec20 | 40f6 c40f | 0f84 1900 | 0000 4883 
  0x0000021e44240a40: ec08 48b8 | 00fc 0221 | ff7f 0000 | ffd0 4883 | c408 e90c | 0000 0048 | b800 fc02 | 21ff 7f00 
  0x0000021e44240a60: 00ff d048 | 83c4 20ff | e049 837f | 0800 0f84 | 0500 0000 | e947 04ff | ff4c 8b6d | c04c 8b75 
  0x0000021e44240a80: c84e 8d74 | f500 c348 | 8b5d e84c | 8b5b 6041 | ffd3 488b | 5de8 4889 | 4518 448b | 5b28 41f6 
  0x0000021e44240aa0: c308 0f84 | 1b00 0000 | 4c8b 5b08 | 4d8b 5b08 | 4d8b 5b18 | 4d8b 5b70 | 4d8b 1b4c | 895d 1048 
  0x0000021e44240ac0: 8d55 1048 | 8b43 5849 | ba60 3c3b | 21ff 7f00 | 0049 3bc2 | 0f85 6201 | 0000 e805 | 0000 00e9 
  0x0000021e44240ae0: 5001 0000 | 488b d348 | 8d44 2408 | 4c89 6dc0 | 498b cfc5 | f877 4989 | afb0 0300 | 0049 8987 
  0x0000021e44240b00: a003 0000 | 4883 ec20 | 40f6 c40f | 0f84 1900 | 0000 4883 | ec08 48b8 | f04d 0321 | ff7f 0000 
  0x0000021e44240b20: ffd0 4883 | c408 e90c | 0000 0048 | b8f0 4d03 | 21ff 7f00 | 00ff d048 | 83c4 2049 | c787 a003 
  0x0000021e44240b40: 0000 0000 | 0000 49c7 | 87b0 0300 | 0000 0000 | 0049 c787 | a803 0000 | 0000 0000 | c5f8 7741 
  0x0000021e44240b60: 8b8f 2c05 | 0000 f6c1 | 010f 8442 | 0000 00f6 | c102 0f85 | 3900 0000 | 4883 ec20 | 40f6 c40f 
  0x0000021e44240b80: 0f84 1900 | 0000 4883 | ec08 48b8 | 10fc 0221 | ff7f 0000 | ffd0 4883 | c408 e90c | 0000 0048 
  0x0000021e44240ba0: b810 fc02 | 21ff 7f00 | 00ff d048 | 83c4 20ff | e049 8b8f | d805 0000 | 4885 c90f | 8455 0000 
  0x0000021e44240bc0: 008b 899c | 0000 0083 | f901 0f85 | 4600 0000 | 498b 8fd8 | 0500 008b | 89a0 0000 | 0048 83ec 
  0x0000021e44240be0: 2040 f6c4 | 0f0f 8419 | 0000 0048 | 83ec 0848 | b800 fc02 | 21ff 7f00 | 00ff d048 | 83c4 08e9 
  0x0000021e44240c00: 0c00 0000 | 48b8 00fc | 0221 ff7f | 0000 ffd0 | 4883 c420 | ffe0 4983 | 7f08 000f | 8405 0000 
  0x0000021e44240c20: 00e9 9a02 | ffff 4c8b | 6dc0 4c8b | 75c8 4e8d | 74f5 00c3 | 488b 5de8 | 488b 4358 | 498d 8fc0 
  0x0000021e44240c40: 0300 00c5 | f877 4989 | afb0 0300 | 0049 ba43 | 0c24 441e | 0200 004d | 8997 a803 | 0000 4989 
  0x0000021e44240c60: a7a0 0300 | 0041 c787 | 4404 0000 | 0400 0000 | ffd0 c5f8 | 7748 83ec | 10c5 fb11 | 0424 4883 
  0x0000021e44240c80: ec10 4889 | 0424 48c7 | 4424 0800 | 0000 0041 | c787 4404 | 0000 0500 | 0000 f083 | 4424 c000 
  0x0000021e44240ca0: 493b af48 | 0400 000f | 870e 0000 | 0041 83bf | 4004 0000 | 000f 8420 | 0000 0049 | 8bcf 4c8b 
  0x0000021e44240cc0: e448 83ec | 2048 83e4 | f048 b890 | a904 21ff | 7f00 00ff | d049 8be4 | 4d33 e441 | c787 4404 
  0x0000021e44240ce0: 0000 0800 | 0000 49c7 | 87a0 0300 | 0000 0000 | 0049 c787 | b003 0000 | 0000 0000 | 49c7 87a8 
  0x0000021e44240d00: 0300 0000 | 0000 00c5 | f877 4d8b | 9f30 0400 | 0041 c783 | 0001 0000 | 0000 0000 | 49bb fac8 
  0x0000021e44240d20: 2344 1e02 | 0000 4c3b | 5d18 0f85 | 2403 0000 | 488b 0424 | 4883 c410 | 4885 c00f | 84fe 0200 
  0x0000021e44240d40: 00a8 030f | 8508 0000 | 0048 8b00 | e9ee 0200 | 00a8 010f | 8509 0000 | 0048 8b40 | fee9 dd02 
  0x0000021e44240d60: 0000 488b | 40ff 4180 | 7f38 000f | 84ce 0200 | 0048 83f8 | 000f 84c4 | 0200 004d | 8b5f 2849 
  0x0000021e44240d80: 83fb 000f | 8414 0000 | 0049 83eb | 084d 895f | 284d 035f | 3049 8903 | e9a2 0200 | 0048 81ec 
  0x0000021e44240da0: 5001 0000 | 4889 0424 | 4889 4c24 | 0848 8954 | 2410 4889 | 7424 1848 | 897c 2420 | 4c89 4424 
  0x0000021e44240dc0: 284c 894c | 2430 4c89 | 5424 384c | 895c 2440 | c5fb 1144 | 2450 c5fb | 114c 2458 | c5fb 1154 
  0x0000021e44240de0: 2460 c5fb | 115c 2468 | c5fb 1164 | 2470 c5fb | 116c 2478 | c5fb 11b4 | 2480 0000 | 00c5 fb11 
  0x0000021e44240e00: bc24 8800 | 0000 c57b | 1184 2490 | 0000 00c5 | 7b11 8c24 | 9800 0000 | c57b 1194 | 24a0 0000 
  0x0000021e44240e20: 00c5 7b11 | 9c24 a800 | 0000 c57b | 11a4 24b0 | 0000 00c5 | 7b11 ac24 | b800 0000 | c57b 11b4 
  0x0000021e44240e40: 24c0 0000 | 00c5 7b11 | bc24 c800 | 0000 62e1 | ff08 1144 | 241a 62e1 | ff08 114c | 241b 62e1 
  0x0000021e44240e60: ff08 1154 | 241c 62e1 | ff08 115c | 241d 62e1 | ff08 1164 | 241e 62e1 | ff08 116c | 241f 62e1 
  0x0000021e44240e80: ff08 1174 | 2420 62e1 | ff08 117c | 2421 6261 | ff08 1144 | 2422 6261 | ff08 114c | 2423 6261 
  0x0000021e44240ea0: ff08 1154 | 2424 6261 | ff08 115c | 2425 6261 | ff08 1164 | 2426 6261 | ff08 116c | 2427 6261 
  0x0000021e44240ec0: ff08 1174 | 2428 6261 | ff08 117c | 2429 498b | d748 8bc8 | 4883 ec20 | 40f6 c40f | 0f84 1900 
  0x0000021e44240ee0: 0000 4883 | ec08 48b8 | e007 f820 | ff7f 0000 | ffd0 4883 | c408 e90c | 0000 0048 | b8e0 07f8 
  0x0000021e44240f00: 20ff 7f00 | 00ff d048 | 83c4 2062 | 61ff 0810 | 7c24 2962 | 61ff 0810 | 7424 2862 | 61ff 0810 
  0x0000021e44240f20: 6c24 2762 | 61ff 0810 | 6424 2662 | 61ff 0810 | 5c24 2562 | 61ff 0810 | 5424 2462 | 61ff 0810 
  0x0000021e44240f40: 4c24 2362 | 61ff 0810 | 4424 2262 | e1ff 0810 | 7c24 2162 | e1ff 0810 | 7424 2062 | e1ff 0810 
  0x0000021e44240f60: 6c24 1f62 | e1ff 0810 | 6424 1e62 | e1ff 0810 | 5c24 1d62 | e1ff 0810 | 5424 1c62 | e1ff 0810 
  0x0000021e44240f80: 4c24 1b62 | e1ff 0810 | 4424 1ac5 | 7b10 bc24 | c800 0000 | c57b 10b4 | 24c0 0000 | 00c5 7b10 
  0x0000021e44240fa0: ac24 b800 | 0000 c57b | 10a4 24b0 | 0000 00c5 | 7b10 9c24 | a800 0000 | c57b 1094 | 24a0 0000 
  0x0000021e44240fc0: 00c5 7b10 | 8c24 9800 | 0000 c57b | 1084 2490 | 0000 00c5 | fb10 bc24 | 8800 0000 | c5fb 10b4 
  0x0000021e44240fe0: 2480 0000 | 00c5 fb10 | 6c24 78c5 | fb10 6424 | 70c5 fb10 | 5c24 68c5 | fb10 5424 | 60c5 fb10 
  0x0000021e44241000: 4c24 58c5 | fb10 4424 | 504c 8b5c | 2440 4c8b | 5424 384c | 8b4c 2430 | 4c8b 4424 | 2848 8b7c 
  0x0000021e44241020: 2420 488b | 7424 1848 | 8b54 2410 | 488b 4c24 | 0848 8b04 | 2448 81c4 | 5001 0000 | c5f8 7748 
  0x0000021e44241040: 8945 1048 | 83ec 1048 | 8904 2448 | c744 2408 | 0000 0000 | 4183 bfc8 | 0400 0002 | 0f85 bf00 
  0x0000021e44241060: 0000 4881 | ec80 0000 | 0048 8944 | 2478 4889 | 4c24 7048 | 8954 2468 | 4889 5c24 | 6048 896c 
  0x0000021e44241080: 2450 4889 | 7424 4848 | 897c 2440 | 4c89 4424 | 384c 894c | 2430 4c89 | 5424 284c | 895c 2420 
  0x0000021e442410a0: 4c89 6424 | 184c 896c | 2410 4c89 | 7424 084c | 893c 244c | 8be4 4883 | ec20 4883 | e4f0 48b8 
  0x0000021e442410c0: c022 3b21 | ff7f 0000 | ffd0 498b | e44c 8b3c | 244c 8b74 | 2408 4c8b | 6c24 104c | 8b64 2418 
  0x0000021e442410e0: 4c8b 5c24 | 204c 8b54 | 2428 4c8b | 4c24 304c | 8b44 2438 | 488b 7c24 | 4048 8b74 | 2448 488b 
  0x0000021e44241100: 6c24 5048 | 8b5c 2460 | 488b 5424 | 6848 8b4c | 2470 488b | 4424 7848 | 81c4 8000 | 0000 4d33 
  0x0000021e44241120: e448 8b5d | e84c 8b6b | 084d 8d6d | 3849 837f | 0800 0f84 | 7201 0000 | e805 0000 | 00e9 4d01 
  0x0000021e44241140: 0000 488d | 4424 084c | 896d c049 | 8bcf c5f8 | 7749 89af | b003 0000 | 4989 87a0 | 0300 0048 
  0x0000021e44241160: 83ec 2040 | f6c4 0f0f | 8419 0000 | 0048 83ec | 0848 b800 | 6c03 21ff | 7f00 00ff | d048 83c4 
  0x0000021e44241180: 08e9 0c00 | 0000 48b8 | 006c 0321 | ff7f 0000 | ffd0 4883 | c420 49c7 | 87a0 0300 | 0000 0000 
  0x0000021e442411a0: 0049 c787 | b003 0000 | 0000 0000 | 49c7 87a8 | 0300 0000 | 0000 00c5 | f877 418b | 8f2c 0500 
  0x0000021e442411c0: 00f6 c101 | 0f84 4200 | 0000 f6c1 | 020f 8539 | 0000 0048 | 83ec 2040 | f6c4 0f0f | 8419 0000 
  0x0000021e442411e0: 0048 83ec | 0848 b810 | fc02 21ff | 7f00 00ff | d048 83c4 | 08e9 0c00 | 0000 48b8 | 10fc 0221 
  0x0000021e44241200: ff7f 0000 | ffd0 4883 | c420 ffe0 | 498b 8fd8 | 0500 0048 | 85c9 0f84 | 5500 0000 | 8b89 9c00 
  0x0000021e44241220: 0000 83f9 | 010f 8546 | 0000 0049 | 8b8f d805 | 0000 8b89 | a000 0000 | 4883 ec20 | 40f6 c40f 
  0x0000021e44241240: 0f84 1900 | 0000 4883 | ec08 48b8 | 00fc 0221 | ff7f 0000 | ffd0 4883 | c408 e90c | 0000 0048 
  0x0000021e44241260: b800 fc02 | 21ff 7f00 | 00ff d048 | 83c4 20ff | e049 837f | 0800 0f84 | 0500 0000 | e93f fcfe 
  0x0000021e44241280: ff4c 8b6d | c04c 8b75 | c84e 8d74 | f500 c348 | b940 d562 | 21ff 7f00 | 0048 83e4 | f048 b870 
  0x0000021e442412a0: 4a29 21ff | 7f00 00ff | d0f4 448b | 5b28 41f6 | c320 0f84 | 3002 0000 | 488d 55a8 | 4c8b 5a08 
  0x0000021e442412c0: 4d85 db0f | 8572 0100 | 00e8 0500 | 0000 e94d | 0100 0048 | 8d44 2408 | 4c89 6dc0 | 498b cfc5 
  0x0000021e442412e0: f877 4989 | afb0 0300 | 0049 8987 | a003 0000 | 4883 ec20 | 40f6 c40f | 0f84 1900 | 0000 4883 
  0x0000021e44241300: ec08 48b8 | 306b 0321 | ff7f 0000 | ffd0 4883 | c408 e90c | 0000 0048 | b830 6b03 | 21ff 7f00 
  0x0000021e44241320: 00ff d048 | 83c4 2049 | c787 a003 | 0000 0000 | 0000 49c7 | 87b0 0300 | 0000 0000 | 0049 c787 
  0x0000021e44241340: a803 0000 | 0000 0000 | c5f8 7741 | 8b8f 2c05 | 0000 f6c1 | 010f 8442 | 0000 00f6 | c102 0f85 
  0x0000021e44241360: 3900 0000 | 4883 ec20 | 40f6 c40f | 0f84 1900 | 0000 4883 | ec08 48b8 | 10fc 0221 | ff7f 0000 
  0x0000021e44241380: ffd0 4883 | c408 e90c | 0000 0048 | b810 fc02 | 21ff 7f00 | 00ff d048 | 83c4 20ff | e049 8b8f 
  0x0000021e442413a0: d805 0000 | 4885 c90f | 8455 0000 | 008b 899c | 0000 0083 | f901 0f85 | 4600 0000 | 498b 8fd8 
  0x0000021e442413c0: 0500 008b | 89a0 0000 | 0048 83ec | 2040 f6c4 | 0f0f 8419 | 0000 0048 | 83ec 0848 | b800 fc02 
  0x0000021e442413e0: 21ff 7f00 | 00ff d048 | 83c4 08e9 | 0c00 0000 | 48b8 00fc | 0221 ff7f | 0000 ffd0 | 4883 c420 
  0x0000021e44241400: ffe0 4983 | 7f08 000f | 8405 0000 | 00e9 aefa | feff 4c8b | 6dc0 4c8b | 75c8 4e8d | 74f5 00c3 
  0x0000021e44241420: 48b9 40d5 | 6221 ff7f | 0000 4883 | e4f0 48b8 | 704a 2921 | ff7f 0000 | ffd0 f44c | 896d c04c 
  0x0000021e44241440: 8b4a 0848 | c742 0800 | 0000 0045 | 8b87 1806 | 0000 4f3b | 4c07 f80f | 8549 0000 | 0041 83af 
  0x0000021e44241460: 1806 0000 | 084f 3b4c | 07f0 0f84 | 2a00 0000 | 498b 01a8 | 020f 8512 | 0000 004c | 8bc0 4983 
  0x0000021e44241480: c801 f04d | 0fb1 010f | 840d 0000 | 0041 8387 | 1806 0000 | 08e9 0c00 | 0000 49ff | 8f50 0500 
  0x0000021e442414a0: 00e9 3e00 | 0000 4c89 | 4a08 488b | ca48 83ec | 2040 f6c4 | 0f0f 8419 | 0000 0048 | 83ec 0848 
  0x0000021e442414c0: b8f0 3d03 | 21ff 7f00 | 00ff d048 | 83c4 08e9 | 0c00 0000 | 48b8 f03d | 0321 ff7f | 0000 ffd0 
  0x0000021e442414e0: 4883 c420 | 4c8b 6dc0 | 418b 97e0 | 0500 0085 | d20f 8457 | 0100 00e8 | 0500 0000 | e94d 0100 
  0x0000021e44241500: 0048 8d44 | 2408 4c89 | 6dc0 498b | cfc5 f877 | 4989 afb0 | 0300 0049 | 8987 a003 | 0000 4883 
  0x0000021e44241520: ec20 40f6 | c40f 0f84 | 1900 0000 | 4883 ec08 | 48b8 204d | 0321 ff7f | 0000 ffd0 | 4883 c408 
  0x0000021e44241540: e90c 0000 | 0048 b820 | 4d03 21ff | 7f00 00ff | d048 83c4 | 2049 c787 | a003 0000 | 0000 0000 
  0x0000021e44241560: 49c7 87b0 | 0300 0000 | 0000 0049 | c787 a803 | 0000 0000 | 0000 c5f8 | 7741 8b8f | 2c05 0000 
  0x0000021e44241580: f6c1 010f | 8442 0000 | 00f6 c102 | 0f85 3900 | 0000 4883 | ec20 40f6 | c40f 0f84 | 1900 0000 
  0x0000021e442415a0: 4883 ec08 | 48b8 10fc | 0221 ff7f | 0000 ffd0 | 4883 c408 | e90c 0000 | 0048 b810 | fc02 21ff 
  0x0000021e442415c0: 7f00 00ff | d048 83c4 | 20ff e049 | 8b8f d805 | 0000 4885 | c90f 8455 | 0000 008b | 899c 0000 
  0x0000021e442415e0: 0083 f901 | 0f85 4600 | 0000 498b | 8fd8 0500 | 008b 89a0 | 0000 0048 | 83ec 2040 | f6c4 0f0f 
  0x0000021e44241600: 8419 0000 | 0048 83ec | 0848 b800 | fc02 21ff | 7f00 00ff | d048 83c4 | 08e9 0c00 | 0000 48b8 
  0x0000021e44241620: 00fc 0221 | ff7f 0000 | ffd0 4883 | c420 ffe0 | 4983 7f08 | 000f 8405 | 0000 00e9 | 80f8 feff 
  0x0000021e44241640: 4c8b 6dc0 | 4c8b 75c8 | 4e8d 74f5 | 00c3 49ba | 41ad 8a21 | ff7f 0000 | 4180 3a00 | 0f84 3e00 
  0x0000021e44241660: 0000 488b | 55e8 498b | cf48 83ec | 2040 f6c4 | 0f0f 8419 | 0000 0048 | 83ec 0848 | b810 ee3a 
  0x0000021e44241680: 21ff 7f00 | 00ff d048 | 83c4 08e9 | 0c00 0000 | 48b8 10ee | 3a21 ff7f | 0000 ffd0 | 4883 c420 
  0x0000021e442416a0: 488b 0424 | 4883 c410 | c5fb 1004 | 2448 83c4 | 104c 8b5d | 1841 ffd3 | 4c8b 5df8 | c95f 498b 
  0x0000021e442416c0: e3ff e7ba | 0000 0000 | e805 0000 | 00e9 4d01 | 0000 488d | 4424 084c | 896d c049 | 8bcf c5f8 
  0x0000021e442416e0: 7749 89af | b003 0000 | 4989 87a0 | 0300 0048 | 83ec 2040 | f6c4 0f0f | 8419 0000 | 0048 83ec 
  0x0000021e44241700: 0848 b8a0 | 3103 21ff | 7f00 00ff | d048 83c4 | 08e9 0c00 | 0000 48b8 | a031 0321 | ff7f 0000 
  0x0000021e44241720: ffd0 4883 | c420 49c7 | 87a0 0300 | 0000 0000 | 0049 c787 | b003 0000 | 0000 0000 | 49c7 87a8 
  0x0000021e44241740: 0300 0000 | 0000 00c5 | f877 418b | 8f2c 0500 | 00f6 c101 | 0f84 4200 | 0000 f6c1 | 020f 8539 
  0x0000021e44241760: 0000 0048 | 83ec 2040 | f6c4 0f0f | 8419 0000 | 0048 83ec | 0848 b810 | fc02 21ff | 7f00 00ff 
  0x0000021e44241780: d048 83c4 | 08e9 0c00 | 0000 48b8 | 10fc 0221 | ff7f 0000 | ffd0 4883 | c420 ffe0 | 498b 8fd8 
  0x0000021e442417a0: 0500 0048 | 85c9 0f84 | 5500 0000 | 8b89 9c00 | 0000 83f9 | 010f 8546 | 0000 0049 | 8b8f d805 
  0x0000021e442417c0: 0000 8b89 | a000 0000 | 4883 ec20 | 40f6 c40f | 0f84 1900 | 0000 4883 | ec08 48b8 | 00fc 0221 
  0x0000021e442417e0: ff7f 0000 | ffd0 4883 | c408 e90c | 0000 0048 | b800 fc02 | 21ff 7f00 | 00ff d048 | 83c4 20ff 
  0x0000021e44241800: e049 837f | 0800 0f84 | 0500 0000 | e9af f6fe | ff4c 8b6d | c04c 8b75 | c84e 8d74 | f500 c348 
  0x0000021e44241820: 8b5d e8e9 | c7ee ffff 
[/MachCode]

---------------  P R O C E S S  ---------------

Threads class SMR info:
_java_thread_list=0x0000021e53d706e0, length=19, elements={
0x0000021e323048d0, 0x0000021e53a8bbc0, 0x0000021e53a8dbe0, 0x0000021e53a90da0,
0x0000021e53a927e0, 0x0000021e53a90080, 0x0000021e53a90710, 0x0000021e53a9e580,
0x0000021e53aa48f0, 0x0000021e53a91430, 0x0000021e53cc9240, 0x0000021e53c9fc00,
0x0000021e53d57f40, 0x0000021e53a92e70, 0x0000021e53dc62f0, 0x0000021e53a8f9f0,
0x0000021e53a91ac0, 0x0000021e53a92150, 0x0000021e9947c8f0
}

Java Threads: ( => current thread )
  0x0000021e323048d0 JavaThread "main"                              [_thread_blocked, id=1044, stack(0x000000ad00200000,0x000000ad00300000) (1024K)]
  0x0000021e53a8bbc0 JavaThread "Reference Handler"          daemon [_thread_blocked, id=8228, stack(0x000000ad00a00000,0x000000ad00b00000) (1024K)]
  0x0000021e53a8dbe0 JavaThread "Finalizer"                  daemon [_thread_blocked, id=4632, stack(0x000000ad00b00000,0x000000ad00c00000) (1024K)]
  0x0000021e53a90da0 JavaThread "Signal Dispatcher"          daemon [_thread_blocked, id=9536, stack(0x000000ad00c00000,0x000000ad00d00000) (1024K)]
  0x0000021e53a927e0 JavaThread "Attach Listener"            daemon [_thread_blocked, id=17116, stack(0x000000ad00d00000,0x000000ad00e00000) (1024K)]
  0x0000021e53a90080 JavaThread "Service Thread"             daemon [_thread_blocked, id=14524, stack(0x000000ad00e00000,0x000000ad00f00000) (1024K)]
  0x0000021e53a90710 JavaThread "Monitor Deflation Thread"   daemon [_thread_blocked, id=4820, stack(0x000000ad00f00000,0x000000ad01000000) (1024K)]
  0x0000021e53a9e580 JavaThread "C2 CompilerThread0"         daemon [_thread_blocked, id=15232, stack(0x000000ad01000000,0x000000ad01100000) (1024K)]
  0x0000021e53aa48f0 JavaThread "C1 CompilerThread0"         daemon [_thread_blocked, id=1396, stack(0x000000ad01100000,0x000000ad01200000) (1024K)]
  0x0000021e53a91430 JavaThread "Common-Cleaner"             daemon [_thread_blocked, id=10560, stack(0x000000ad01200000,0x000000ad01300000) (1024K)]
  0x0000021e53cc9240 JavaThread "JDWP Transport Listener: dt_socket" daemon [_thread_blocked, id=18400, stack(0x000000ad01300000,0x000000ad01400000) (1024K)]
  0x0000021e53c9fc00 JavaThread "JDWP Event Helper Thread"   daemon [_thread_blocked, id=17296, stack(0x000000ad01400000,0x000000ad01500000) (1024K)]
  0x0000021e53d57f40 JavaThread "JDWP Command Reader"        daemon [_thread_in_native, id=18892, stack(0x000000ad01500000,0x000000ad01600000) (1024K)]
  0x0000021e53a92e70 JavaThread "Notification Thread"        daemon [_thread_blocked, id=10852, stack(0x000000ad01600000,0x000000ad01700000) (1024K)]
  0x0000021e53dc62f0 JavaThread "C2 CompilerThread1"         daemon [_thread_blocked, id=592, stack(0x000000ad01700000,0x000000ad01800000) (1024K)]
  0x0000021e53a8f9f0 JavaThread "JavaFX-Launcher"                   [_thread_blocked, id=8184, stack(0x000000ad01800000,0x000000ad01900000) (1024K)]
  0x0000021e53a91ac0 JavaThread "QuantumRenderer-0"          daemon [_thread_blocked, id=5676, stack(0x000000ad01900000,0x000000ad01a00000) (1024K)]
  0x0000021e53a92150 JavaThread "InvokeLaterDispatcher"      daemon [_thread_blocked, id=18332, stack(0x000000ad01a00000,0x000000ad01b00000) (1024K)]
=>0x0000021e9947c8f0 JavaThread "WindowsNativeRunloopThread"        [_thread_in_vm, id=6184, stack(0x000000ad01b00000,0x000000ad01c00000) (1024K)]
Total: 19

Other Threads:
  0x0000021e53a73a40 VMThread "VM Thread"                           [id=9648, stack(0x000000ad00900000,0x000000ad00a00000) (1024K)]
  0x0000021e53a62f00 WatcherThread "VM Periodic Task Thread"        [id=5160, stack(0x000000ad00800000,0x000000ad00900000) (1024K)]
  0x0000021e34635410 WorkerThread "GC Thread#0"                     [id=996, stack(0x000000ad00300000,0x000000ad00400000) (1024K)]
  0x0000021e3464a010 ConcurrentGCThread "G1 Main Marker"            [id=11436, stack(0x000000ad00400000,0x000000ad00500000) (1024K)]
  0x0000021e3464acd0 WorkerThread "G1 Conc#0"                       [id=16732, stack(0x000000ad00500000,0x000000ad00600000) (1024K)]
  0x0000021e539389c0 ConcurrentGCThread "G1 Refine#0"               [id=9964, stack(0x000000ad00600000,0x000000ad00700000) (1024K)]
  0x0000021e53939350 ConcurrentGCThread "G1 Service"                [id=1964, stack(0x000000ad00700000,0x000000ad00800000) (1024K)]
Total: 7

Threads with active compile tasks:
Total: 0

VM state: not at safepoint (normal execution)

VM Mutex/Monitor currently owned by a thread: None

Heap address: 0x0000000703600000, size: 4042 MB, Compressed Oops mode: Zero based, Oop shift amount: 3

CDS archive(s) mapped at: [0x0000021e54000000-0x0000021e54d70000-0x0000021e54d70000), size 14090240, SharedBaseAddress: 0x0000021e54000000, ArchiveRelocationMode: 1.
Compressed class space mapped at: 0x0000021e55000000-0x0000021e95000000, reserved size: 1073741824
Narrow klass base: 0x0000021e54000000, Narrow klass shift: 0, Narrow klass range: 0x41000000

GC Precious Log:
 CardTable entry size: 512
 Card Set container configuration: InlinePtr #cards 4 size 8 Array Of Cards #cards 16 size 48 Howl #buckets 8 coarsen threshold 3686 Howl Bitmap #cards 512 size 80 coarsen threshold 460 Card regions per heap region 1 cards per card region 4096
 CPUs: 8 total, 8 available
 Memory: 16163M
 Large Page Support: Disabled
 NUMA Support: Disabled
 Compressed Oops: Enabled (Zero based)
 Heap Region Size: 2M
 Heap Min Capacity: 8M
 Heap Initial Capacity: 254M
 Heap Max Capacity: 4042M
 Pre-touch: Disabled
 Parallel Workers: 8
 Concurrent Workers: 2
 Concurrent Refinement Workers: 8
 Periodic GC: Disabled

Heap:
 garbage-first heap   total reserved 4139008K, committed 260096K, used 16384K [0x0000000703600000, 0x0000000800000000)
  region size 2048K, 8 young (16384K), 0 survivors (0K)
 Metaspace       used 3686K, committed 3968K, reserved 1114112K
  class space    used 364K, committed 512K, reserved 1048576K

Heap Regions: E=young(eden), S=young(survivor), O=old, HS=humongous(starts), HC=humongous(continues), CS=collection set, F=free, TAMS=top-at-mark-start, PB=parsable bottom
|   0|0x0000000703600000, 0x0000000703800000, 0x0000000703800000|100%|HS|  |TAMS 0x0000000703600000| PB 0x0000000703600000| Complete |  0
|   1|0x0000000703800000, 0x0000000703800000, 0x0000000703a00000|  0%| F|  |TAMS 0x0000000703800000| PB 0x0000000703800000| Untracked |  0
|   2|0x0000000703a00000, 0x0000000703a00000, 0x0000000703c00000|  0%| F|  |TAMS 0x0000000703a00000| PB 0x0000000703a00000| Untracked |  0
|   3|0x0000000703c00000, 0x0000000703c00000, 0x0000000703e00000|  0%| F|  |TAMS 0x0000000703c00000| PB 0x0000000703c00000| Untracked |  0
|   4|0x0000000703e00000, 0x0000000703e00000, 0x0000000704000000|  0%| F|  |TAMS 0x0000000703e00000| PB 0x0000000703e00000| Untracked |  0
|   5|0x0000000704000000, 0x0000000704000000, 0x0000000704200000|  0%| F|  |TAMS 0x0000000704000000| PB 0x0000000704000000| Untracked |  0
|   6|0x0000000704200000, 0x0000000704200000, 0x0000000704400000|  0%| F|  |TAMS 0x0000000704200000| PB 0x0000000704200000| Untracked |  0
|   7|0x0000000704400000, 0x0000000704400000, 0x0000000704600000|  0%| F|  |TAMS 0x0000000704400000| PB 0x0000000704400000| Untracked |  0
|   8|0x0000000704600000, 0x0000000704600000, 0x0000000704800000|  0%| F|  |TAMS 0x0000000704600000| PB 0x0000000704600000| Untracked |  0
|   9|0x0000000704800000, 0x0000000704800000, 0x0000000704a00000|  0%| F|  |TAMS 0x0000000704800000| PB 0x0000000704800000| Untracked |  0
|  10|0x0000000704a00000, 0x0000000704a00000, 0x0000000704c00000|  0%| F|  |TAMS 0x0000000704a00000| PB 0x0000000704a00000| Untracked |  0
|  11|0x0000000704c00000, 0x0000000704c00000, 0x0000000704e00000|  0%| F|  |TAMS 0x0000000704c00000| PB 0x0000000704c00000| Untracked |  0
|  12|0x0000000704e00000, 0x0000000704e00000, 0x0000000705000000|  0%| F|  |TAMS 0x0000000704e00000| PB 0x0000000704e00000| Untracked |  0
|  13|0x0000000705000000, 0x0000000705000000, 0x0000000705200000|  0%| F|  |TAMS 0x0000000705000000| PB 0x0000000705000000| Untracked |  0
|  14|0x0000000705200000, 0x0000000705200000, 0x0000000705400000|  0%| F|  |TAMS 0x0000000705200000| PB 0x0000000705200000| Untracked |  0
|  15|0x0000000705400000, 0x0000000705400000, 0x0000000705600000|  0%| F|  |TAMS 0x0000000705400000| PB 0x0000000705400000| Untracked |  0
|  16|0x0000000705600000, 0x0000000705600000, 0x0000000705800000|  0%| F|  |TAMS 0x0000000705600000| PB 0x0000000705600000| Untracked |  0
|  17|0x0000000705800000, 0x0000000705800000, 0x0000000705a00000|  0%| F|  |TAMS 0x0000000705800000| PB 0x0000000705800000| Untracked |  0
|  18|0x0000000705a00000, 0x0000000705a00000, 0x0000000705c00000|  0%| F|  |TAMS 0x0000000705a00000| PB 0x0000000705a00000| Untracked |  0
|  19|0x0000000705c00000, 0x0000000705c00000, 0x0000000705e00000|  0%| F|  |TAMS 0x0000000705c00000| PB 0x0000000705c00000| Untracked |  0
|  20|0x0000000705e00000, 0x0000000705e00000, 0x0000000706000000|  0%| F|  |TAMS 0x0000000705e00000| PB 0x0000000705e00000| Untracked |  0
|  21|0x0000000706000000, 0x0000000706000000, 0x0000000706200000|  0%| F|  |TAMS 0x0000000706000000| PB 0x0000000706000000| Untracked |  0
|  22|0x0000000706200000, 0x0000000706200000, 0x0000000706400000|  0%| F|  |TAMS 0x0000000706200000| PB 0x0000000706200000| Untracked |  0
|  23|0x0000000706400000, 0x0000000706400000, 0x0000000706600000|  0%| F|  |TAMS 0x0000000706400000| PB 0x0000000706400000| Untracked |  0
|  24|0x0000000706600000, 0x0000000706600000, 0x0000000706800000|  0%| F|  |TAMS 0x0000000706600000| PB 0x0000000706600000| Untracked |  0
|  25|0x0000000706800000, 0x0000000706800000, 0x0000000706a00000|  0%| F|  |TAMS 0x0000000706800000| PB 0x0000000706800000| Untracked |  0
|  26|0x0000000706a00000, 0x0000000706a00000, 0x0000000706c00000|  0%| F|  |TAMS 0x0000000706a00000| PB 0x0000000706a00000| Untracked |  0
|  27|0x0000000706c00000, 0x0000000706c00000, 0x0000000706e00000|  0%| F|  |TAMS 0x0000000706c00000| PB 0x0000000706c00000| Untracked |  0
|  28|0x0000000706e00000, 0x0000000706e00000, 0x0000000707000000|  0%| F|  |TAMS 0x0000000706e00000| PB 0x0000000706e00000| Untracked |  0
|  29|0x0000000707000000, 0x0000000707000000, 0x0000000707200000|  0%| F|  |TAMS 0x0000000707000000| PB 0x0000000707000000| Untracked |  0
|  30|0x0000000707200000, 0x0000000707200000, 0x0000000707400000|  0%| F|  |TAMS 0x0000000707200000| PB 0x0000000707200000| Untracked |  0
|  31|0x0000000707400000, 0x0000000707400000, 0x0000000707600000|  0%| F|  |TAMS 0x0000000707400000| PB 0x0000000707400000| Untracked |  0
|  32|0x0000000707600000, 0x0000000707600000, 0x0000000707800000|  0%| F|  |TAMS 0x0000000707600000| PB 0x0000000707600000| Untracked |  0
|  33|0x0000000707800000, 0x0000000707800000, 0x0000000707a00000|  0%| F|  |TAMS 0x0000000707800000| PB 0x0000000707800000| Untracked |  0
|  34|0x0000000707a00000, 0x0000000707a00000, 0x0000000707c00000|  0%| F|  |TAMS 0x0000000707a00000| PB 0x0000000707a00000| Untracked |  0
|  35|0x0000000707c00000, 0x0000000707c00000, 0x0000000707e00000|  0%| F|  |TAMS 0x0000000707c00000| PB 0x0000000707c00000| Untracked |  0
|  36|0x0000000707e00000, 0x0000000707e00000, 0x0000000708000000|  0%| F|  |TAMS 0x0000000707e00000| PB 0x0000000707e00000| Untracked |  0
|  37|0x0000000708000000, 0x0000000708000000, 0x0000000708200000|  0%| F|  |TAMS 0x0000000708000000| PB 0x0000000708000000| Untracked |  0
|  38|0x0000000708200000, 0x0000000708200000, 0x0000000708400000|  0%| F|  |TAMS 0x0000000708200000| PB 0x0000000708200000| Untracked |  0
|  39|0x0000000708400000, 0x0000000708400000, 0x0000000708600000|  0%| F|  |TAMS 0x0000000708400000| PB 0x0000000708400000| Untracked |  0
|  40|0x0000000708600000, 0x0000000708600000, 0x0000000708800000|  0%| F|  |TAMS 0x0000000708600000| PB 0x0000000708600000| Untracked |  0
|  41|0x0000000708800000, 0x0000000708800000, 0x0000000708a00000|  0%| F|  |TAMS 0x0000000708800000| PB 0x0000000708800000| Untracked |  0
|  42|0x0000000708a00000, 0x0000000708a00000, 0x0000000708c00000|  0%| F|  |TAMS 0x0000000708a00000| PB 0x0000000708a00000| Untracked |  0
|  43|0x0000000708c00000, 0x0000000708c00000, 0x0000000708e00000|  0%| F|  |TAMS 0x0000000708c00000| PB 0x0000000708c00000| Untracked |  0
|  44|0x0000000708e00000, 0x0000000708e00000, 0x0000000709000000|  0%| F|  |TAMS 0x0000000708e00000| PB 0x0000000708e00000| Untracked |  0
|  45|0x0000000709000000, 0x0000000709000000, 0x0000000709200000|  0%| F|  |TAMS 0x0000000709000000| PB 0x0000000709000000| Untracked |  0
|  46|0x0000000709200000, 0x0000000709200000, 0x0000000709400000|  0%| F|  |TAMS 0x0000000709200000| PB 0x0000000709200000| Untracked |  0
|  47|0x0000000709400000, 0x0000000709400000, 0x0000000709600000|  0%| F|  |TAMS 0x0000000709400000| PB 0x0000000709400000| Untracked |  0
|  48|0x0000000709600000, 0x0000000709600000, 0x0000000709800000|  0%| F|  |TAMS 0x0000000709600000| PB 0x0000000709600000| Untracked |  0
|  49|0x0000000709800000, 0x0000000709800000, 0x0000000709a00000|  0%| F|  |TAMS 0x0000000709800000| PB 0x0000000709800000| Untracked |  0
|  50|0x0000000709a00000, 0x0000000709a00000, 0x0000000709c00000|  0%| F|  |TAMS 0x0000000709a00000| PB 0x0000000709a00000| Untracked |  0
|  51|0x0000000709c00000, 0x0000000709c00000, 0x0000000709e00000|  0%| F|  |TAMS 0x0000000709c00000| PB 0x0000000709c00000| Untracked |  0
|  52|0x0000000709e00000, 0x0000000709e00000, 0x000000070a000000|  0%| F|  |TAMS 0x0000000709e00000| PB 0x0000000709e00000| Untracked |  0
|  53|0x000000070a000000, 0x000000070a000000, 0x000000070a200000|  0%| F|  |TAMS 0x000000070a000000| PB 0x000000070a000000| Untracked |  0
|  54|0x000000070a200000, 0x000000070a200000, 0x000000070a400000|  0%| F|  |TAMS 0x000000070a200000| PB 0x000000070a200000| Untracked |  0
|  55|0x000000070a400000, 0x000000070a400000, 0x000000070a600000|  0%| F|  |TAMS 0x000000070a400000| PB 0x000000070a400000| Untracked |  0
|  56|0x000000070a600000, 0x000000070a600000, 0x000000070a800000|  0%| F|  |TAMS 0x000000070a600000| PB 0x000000070a600000| Untracked |  0
|  57|0x000000070a800000, 0x000000070a800000, 0x000000070aa00000|  0%| F|  |TAMS 0x000000070a800000| PB 0x000000070a800000| Untracked |  0
|  58|0x000000070aa00000, 0x000000070aa00000, 0x000000070ac00000|  0%| F|  |TAMS 0x000000070aa00000| PB 0x000000070aa00000| Untracked |  0
|  59|0x000000070ac00000, 0x000000070ac00000, 0x000000070ae00000|  0%| F|  |TAMS 0x000000070ac00000| PB 0x000000070ac00000| Untracked |  0
|  60|0x000000070ae00000, 0x000000070ae00000, 0x000000070b000000|  0%| F|  |TAMS 0x000000070ae00000| PB 0x000000070ae00000| Untracked |  0
|  61|0x000000070b000000, 0x000000070b000000, 0x000000070b200000|  0%| F|  |TAMS 0x000000070b000000| PB 0x000000070b000000| Untracked |  0
|  62|0x000000070b200000, 0x000000070b200000, 0x000000070b400000|  0%| F|  |TAMS 0x000000070b200000| PB 0x000000070b200000| Untracked |  0
|  63|0x000000070b400000, 0x000000070b400000, 0x000000070b600000|  0%| F|  |TAMS 0x000000070b400000| PB 0x000000070b400000| Untracked |  0
|  64|0x000000070b600000, 0x000000070b600000, 0x000000070b800000|  0%| F|  |TAMS 0x000000070b600000| PB 0x000000070b600000| Untracked |  0
|  65|0x000000070b800000, 0x000000070b800000, 0x000000070ba00000|  0%| F|  |TAMS 0x000000070b800000| PB 0x000000070b800000| Untracked |  0
|  66|0x000000070ba00000, 0x000000070ba00000, 0x000000070bc00000|  0%| F|  |TAMS 0x000000070ba00000| PB 0x000000070ba00000| Untracked |  0
|  67|0x000000070bc00000, 0x000000070bc00000, 0x000000070be00000|  0%| F|  |TAMS 0x000000070bc00000| PB 0x000000070bc00000| Untracked |  0
|  68|0x000000070be00000, 0x000000070be00000, 0x000000070c000000|  0%| F|  |TAMS 0x000000070be00000| PB 0x000000070be00000| Untracked |  0
|  69|0x000000070c000000, 0x000000070c000000, 0x000000070c200000|  0%| F|  |TAMS 0x000000070c000000| PB 0x000000070c000000| Untracked |  0
|  70|0x000000070c200000, 0x000000070c200000, 0x000000070c400000|  0%| F|  |TAMS 0x000000070c200000| PB 0x000000070c200000| Untracked |  0
|  71|0x000000070c400000, 0x000000070c400000, 0x000000070c600000|  0%| F|  |TAMS 0x000000070c400000| PB 0x000000070c400000| Untracked |  0
|  72|0x000000070c600000, 0x000000070c600000, 0x000000070c800000|  0%| F|  |TAMS 0x000000070c600000| PB 0x000000070c600000| Untracked |  0
|  73|0x000000070c800000, 0x000000070c800000, 0x000000070ca00000|  0%| F|  |TAMS 0x000000070c800000| PB 0x000000070c800000| Untracked |  0
|  74|0x000000070ca00000, 0x000000070ca00000, 0x000000070cc00000|  0%| F|  |TAMS 0x000000070ca00000| PB 0x000000070ca00000| Untracked |  0
|  75|0x000000070cc00000, 0x000000070cc00000, 0x000000070ce00000|  0%| F|  |TAMS 0x000000070cc00000| PB 0x000000070cc00000| Untracked |  0
|  76|0x000000070ce00000, 0x000000070ce00000, 0x000000070d000000|  0%| F|  |TAMS 0x000000070ce00000| PB 0x000000070ce00000| Untracked |  0
|  77|0x000000070d000000, 0x000000070d000000, 0x000000070d200000|  0%| F|  |TAMS 0x000000070d000000| PB 0x000000070d000000| Untracked |  0
|  78|0x000000070d200000, 0x000000070d200000, 0x000000070d400000|  0%| F|  |TAMS 0x000000070d200000| PB 0x000000070d200000| Untracked |  0
|  79|0x000000070d400000, 0x000000070d400000, 0x000000070d600000|  0%| F|  |TAMS 0x000000070d400000| PB 0x000000070d400000| Untracked |  0
|  80|0x000000070d600000, 0x000000070d600000, 0x000000070d800000|  0%| F|  |TAMS 0x000000070d600000| PB 0x000000070d600000| Untracked |  0
|  81|0x000000070d800000, 0x000000070d800000, 0x000000070da00000|  0%| F|  |TAMS 0x000000070d800000| PB 0x000000070d800000| Untracked |  0
|  82|0x000000070da00000, 0x000000070da00000, 0x000000070dc00000|  0%| F|  |TAMS 0x000000070da00000| PB 0x000000070da00000| Untracked |  0
|  83|0x000000070dc00000, 0x000000070dc00000, 0x000000070de00000|  0%| F|  |TAMS 0x000000070dc00000| PB 0x000000070dc00000| Untracked |  0
|  84|0x000000070de00000, 0x000000070de00000, 0x000000070e000000|  0%| F|  |TAMS 0x000000070de00000| PB 0x000000070de00000| Untracked |  0
|  85|0x000000070e000000, 0x000000070e000000, 0x000000070e200000|  0%| F|  |TAMS 0x000000070e000000| PB 0x000000070e000000| Untracked |  0
|  86|0x000000070e200000, 0x000000070e200000, 0x000000070e400000|  0%| F|  |TAMS 0x000000070e200000| PB 0x000000070e200000| Untracked |  0
|  87|0x000000070e400000, 0x000000070e400000, 0x000000070e600000|  0%| F|  |TAMS 0x000000070e400000| PB 0x000000070e400000| Untracked |  0
|  88|0x000000070e600000, 0x000000070e600000, 0x000000070e800000|  0%| F|  |TAMS 0x000000070e600000| PB 0x000000070e600000| Untracked |  0
|  89|0x000000070e800000, 0x000000070e800000, 0x000000070ea00000|  0%| F|  |TAMS 0x000000070e800000| PB 0x000000070e800000| Untracked |  0
|  90|0x000000070ea00000, 0x000000070ea00000, 0x000000070ec00000|  0%| F|  |TAMS 0x000000070ea00000| PB 0x000000070ea00000| Untracked |  0
|  91|0x000000070ec00000, 0x000000070ec00000, 0x000000070ee00000|  0%| F|  |TAMS 0x000000070ec00000| PB 0x000000070ec00000| Untracked |  0
|  92|0x000000070ee00000, 0x000000070ee00000, 0x000000070f000000|  0%| F|  |TAMS 0x000000070ee00000| PB 0x000000070ee00000| Untracked |  0
|  93|0x000000070f000000, 0x000000070f000000, 0x000000070f200000|  0%| F|  |TAMS 0x000000070f000000| PB 0x000000070f000000| Untracked |  0
|  94|0x000000070f200000, 0x000000070f200000, 0x000000070f400000|  0%| F|  |TAMS 0x000000070f200000| PB 0x000000070f200000| Untracked |  0
|  95|0x000000070f400000, 0x000000070f400000, 0x000000070f600000|  0%| F|  |TAMS 0x000000070f400000| PB 0x000000070f400000| Untracked |  0
|  96|0x000000070f600000, 0x000000070f600000, 0x000000070f800000|  0%| F|  |TAMS 0x000000070f600000| PB 0x000000070f600000| Untracked |  0
|  97|0x000000070f800000, 0x000000070f800000, 0x000000070fa00000|  0%| F|  |TAMS 0x000000070f800000| PB 0x000000070f800000| Untracked |  0
|  98|0x000000070fa00000, 0x000000070fa00000, 0x000000070fc00000|  0%| F|  |TAMS 0x000000070fa00000| PB 0x000000070fa00000| Untracked |  0
|  99|0x000000070fc00000, 0x000000070fc00000, 0x000000070fe00000|  0%| F|  |TAMS 0x000000070fc00000| PB 0x000000070fc00000| Untracked |  0
| 100|0x000000070fe00000, 0x000000070fe00000, 0x0000000710000000|  0%| F|  |TAMS 0x000000070fe00000| PB 0x000000070fe00000| Untracked |  0
| 101|0x0000000710000000, 0x0000000710000000, 0x0000000710200000|  0%| F|  |TAMS 0x0000000710000000| PB 0x0000000710000000| Untracked |  0
| 102|0x0000000710200000, 0x0000000710200000, 0x0000000710400000|  0%| F|  |TAMS 0x0000000710200000| PB 0x0000000710200000| Untracked |  0
| 103|0x0000000710400000, 0x0000000710400000, 0x0000000710600000|  0%| F|  |TAMS 0x0000000710400000| PB 0x0000000710400000| Untracked |  0
| 104|0x0000000710600000, 0x0000000710600000, 0x0000000710800000|  0%| F|  |TAMS 0x0000000710600000| PB 0x0000000710600000| Untracked |  0
| 105|0x0000000710800000, 0x0000000710800000, 0x0000000710a00000|  0%| F|  |TAMS 0x0000000710800000| PB 0x0000000710800000| Untracked |  0
| 106|0x0000000710a00000, 0x0000000710a00000, 0x0000000710c00000|  0%| F|  |TAMS 0x0000000710a00000| PB 0x0000000710a00000| Untracked |  0
| 107|0x0000000710c00000, 0x0000000710c00000, 0x0000000710e00000|  0%| F|  |TAMS 0x0000000710c00000| PB 0x0000000710c00000| Untracked |  0
| 108|0x0000000710e00000, 0x0000000710e00000, 0x0000000711000000|  0%| F|  |TAMS 0x0000000710e00000| PB 0x0000000710e00000| Untracked |  0
| 109|0x0000000711000000, 0x0000000711000000, 0x0000000711200000|  0%| F|  |TAMS 0x0000000711000000| PB 0x0000000711000000| Untracked |  0
| 110|0x0000000711200000, 0x0000000711200000, 0x0000000711400000|  0%| F|  |TAMS 0x0000000711200000| PB 0x0000000711200000| Untracked |  0
| 111|0x0000000711400000, 0x0000000711400000, 0x0000000711600000|  0%| F|  |TAMS 0x0000000711400000| PB 0x0000000711400000| Untracked |  0
| 112|0x0000000711600000, 0x0000000711600000, 0x0000000711800000|  0%| F|  |TAMS 0x0000000711600000| PB 0x0000000711600000| Untracked |  0
| 113|0x0000000711800000, 0x0000000711800000, 0x0000000711a00000|  0%| F|  |TAMS 0x0000000711800000| PB 0x0000000711800000| Untracked |  0
| 114|0x0000000711a00000, 0x0000000711a00000, 0x0000000711c00000|  0%| F|  |TAMS 0x0000000711a00000| PB 0x0000000711a00000| Untracked |  0
| 115|0x0000000711c00000, 0x0000000711c00000, 0x0000000711e00000|  0%| F|  |TAMS 0x0000000711c00000| PB 0x0000000711c00000| Untracked |  0
| 116|0x0000000711e00000, 0x0000000711e00000, 0x0000000712000000|  0%| F|  |TAMS 0x0000000711e00000| PB 0x0000000711e00000| Untracked |  0
| 117|0x0000000712000000, 0x0000000712000000, 0x0000000712200000|  0%| F|  |TAMS 0x0000000712000000| PB 0x0000000712000000| Untracked |  0
| 118|0x0000000712200000, 0x0000000712200000, 0x0000000712400000|  0%| F|  |TAMS 0x0000000712200000| PB 0x0000000712200000| Untracked |  0
| 119|0x0000000712400000, 0x0000000712600000, 0x0000000712600000|100%| E|  |TAMS 0x0000000712400000| PB 0x0000000712400000| Complete |  0
| 120|0x0000000712600000, 0x0000000712800000, 0x0000000712800000|100%| E|CS|TAMS 0x0000000712600000| PB 0x0000000712600000| Complete |  0
| 121|0x0000000712800000, 0x0000000712a00000, 0x0000000712a00000|100%| E|CS|TAMS 0x0000000712800000| PB 0x0000000712800000| Complete |  0
| 122|0x0000000712a00000, 0x0000000712c00000, 0x0000000712c00000|100%| E|CS|TAMS 0x0000000712a00000| PB 0x0000000712a00000| Complete |  0
| 123|0x0000000712c00000, 0x0000000712e00000, 0x0000000712e00000|100%| E|CS|TAMS 0x0000000712c00000| PB 0x0000000712c00000| Complete |  0
| 124|0x0000000712e00000, 0x0000000713000000, 0x0000000713000000|100%| E|CS|TAMS 0x0000000712e00000| PB 0x0000000712e00000| Complete |  0
| 125|0x0000000713000000, 0x0000000713200000, 0x0000000713200000|100%| E|CS|TAMS 0x0000000713000000| PB 0x0000000713000000| Complete |  0
| 126|0x0000000713200000, 0x0000000713400000, 0x0000000713400000|100%| E|CS|TAMS 0x0000000713200000| PB 0x0000000713200000| Complete |  0

Card table byte_map: [0x0000021e4c930000,0x0000021e4d120000] _byte_map_base: 0x0000021e49115000

Marking Bits: (CMBitMap*) 0x0000021e34635b20
 Bits: [0x0000021e4d120000, 0x0000021e51048000)

Polling page: 0x0000021e323f0000

Metaspace:

Usage:
  Non-class:      3.24 MB used.
      Class:    364.28 KB used.
       Both:      3.60 MB used.

Virtual space:
  Non-class space:       64.00 MB reserved,       3.38 MB (  5%) committed,  1 nodes.
      Class space:        1.00 GB reserved,     512.00 KB ( <1%) committed,  1 nodes.
             Both:        1.06 GB reserved,       3.88 MB ( <1%) committed. 

Chunk freelists:
   Non-Class:  10.91 MB
       Class:  15.54 MB
        Both:  26.46 MB

MaxMetaspaceSize: unlimited
CompressedClassSpaceSize: 1.00 GB
Initial GC threshold: 21.00 MB
Current GC threshold: 21.00 MB
CDS: on
 - commit_granule_bytes: 65536.
 - commit_granule_words: 8192.
 - virtual_space_node_default_size: 8388608.
 - enlarge_chunks_in_place: 1.
 - use_allocation_guard: 0.


Internal statistics:

num_allocs_failed_limit: 0.
num_arena_births: 114.
num_arena_deaths: 0.
num_vsnodes_births: 2.
num_vsnodes_deaths: 0.
num_space_committed: 62.
num_space_uncommitted: 0.
num_chunks_returned_to_freelist: 0.
num_chunks_taken_from_freelist: 188.
num_chunk_merges: 0.
num_chunk_splits: 120.
num_chunks_enlarged: 69.
num_inconsistent_stats: 0.

CodeHeap 'non-profiled nmethods': size=120064Kb used=271Kb max_used=271Kb free=119792Kb
 bounds [0x0000021e447c0000, 0x0000021e44a30000, 0x0000021e4bd00000]
CodeHeap 'profiled nmethods': size=120000Kb used=1077Kb max_used=1077Kb free=118922Kb
 bounds [0x0000021e3cd00000, 0x0000021e3cf70000, 0x0000021e44230000]
CodeHeap 'non-nmethods': size=5696Kb used=1574Kb max_used=1599Kb free=4121Kb
 bounds [0x0000021e44230000, 0x0000021e444a0000, 0x0000021e447c0000]
CodeCache: size=245760Kb, used=2922Kb, max_used=2947Kb, free=242835Kb
 total_blobs=1431, nmethods=928, adapters=409, full_count=0
Compilation: enabled, stopped_count=0, restarted_count=0

Compilation events (20 events):
Event: 0.656 Thread 0x0000021e53aa48f0  912       3       java.util.concurrent.locks.ReentrantLock$Sync::tryRelease (51 bytes)
Event: 0.657 Thread 0x0000021e53aa48f0 nmethod 912 0x0000021e3ce08808 code [0x0000021e3ce08940, 0x0000021e3ce08c68]
Event: 0.657 Thread 0x0000021e53aa48f0  913       3       java.lang.invoke.DirectMethodHandle::preparedLambdaForm (31 bytes)
Event: 0.657 Thread 0x0000021e53aa48f0 nmethod 913 0x0000021e3ce08d08 code [0x0000021e3ce08e80, 0x0000021e3ce09328]
Event: 0.657 Thread 0x0000021e53aa48f0  914       3       org.jetbrains.capture.org.objectweb.asm.SymbolTable::addConstantUtf8 (20 bytes)
Event: 0.657 Thread 0x0000021e53aa48f0 nmethod 914 0x0000021e3ce09388 code [0x0000021e3ce094e0, 0x0000021e3ce097a8]
Event: 0.657 Thread 0x0000021e53aa48f0  915       3       org.jetbrains.capture.org.objectweb.asm.ClassReader::readInt (52 bytes)
Event: 0.657 Thread 0x0000021e53aa48f0 nmethod 915 0x0000021e3ce09808 code [0x0000021e3ce09920, 0x0000021e3ce09af8]
Event: 0.658 Thread 0x0000021e53aa48f0  916       3       jdk.internal.org.objectweb.asm.MethodWriter::visitMethodInsn (191 bytes)
Event: 0.658 Thread 0x0000021e53aa48f0 nmethod 916 0x0000021e3ce09b08 code [0x0000021e3ce09cc0, 0x0000021e3ce0a428]
Event: 0.658 Thread 0x0000021e53aa48f0  917       3       jdk.internal.org.objectweb.asm.SymbolTable::addConstantMethodref (24 bytes)
Event: 0.658 Thread 0x0000021e53aa48f0 nmethod 917 0x0000021e3ce0a488 code [0x0000021e3ce0a5a0, 0x0000021e3ce0a758]
Event: 0.658 Thread 0x0000021e53aa48f0  918       3       jdk.internal.org.objectweb.asm.MethodVisitor::<init> (78 bytes)
Event: 0.659 Thread 0x0000021e53aa48f0 nmethod 918 0x0000021e3ce0a788 code [0x0000021e3ce0a940, 0x0000021e3ce0b160]
Event: 0.659 Thread 0x0000021e53aa48f0  923       3       jdk.internal.org.objectweb.asm.SymbolTable::addTypeInternal (85 bytes)
Event: 0.659 Thread 0x0000021e53aa48f0 nmethod 923 0x0000021e3ce0b208 code [0x0000021e3ce0b360, 0x0000021e3ce0b980]
Event: 0.659 Thread 0x0000021e53aa48f0  924       3       java.security.AccessController::doPrivileged (9 bytes)
Event: 0.660 Thread 0x0000021e53aa48f0 nmethod 924 0x0000021e3ce0ba08 code [0x0000021e3ce0bb60, 0x0000021e3ce0bed8]
Event: 0.660 Thread 0x0000021e53aa48f0  926       3       jdk.internal.org.objectweb.asm.Type::getTypeInternal (218 bytes)
Event: 0.660 Thread 0x0000021e53aa48f0 nmethod 926 0x0000021e3ce0bf08 code [0x0000021e3ce0c1e0, 0x0000021e3ce0d4d0]

GC Heap History (0 events):
No events

Dll operation events (20 events):
Event: 0.547 Loaded shared library C:\Users\USER\.openjfx\cache\17.0.6+3\amd64\api-ms-win-crt-heap-l1-1-0.dll
Event: 0.550 Loaded shared library C:\Users\USER\.openjfx\cache\17.0.6+3\amd64\api-ms-win-crt-locale-l1-1-0.dll
Event: 0.553 Loaded shared library C:\Users\USER\.openjfx\cache\17.0.6+3\amd64\api-ms-win-crt-math-l1-1-0.dll
Event: 0.555 Loaded shared library C:\Users\USER\.openjfx\cache\17.0.6+3\amd64\api-ms-win-crt-multibyte-l1-1-0.dll
Event: 0.557 Loaded shared library C:\Users\USER\.openjfx\cache\17.0.6+3\amd64\api-ms-win-crt-private-l1-1-0.dll
Event: 0.559 Loaded shared library C:\Users\USER\.openjfx\cache\17.0.6+3\amd64\api-ms-win-crt-process-l1-1-0.dll
Event: 0.565 Loaded shared library C:\Users\USER\.openjfx\cache\17.0.6+3\amd64\api-ms-win-crt-runtime-l1-1-0.dll
Event: 0.567 Loaded shared library C:\Users\USER\.openjfx\cache\17.0.6+3\amd64\api-ms-win-crt-stdio-l1-1-0.dll
Event: 0.569 Loaded shared library C:\Users\USER\.openjfx\cache\17.0.6+3\amd64\api-ms-win-crt-string-l1-1-0.dll
Event: 0.571 Loaded shared library C:\Users\USER\.openjfx\cache\17.0.6+3\amd64\api-ms-win-crt-time-l1-1-0.dll
Event: 0.573 Loaded shared library C:\Users\USER\.openjfx\cache\17.0.6+3\amd64\api-ms-win-crt-utility-l1-1-0.dll
Event: 0.582 Loaded shared library C:\Users\USER\.openjfx\cache\17.0.6+3\amd64\ucrtbase.dll
Event: 0.585 Loaded shared library C:\Users\USER\.openjfx\cache\17.0.6+3\amd64\vcruntime140.dll
Event: 0.587 Loaded shared library C:\Users\USER\.openjfx\cache\17.0.6+3\amd64\vcruntime140_1.dll
Event: 0.592 Loaded shared library C:\Users\USER\.openjfx\cache\17.0.6+3\amd64\msvcp140.dll
Event: 0.594 Loaded shared library C:\Users\USER\.openjfx\cache\17.0.6+3\amd64\msvcp140_1.dll
Event: 0.597 Loaded shared library C:\Users\USER\.openjfx\cache\17.0.6+3\amd64\msvcp140_2.dll
Event: 0.623 Loaded shared library C:\Users\USER\.openjfx\cache\17.0.6+3\amd64\prism_d3d.dll
Event: 0.640 Loaded shared library C:\Users\USER\.openjfx\cache\17.0.6+3\amd64\prism_sw.dll
Event: 0.656 Loaded shared library C:\Users\USER\.openjfx\cache\17.0.6+3\amd64\glass.dll

Deoptimization events (20 events):
Event: 0.476 Thread 0x0000021e53a8f9f0 Uncommon trap: trap_request=0xffffff45 fr.pc=0x0000021e447cfc78 relative=0x0000000000000b38
Event: 0.476 Thread 0x0000021e53a8f9f0 Uncommon trap: reason=unstable_if action=reinterpret pc=0x0000021e447cfc78 method=java.util.HashMap.putVal(ILjava/lang/Object;Ljava/lang/Object;ZZ)Ljava/lang/Object; @ 181 c2
Event: 0.476 Thread 0x0000021e53a8f9f0 DEOPT PACKING pc=0x0000021e447cfc78 sp=0x000000ad018fed00
Event: 0.476 Thread 0x0000021e53a8f9f0 DEOPT UNPACKING pc=0x0000021e44287982 sp=0x000000ad018fecc0 mode 2
Event: 0.646 Thread 0x0000021e53a91ac0 Uncommon trap: trap_request=0xffffffde fr.pc=0x0000021e447f17e0 relative=0x00000000000003a0
Event: 0.646 Thread 0x0000021e53a91ac0 Uncommon trap: reason=class_check action=maybe_recompile pc=0x0000021e447f17e0 method=java.util.HashMap.getNode(Ljava/lang/Object;)Ljava/util/HashMap$Node; @ 82 c2
Event: 0.646 Thread 0x0000021e53a91ac0 DEOPT PACKING pc=0x0000021e447f17e0 sp=0x000000ad019fc5f0
Event: 0.646 Thread 0x0000021e53a91ac0 DEOPT UNPACKING pc=0x0000021e44287982 sp=0x000000ad019fc590 mode 2
Event: 0.646 Thread 0x0000021e53a91ac0 Uncommon trap: trap_request=0xffffffde fr.pc=0x0000021e447f17e0 relative=0x00000000000003a0
Event: 0.646 Thread 0x0000021e53a91ac0 Uncommon trap: reason=class_check action=maybe_recompile pc=0x0000021e447f17e0 method=java.util.HashMap.getNode(Ljava/lang/Object;)Ljava/util/HashMap$Node; @ 82 c2
Event: 0.646 Thread 0x0000021e53a91ac0 DEOPT PACKING pc=0x0000021e447f17e0 sp=0x000000ad019fc6d0
Event: 0.646 Thread 0x0000021e53a91ac0 DEOPT UNPACKING pc=0x0000021e44287982 sp=0x000000ad019fc660 mode 2
Event: 0.656 Thread 0x0000021e53a8f9f0 Uncommon trap: trap_request=0xffffff45 fr.pc=0x0000021e447e5c50 relative=0x0000000000000150
Event: 0.656 Thread 0x0000021e53a8f9f0 Uncommon trap: reason=unstable_if action=reinterpret pc=0x0000021e447e5c50 method=java.util.concurrent.locks.ReentrantLock$NonfairSync.initialTryLock()Z @ 10 c2
Event: 0.656 Thread 0x0000021e53a8f9f0 DEOPT PACKING pc=0x0000021e447e5c50 sp=0x000000ad018fe060
Event: 0.656 Thread 0x0000021e53a8f9f0 DEOPT UNPACKING pc=0x0000021e44287982 sp=0x000000ad018fe008 mode 2
Event: 0.656 Thread 0x0000021e53a8f9f0 Uncommon trap: trap_request=0xffffff45 fr.pc=0x0000021e447e65c8 relative=0x00000000000000c8
Event: 0.656 Thread 0x0000021e53a8f9f0 Uncommon trap: reason=unstable_if action=reinterpret pc=0x0000021e447e65c8 method=java.util.concurrent.locks.ReentrantLock$Sync.tryRelease(I)Z @ 26 c2
Event: 0.656 Thread 0x0000021e53a8f9f0 DEOPT PACKING pc=0x0000021e447e65c8 sp=0x000000ad018fe050
Event: 0.656 Thread 0x0000021e53a8f9f0 DEOPT UNPACKING pc=0x0000021e44287982 sp=0x000000ad018fe000 mode 2

Classes loaded (20 events):
Event: 0.651 Loading class java/lang/ProcessEnvironment$CheckedEntrySet
Event: 0.651 Loading class java/lang/ProcessEnvironment$CheckedEntrySet done
Event: 0.651 Loading class java/lang/ProcessEnvironment$CheckedEntrySet$1
Event: 0.651 Loading class java/lang/ProcessEnvironment$CheckedEntrySet$1 done
Event: 0.651 Loading class java/lang/ProcessEnvironment$CheckedEntry
Event: 0.651 Loading class java/lang/ProcessEnvironment$CheckedEntry done
Event: 0.656 Loading class java/lang/Throwable$WrappedPrintStream
Event: 0.656 Loading class java/lang/Throwable$PrintStreamOrWriter
Event: 0.656 Loading class java/lang/Throwable$PrintStreamOrWriter done
Event: 0.656 Loading class java/lang/Throwable$WrappedPrintStream done
Event: 0.657 Loading class com/sun/glass/ui/InvokeLaterDispatcher
Event: 0.657 Loading class com/sun/glass/ui/InvokeLaterDispatcher done
Event: 0.657 Loading class java/util/concurrent/BlockingDeque
Event: 0.657 Loading class java/util/concurrent/BlockingDeque done
Event: 0.657 Loading class java/util/concurrent/LinkedBlockingDeque
Event: 0.658 Loading class java/util/concurrent/LinkedBlockingDeque done
Event: 0.659 Loading class com/sun/glass/ui/win/WinApplication
Event: 0.659 Loading class com/sun/glass/ui/win/WinApplication done
Event: 0.659 Loading class com/sun/glass/ui/win/WinApplication
Event: 0.659 Loading class com/sun/glass/ui/win/WinApplication done

Classes unloaded (0 events):
No events

Classes redefined (0 events):
No events

Internal exceptions (20 events):
Event: 0.560 Thread 0x0000021e53a8f9f0 Exception <a 'sun/nio/fs/WindowsException'{0x000000071292a560}> (0x000000071292a560) 
thrown [s\open\src\hotspot\share\prims\jni.cpp, line 520]
Event: 0.566 Thread 0x0000021e53a8f9f0 Exception <a 'sun/nio/fs/WindowsException'{0x0000000712938260}> (0x0000000712938260) 
thrown [s\open\src\hotspot\share\prims\jni.cpp, line 520]
Event: 0.568 Thread 0x0000021e53a8f9f0 Exception <a 'sun/nio/fs/WindowsException'{0x0000000712945f78}> (0x0000000712945f78) 
thrown [s\open\src\hotspot\share\prims\jni.cpp, line 520]
Event: 0.570 Thread 0x0000021e53a8f9f0 Exception <a 'sun/nio/fs/WindowsException'{0x0000000712952ed8}> (0x0000000712952ed8) 
thrown [s\open\src\hotspot\share\prims\jni.cpp, line 520]
Event: 0.572 Thread 0x0000021e53a8f9f0 Exception <a 'sun/nio/fs/WindowsException'{0x000000071295f630}> (0x000000071295f630) 
thrown [s\open\src\hotspot\share\prims\jni.cpp, line 520]
Event: 0.574 Thread 0x0000021e53a8f9f0 Exception <a 'sun/nio/fs/WindowsException'{0x0000000712968968}> (0x0000000712968968) 
thrown [s\open\src\hotspot\share\prims\jni.cpp, line 520]
Event: 0.583 Thread 0x0000021e53a8f9f0 Exception <a 'sun/nio/fs/WindowsException'{0x0000000712971e70}> (0x0000000712971e70) 
thrown [s\open\src\hotspot\share\prims\jni.cpp, line 520]
Event: 0.586 Thread 0x0000021e53a8f9f0 Exception <a 'sun/nio/fs/WindowsException'{0x0000000712983730}> (0x0000000712983730) 
thrown [s\open\src\hotspot\share\prims\jni.cpp, line 520]
Event: 0.588 Thread 0x0000021e53a8f9f0 Exception <a 'sun/nio/fs/WindowsException'{0x000000071298d438}> (0x000000071298d438) 
thrown [s\open\src\hotspot\share\prims\jni.cpp, line 520]
Event: 0.593 Thread 0x0000021e53a8f9f0 Exception <a 'sun/nio/fs/WindowsException'{0x000000071299a4f8}> (0x000000071299a4f8) 
thrown [s\open\src\hotspot\share\prims\jni.cpp, line 520]
Event: 0.595 Thread 0x0000021e53a8f9f0 Exception <a 'sun/nio/fs/WindowsException'{0x00000007129a3840}> (0x00000007129a3840) 
thrown [s\open\src\hotspot\share\prims\jni.cpp, line 520]
Event: 0.620 Thread 0x0000021e53a91ac0 Exception <a 'sun/nio/fs/WindowsException'{0x000000071278e468}> (0x000000071278e468) 
thrown [s\open\src\hotspot\share\prims\jni.cpp, line 520]
Event: 0.623 Thread 0x0000021e53a91ac0 Exception <a 'java/lang/NoSuchFieldError'{0x0000000712793688}: disableD3D9Ex> (0x0000000712793688) 
thrown [s\open\src\hotspot\share\prims\jni.cpp, line 1989]
Event: 0.637 Thread 0x0000021e53a91ac0 Exception <a 'java/lang/NoSuchFieldError'{0x0000000712793688}> (0x0000000712793688) 
thrown [s\open\src\hotspot\share\oops\instanceKlass.cpp, line 1236]
Event: 0.638 Thread 0x0000021e53a91ac0 Exception <a 'sun/nio/fs/WindowsException'{0x00000007127aaa18}> (0x00000007127aaa18) 
thrown [s\open\src\hotspot\share\prims\jni.cpp, line 520]
Event: 0.642 Thread 0x0000021e53a8f9f0 Exception <a 'java/lang/NoSuchMethodError'{0x000000071272d280}: 'int java.lang.invoke.DirectMethodHandle$Holder.invokeStaticInit(java.lang.Object, java.lang.Object, java.lang.Object)'> (0x000000071272d280) 
thrown [s\open\src\hotspot\share\interpreter\linkResolver.cpp, line 796]
Event: 0.652 Thread 0x0000021e53a8f9f0 Exception <a 'sun/nio/fs/WindowsException'{0x0000000712464ec8}> (0x0000000712464ec8) 
thrown [s\open\src\hotspot\share\prims\jni.cpp, line 520]
Event: 0.656 Thread 0x0000021e53a8f9f0 Exception <a 'java/lang/NoSuchMethodError'{0x00000007124698d8}: notifyThemeChanged> (0x00000007124698d8) 
thrown [s\open\src\hotspot\share\prims\jni.cpp, line 1077]
Event: 0.659 Thread 0x0000021e53a8f9f0 Exception <a 'java/lang/NoSuchMethodError'{0x0000000712583890}: 'java.lang.Object java.lang.invoke.DirectMethodHandle$Holder.newInvokeSpecial(java.lang.Object, java.lang.Object, int, java.lang.Object)'> (0x0000000712583890) 
thrown [s\open\src\hotspot\share\interpreter\linkResolver.cpp, line 796]
Event: 0.659 Thread 0x0000021e53a8f9f0 Exception <a 'java/lang/NoSuchMethodError'{0x0000000712587830}: 'java.lang.Object java.lang.invoke.DirectMethodHandle$Holder.invokeSpecial(java.lang.Object, java.lang.Object, java.lang.Object, int, java.lang.Object)'> (0x0000000712587830) 
thrown [s\open\src\hotspot\share\interpreter\linkResolver.cpp, line 796]

VM Operations (10 events):
Event: 0.046 Executing VM operation: HandshakeAllThreads (Deoptimize)
Event: 0.046 Executing VM operation: HandshakeAllThreads (Deoptimize) done
Event: 0.311 Executing VM operation: ChangeBreakpoints
Event: 0.311 Executing VM operation: ChangeBreakpoints done
Event: 0.312 Executing VM operation: ChangeBreakpoints
Event: 0.312 Executing VM operation: ChangeBreakpoints done
Event: 0.455 Executing VM operation: HandshakeAllThreads (Deoptimize)
Event: 0.455 Executing VM operation: HandshakeAllThreads (Deoptimize) done
Event: 0.651 Executing VM operation: HandshakeAllThreads (Deoptimize)
Event: 0.651 Executing VM operation: HandshakeAllThreads (Deoptimize) done

Memory protections (0 events):
No events

Nmethod flushes (0 events):
No events

Events (19 events):
Event: 0.019 Thread 0x0000021e323048d0 Thread added: 0x0000021e323048d0
Event: 0.027 Thread 0x0000021e323048d0 Thread added: 0x0000021e53a8bbc0
Event: 0.028 Thread 0x0000021e323048d0 Thread added: 0x0000021e53a8dbe0
Event: 0.028 Thread 0x0000021e323048d0 Thread added: 0x0000021e53a90da0
Event: 0.028 Thread 0x0000021e323048d0 Thread added: 0x0000021e53a927e0
Event: 0.028 Thread 0x0000021e323048d0 Thread added: 0x0000021e53a90080
Event: 0.028 Thread 0x0000021e323048d0 Thread added: 0x0000021e53a90710
Event: 0.028 Thread 0x0000021e323048d0 Thread added: 0x0000021e53a9e580
Event: 0.028 Thread 0x0000021e323048d0 Thread added: 0x0000021e53aa48f0
Event: 0.042 Thread 0x0000021e323048d0 Thread added: 0x0000021e53a91430
Event: 0.058 Thread 0x0000021e323048d0 Thread added: 0x0000021e53cc9240
Event: 0.058 Thread 0x0000021e323048d0 Thread added: 0x0000021e53c9fc00
Event: 0.059 Thread 0x0000021e53cc9240 Thread added: 0x0000021e53d57f40
Event: 0.325 Thread 0x0000021e323048d0 Thread added: 0x0000021e53a92e70
Event: 0.350 Thread 0x0000021e53a9e580 Thread added: 0x0000021e53dc62f0
Event: 0.370 Thread 0x0000021e323048d0 Thread added: 0x0000021e53a8f9f0
Event: 0.618 Thread 0x0000021e53a8f9f0 Thread added: 0x0000021e53a91ac0
Event: 0.658 Thread 0x0000021e53a8f9f0 Thread added: 0x0000021e53a92150
Event: 0.660 Thread 0x0000021e53a8f9f0 Thread added: 0x0000021e9947c8f0


Dynamic libraries:
0x00007ff6f6bb0000 - 0x00007ff6f6bc0000 	C:\Program Files\Java\jdk-23\bin\java.exe
0x00007fff9abd0000 - 0x00007fff9ade7000 	C:\WINDOWS\SYSTEM32\ntdll.dll
0x00007fff99990000 - 0x00007fff99a54000 	C:\WINDOWS\System32\KERNEL32.DLL
0x00007fff98290000 - 0x00007fff9864a000 	C:\WINDOWS\System32\KERNELBASE.dll
0x00007fff98650000 - 0x00007fff98761000 	C:\WINDOWS\System32\ucrtbase.dll
0x00007fff93aa0000 - 0x00007fff93abb000 	C:\Program Files\Java\jdk-23\bin\VCRUNTIME140.dll
0x00007fff94040000 - 0x00007fff94057000 	C:\Program Files\Java\jdk-23\bin\jli.dll
0x00007fff99430000 - 0x00007fff995de000 	C:\WINDOWS\System32\USER32.dll
0x00007fff81600000 - 0x00007fff81892000 	C:\WINDOWS\WinSxS\amd64_microsoft.windows.common-controls_6595b64144ccf1df_6.0.22621.4541_none_2710d1c57384c085\COMCTL32.dll
0x00007fff98770000 - 0x00007fff98796000 	C:\WINDOWS\System32\win32u.dll
0x00007fff988e0000 - 0x00007fff98987000 	C:\WINDOWS\System32\msvcrt.dll
0x00007fff99400000 - 0x00007fff99429000 	C:\WINDOWS\System32\GDI32.dll
0x00007fff97f40000 - 0x00007fff9805b000 	C:\WINDOWS\System32\gdi32full.dll
0x00007fff97ea0000 - 0x00007fff97f3a000 	C:\WINDOWS\System32\msvcp_win.dll
0x00007fff9a990000 - 0x00007fff9a9c1000 	C:\WINDOWS\System32\IMM32.DLL
0x00007fff94760000 - 0x00007fff9476c000 	C:\Program Files\Java\jdk-23\bin\vcruntime140_1.dll
0x00007fff6b570000 - 0x00007fff6b5fe000 	C:\Program Files\Java\jdk-23\bin\msvcp140.dll
0x00007fff20c60000 - 0x00007fff219af000 	C:\Program Files\Java\jdk-23\bin\server\jvm.dll
0x00007fff98e20000 - 0x00007fff98ed2000 	C:\WINDOWS\System32\ADVAPI32.dll
0x00007fff998e0000 - 0x00007fff99987000 	C:\WINDOWS\System32\sechost.dll
0x00007fff98820000 - 0x00007fff98848000 	C:\WINDOWS\System32\bcrypt.dll
0x00007fff9a7e0000 - 0x00007fff9a8f4000 	C:\WINDOWS\System32\RPCRT4.dll
0x00007fff9aab0000 - 0x00007fff9ab21000 	C:\WINDOWS\System32\WS2_32.dll
0x00007fff93c10000 - 0x00007fff93c44000 	C:\WINDOWS\SYSTEM32\WINMM.dll
0x00007fff928e0000 - 0x00007fff928ea000 	C:\WINDOWS\SYSTEM32\VERSION.dll
0x00007fff97bc0000 - 0x00007fff97c0d000 	C:\WINDOWS\SYSTEM32\POWRPROF.dll
0x00007fff97ba0000 - 0x00007fff97bb3000 	C:\WINDOWS\SYSTEM32\UMPDC.dll
0x00007fff96ea0000 - 0x00007fff96eb8000 	C:\WINDOWS\SYSTEM32\kernel.appcore.dll
0x00007fff94690000 - 0x00007fff9469a000 	C:\Program Files\Java\jdk-23\bin\jimage.dll
0x00007fff90ca0000 - 0x00007fff90ed2000 	C:\WINDOWS\SYSTEM32\DBGHELP.DLL
0x00007fff9a450000 - 0x00007fff9a7df000 	C:\WINDOWS\System32\combase.dll
0x00007fff995e0000 - 0x00007fff996b7000 	C:\WINDOWS\System32\OLEAUT32.dll
0x00007fff90b00000 - 0x00007fff90b32000 	C:\WINDOWS\SYSTEM32\dbgcore.DLL
0x00007fff987a0000 - 0x00007fff9881b000 	C:\WINDOWS\System32\bcryptPrimitives.dll
0x00007fff70510000 - 0x00007fff7054c000 	C:\Program Files\Java\jdk-23\bin\jdwp.dll
0x00007fff89320000 - 0x00007fff8932f000 	C:\Program Files\Java\jdk-23\bin\instrument.dll
0x00007fff93a40000 - 0x00007fff93a5e000 	C:\Program Files\Java\jdk-23\bin\java.dll
0x00007fff98b50000 - 0x00007fff98cf5000 	C:\WINDOWS\System32\ole32.dll
0x00007fff99a60000 - 0x00007fff9a2d8000 	C:\WINDOWS\System32\SHELL32.dll
0x00007fff93920000 - 0x00007fff93937000 	C:\Program Files\Java\jdk-23\bin\zip.dll
0x00007fff95d90000 - 0x00007fff96698000 	C:\WINDOWS\SYSTEM32\windows.storage.dll
0x00007fff95c50000 - 0x00007fff95d8f000 	C:\WINDOWS\SYSTEM32\wintypes.dll
0x00007fff997e0000 - 0x00007fff998da000 	C:\WINDOWS\System32\SHCORE.dll
0x00007fff9ab30000 - 0x00007fff9ab8e000 	C:\WINDOWS\System32\shlwapi.dll
0x00007fff97dd0000 - 0x00007fff97dfb000 	C:\WINDOWS\SYSTEM32\profapi.dll
0x00007fff595a0000 - 0x00007fff59677000 	C:\Program Files\Java\jdk-23\bin\jsvml.dll
0x00007fff86100000 - 0x00007fff8610c000 	C:\Program Files\Java\jdk-23\bin\dt_socket.dll
0x00007fff968f0000 - 0x00007fff9691d000 	C:\WINDOWS\SYSTEM32\IPHLPAPI.DLL
0x00007fff97310000 - 0x00007fff97379000 	C:\WINDOWS\system32\mswsock.dll
0x00007fff941b0000 - 0x00007fff941c0000 	C:\Program Files\Java\jdk-23\bin\net.dll
0x00007fff93940000 - 0x00007fff93956000 	C:\Program Files\Java\jdk-23\bin\nio.dll
0x0000021e324c0000 - 0x0000021e324c3000 	C:\Users\USER\.openjfx\cache\17.0.6+3\amd64\api-ms-win-core-console-l1-1-0.dll
0x0000021e324d0000 - 0x0000021e324d3000 	C:\Users\USER\.openjfx\cache\17.0.6+3\amd64\api-ms-win-core-console-l1-2-0.dll
0x0000021e34500000 - 0x0000021e34503000 	C:\Users\USER\.openjfx\cache\17.0.6+3\amd64\api-ms-win-core-datetime-l1-1-0.dll
0x0000021e34510000 - 0x0000021e34513000 	C:\Users\USER\.openjfx\cache\17.0.6+3\amd64\api-ms-win-core-debug-l1-1-0.dll
0x0000021e34520000 - 0x0000021e34523000 	C:\Users\USER\.openjfx\cache\17.0.6+3\amd64\api-ms-win-core-errorhandling-l1-1-0.dll
0x0000021e34530000 - 0x0000021e34534000 	C:\Users\USER\.openjfx\cache\17.0.6+3\amd64\api-ms-win-core-file-l1-1-0.dll
0x0000021e34540000 - 0x0000021e34543000 	C:\Users\USER\.openjfx\cache\17.0.6+3\amd64\api-ms-win-core-file-l1-2-0.dll
0x0000021e34550000 - 0x0000021e34553000 	C:\Users\USER\.openjfx\cache\17.0.6+3\amd64\api-ms-win-core-file-l2-1-0.dll
0x0000021e34560000 - 0x0000021e34563000 	C:\Users\USER\.openjfx\cache\17.0.6+3\amd64\api-ms-win-core-handle-l1-1-0.dll
0x0000021e34570000 - 0x0000021e34573000 	C:\Users\USER\.openjfx\cache\17.0.6+3\amd64\api-ms-win-core-heap-l1-1-0.dll
0x0000021e34580000 - 0x0000021e34583000 	C:\Users\USER\.openjfx\cache\17.0.6+3\amd64\api-ms-win-core-interlocked-l1-1-0.dll
0x0000021e53ee0000 - 0x0000021e53ee3000 	C:\Users\USER\.openjfx\cache\17.0.6+3\amd64\api-ms-win-core-libraryloader-l1-1-0.dll
0x0000021e53ef0000 - 0x0000021e53ef3000 	C:\Users\USER\.openjfx\cache\17.0.6+3\amd64\api-ms-win-core-localization-l1-2-0.dll
0x0000021e53f00000 - 0x0000021e53f03000 	C:\Users\USER\.openjfx\cache\17.0.6+3\amd64\api-ms-win-core-memory-l1-1-0.dll
0x0000021e53f10000 - 0x0000021e53f13000 	C:\Users\USER\.openjfx\cache\17.0.6+3\amd64\api-ms-win-core-namedpipe-l1-1-0.dll
0x0000021e53f20000 - 0x0000021e53f23000 	C:\Users\USER\.openjfx\cache\17.0.6+3\amd64\api-ms-win-core-processenvironment-l1-1-0.dll
0x0000021e53f30000 - 0x0000021e53f33000 	C:\Users\USER\.openjfx\cache\17.0.6+3\amd64\api-ms-win-core-processthreads-l1-1-0.dll
0x0000021e53f40000 - 0x0000021e53f43000 	C:\Users\USER\.openjfx\cache\17.0.6+3\amd64\api-ms-win-core-processthreads-l1-1-1.dll
0x0000021e53f50000 - 0x0000021e53f53000 	C:\Users\USER\.openjfx\cache\17.0.6+3\amd64\api-ms-win-core-profile-l1-1-0.dll
0x0000021e53f60000 - 0x0000021e53f63000 	C:\Users\USER\.openjfx\cache\17.0.6+3\amd64\api-ms-win-core-rtlsupport-l1-1-0.dll
0x0000021e53f70000 - 0x0000021e53f73000 	C:\Users\USER\.openjfx\cache\17.0.6+3\amd64\api-ms-win-core-string-l1-1-0.dll
0x0000021e53f80000 - 0x0000021e53f83000 	C:\Users\USER\.openjfx\cache\17.0.6+3\amd64\api-ms-win-core-synch-l1-1-0.dll
0x0000021e53f90000 - 0x0000021e53f93000 	C:\Users\USER\.openjfx\cache\17.0.6+3\amd64\api-ms-win-core-synch-l1-2-0.dll
0x0000021e53fa0000 - 0x0000021e53fa3000 	C:\Users\USER\.openjfx\cache\17.0.6+3\amd64\api-ms-win-core-sysinfo-l1-1-0.dll
0x0000021e53fb0000 - 0x0000021e53fb3000 	C:\Users\USER\.openjfx\cache\17.0.6+3\amd64\api-ms-win-core-timezone-l1-1-0.dll
0x0000021e53fc0000 - 0x0000021e53fc3000 	C:\Users\USER\.openjfx\cache\17.0.6+3\amd64\api-ms-win-core-util-l1-1-0.dll
0x0000021e53fd0000 - 0x0000021e53fd3000 	C:\Users\USER\.openjfx\cache\17.0.6+3\amd64\api-ms-win-crt-conio-l1-1-0.dll
0x0000021e53fe0000 - 0x0000021e53fe4000 	C:\Users\USER\.openjfx\cache\17.0.6+3\amd64\api-ms-win-crt-convert-l1-1-0.dll
0x0000021e53ff0000 - 0x0000021e53ff3000 	C:\Users\USER\.openjfx\cache\17.0.6+3\amd64\api-ms-win-crt-environment-l1-1-0.dll
0x0000021e99800000 - 0x0000021e99803000 	C:\Users\USER\.openjfx\cache\17.0.6+3\amd64\api-ms-win-crt-filesystem-l1-1-0.dll
0x0000021e99810000 - 0x0000021e99813000 	C:\Users\USER\.openjfx\cache\17.0.6+3\amd64\api-ms-win-crt-heap-l1-1-0.dll
0x0000021e99820000 - 0x0000021e99823000 	C:\Users\USER\.openjfx\cache\17.0.6+3\amd64\api-ms-win-crt-locale-l1-1-0.dll
0x0000021e99830000 - 0x0000021e99835000 	C:\Users\USER\.openjfx\cache\17.0.6+3\amd64\api-ms-win-crt-math-l1-1-0.dll
0x0000021e99840000 - 0x0000021e99845000 	C:\Users\USER\.openjfx\cache\17.0.6+3\amd64\api-ms-win-crt-multibyte-l1-1-0.dll
0x0000021e99850000 - 0x0000021e99860000 	C:\Users\USER\.openjfx\cache\17.0.6+3\amd64\api-ms-win-crt-private-l1-1-0.dll
0x0000021e99860000 - 0x0000021e99863000 	C:\Users\USER\.openjfx\cache\17.0.6+3\amd64\api-ms-win-crt-process-l1-1-0.dll
0x0000021e99870000 - 0x0000021e99874000 	C:\Users\USER\.openjfx\cache\17.0.6+3\amd64\api-ms-win-crt-runtime-l1-1-0.dll
0x0000021e99880000 - 0x0000021e99884000 	C:\Users\USER\.openjfx\cache\17.0.6+3\amd64\api-ms-win-crt-stdio-l1-1-0.dll
0x0000021e99890000 - 0x0000021e99894000 	C:\Users\USER\.openjfx\cache\17.0.6+3\amd64\api-ms-win-crt-string-l1-1-0.dll
0x0000021e998a0000 - 0x0000021e998a3000 	C:\Users\USER\.openjfx\cache\17.0.6+3\amd64\api-ms-win-crt-time-l1-1-0.dll
0x0000021e998b0000 - 0x0000021e998b3000 	C:\Users\USER\.openjfx\cache\17.0.6+3\amd64\api-ms-win-crt-utility-l1-1-0.dll
0x00007fff3cff0000 - 0x00007fff3d0ec000 	C:\Users\USER\.openjfx\cache\17.0.6+3\amd64\ucrtbase.dll
0x00007fff74250000 - 0x00007fff7426a000 	C:\Users\USER\.openjfx\cache\17.0.6+3\amd64\vcruntime140.dll
0x00007fff73f60000 - 0x00007fff73f6c000 	C:\Users\USER\.openjfx\cache\17.0.6+3\amd64\vcruntime140_1.dll
0x00007fff3bfd0000 - 0x00007fff3c05d000 	C:\Users\USER\.openjfx\cache\17.0.6+3\amd64\msvcp140.dll
0x00007fff70650000 - 0x00007fff70659000 	C:\Users\USER\.openjfx\cache\17.0.6+3\amd64\msvcp140_1.dll
0x00007fff6ce30000 - 0x00007fff6ce5f000 	C:\Users\USER\.openjfx\cache\17.0.6+3\amd64\msvcp140_2.dll
0x00007fff6c8b0000 - 0x00007fff6c8da000 	C:\Users\USER\.openjfx\cache\17.0.6+3\amd64\prism_d3d.dll
0x00007fff8b1e0000 - 0x00007fff8b388000 	C:\WINDOWS\system32\d3d9.dll
0x00007fff95590000 - 0x00007fff955bb000 	C:\WINDOWS\SYSTEM32\dwmapi.dll
0x00007fff95430000 - 0x00007fff95467000 	C:\WINDOWS\SYSTEM32\dxcore.dll
0x00007fff95310000 - 0x00007fff953c1000 	C:\WINDOWS\system32\uxtheme.dll
0x00007fff313d0000 - 0x00007fff3162f000 	C:\WINDOWS\System32\DriverStore\FileRepository\iigd_dch.inf_amd64_06b3f994dfa22861\igdumdim64.dll
0x00007fff1f710000 - 0x00007fff20c59000 	C:\WINDOWS\System32\DriverStore\FileRepository\iigd_dch.inf_amd64_06b3f994dfa22861\igd9dxva64.dll
0x00007fff98ee0000 - 0x00007fff99354000 	C:\WINDOWS\System32\SETUPAPI.dll
0x00007fff97b10000 - 0x00007fff97b5e000 	C:\WINDOWS\SYSTEM32\cfgmgr32.dll
0x00007fff292c0000 - 0x00007fff2afeb000 	C:\WINDOWS\System32\DriverStore\FileRepository\iigd_dch.inf_amd64_06b3f994dfa22861\media_bin_64.dll
0x00007fff7c0f0000 - 0x00007fff7c52e000 	C:\WINDOWS\System32\DriverStore\FileRepository\iigd_dch.inf_amd64_06b3f994dfa22861\igdgmm64.dll
0x00007fff81560000 - 0x00007fff815a9000 	C:\WINDOWS\SYSTEM32\directxdatabasehelper.dll
0x00007fff6bd70000 - 0x00007fff6bd82000 	C:\Users\USER\.openjfx\cache\17.0.6+3\amd64\prism_sw.dll
0x00007fff629c0000 - 0x00007fff62a02000 	C:\Users\USER\.openjfx\cache\17.0.6+3\amd64\glass.dll
0x00007fff996c0000 - 0x00007fff997c0000 	C:\WINDOWS\System32\COMDLG32.dll
0x00007fff9a2e0000 - 0x00007fff9a441000 	C:\WINDOWS\System32\MSCTF.dll

dbghelp: loaded successfully - version: 4.0.5 - missing functions: none
symbol engine: initialized successfully - sym options: 0x614 - pdb path: .;C:\Program Files\Java\jdk-23\bin;C:\WINDOWS\SYSTEM32;C:\WINDOWS\WinSxS\amd64_microsoft.windows.common-controls_6595b64144ccf1df_6.0.22621.4541_none_2710d1c57384c085;C:\Program Files\Java\jdk-23\bin\server;C:\Users\USER\.openjfx\cache\17.0.6+3\amd64;C:\WINDOWS\System32\DriverStore\FileRepository\iigd_dch.inf_amd64_06b3f994dfa22861

VM Arguments:
jvm_args: -agentlib:jdwp=transport=dt_socket,address=127.0.0.1:57632,suspend=y,server=n -javaagent:C:\Users\USER\AppData\Local\JetBrains\IntelliJIdea2024.2\captureAgent\debugger-agent.jar -Dkotlinx.coroutines.debug.enable.creation.stack.trace=false -Ddebugger.agent.enable.coroutines=true -Dfile.encoding=UTF-8 -Dsun.stdout.encoding=UTF-8 -Dsun.stderr.encoding=UTF-8 
java_command: C:\Users\USER\Documents\IntelliJ Projects\My Notes App\out\artifacts\mynotesapp_jar\mynotesapp.jar
java_class_path (initial): C:\Users\USER\Documents\IntelliJ Projects\My Notes App\out\artifacts\mynotesapp_jar\mynotesapp.jar
Launcher Type: SUN_STANDARD

[Global flags]
     intx CICompilerCount                          = 4                                         {product} {ergonomic}
     uint ConcGCThreads                            = 2                                         {product} {ergonomic}
     uint G1ConcRefinementThreads                  = 8                                         {product} {ergonomic}
   size_t G1HeapRegionSize                         = 2097152                                   {product} {ergonomic}
   size_t InitialHeapSize                          = 266338304                                 {product} {ergonomic}
   size_t MarkStackSize                            = 4194304                                   {product} {ergonomic}
   size_t MarkStackSizeMax                         = 536870912                                 {product} {ergonomic}
   size_t MaxHeapSize                              = 4238344192                                {product} {ergonomic}
   size_t MaxNewSize                               = 2541748224                                {product} {ergonomic}
   size_t MinHeapDeltaBytes                        = 2097152                                   {product} {ergonomic}
   size_t MinHeapSize                              = 8388608                                   {product} {ergonomic}
    uintx NonNMethodCodeHeapSize                   = 5832704                                {pd product} {ergonomic}
    uintx NonProfiledCodeHeapSize                  = 122945536                              {pd product} {ergonomic}
    uintx ProfiledCodeHeapSize                     = 122880000                              {pd product} {ergonomic}
    uintx ReservedCodeCacheSize                    = 251658240                              {pd product} {ergonomic}
     bool SegmentedCodeCache                       = true                                      {product} {ergonomic}
   size_t SoftMaxHeapSize                          = 4238344192                             {manageable} {ergonomic}
     bool UseCompressedOops                        = true                           {product lp64_product} {ergonomic}
     bool UseG1GC                                  = true                                      {product} {ergonomic}
     bool UseLargePagesIndividualAllocation        = false                                  {pd product} {ergonomic}

Logging:
Log output configuration:
 #0: stdout all=warning uptime,level,tags foldmultilines=false
 #1: stderr all=off uptime,level,tags foldmultilines=false

Environment Variables:
PATH=C:\Program Files\Common Files\Oracle\Java\javapath;C:\Program Files (x86)\Common Files\Intel\Shared Libraries\redist\intel64\compiler;C:\WINDOWS\system32;C:\WINDOWS;C:\WINDOWS\System32\Wbem;C:\WINDOWS\System32\WindowsPowerShell\v1.0\;C:\WINDOWS\System32\OpenSSH\;C:\Program Files\nodejs\;C:\Program Files\Git\cmd;C:\Program Files\Cloudflare\Cloudflare WARP\;C:\MinGW\bin;C:\Program Files\MySQL\MySQL Shell 8.0\bin\;C:\Users\USER\AppData\Local\Microsoft\WindowsApps;C:\Program Files\JetBrains\IntelliJ IDEA 2024.2.4\bin;;C:\Users\USER\AppData\Local\Programs\Microsoft VS Code\bin;C:\Users\USER\AppData\Roaming\npm;C:\Users\USER\AppData\Local\Programs\Windsurf\bin;C:\MinGW\bin;
USERNAME=USER
OS=Windows_NT
PROCESSOR_IDENTIFIER=Intel64 Family 6 Model 140 Stepping 2, GenuineIntel
TMP=C:\Users\USER\AppData\Local\Temp
TEMP=C:\Users\USER\AppData\Local\Temp




Periodic native trim disabled

---------------  S Y S T E M  ---------------

OS:
 Windows 11 , 64 bit Build 22621 (10.0.22621.4391)
OS uptime: 2 days 16:41 hours
Hyper-V role detected

CPU: total 8 (initial active 8) (4 cores per cpu, 2 threads per core) family 6 model 140 stepping 2 microcode 0x22, cx8, cmov, fxsr, ht, mmx, 3dnowpref, sse, sse2, sse3, ssse3, sse4.1, sse4.2, popcnt, lzcnt, tsc, tscinvbit, avx, avx2, aes, erms, clmul, bmi1, bmi2, adx, avx512f, avx512dq, avx512cd, avx512bw, avx512vl, sha, fma, vzeroupper, avx512_vpopcntdq, avx512_vpclmulqdq, avx512_vaes, avx512_vnni, clflush, clflushopt, clwb, avx512_vbmi2, avx512_vbmi, hv, rdtscp, rdpid, fsrm, gfni, avx512_bitalg, f16c, cet_ibt, cet_ss, avx512_ifma
Processor Information for the first 8 processors :
  Max Mhz: 2918, Current Mhz: 2918, Mhz Limit: 2918

Memory: 4k page, system-wide physical 16163M (6457M free)
TotalPageFile size 18595M (AvailPageFile size 5639M)
current process WorkingSet (physical memory assigned to process): 74M, peak: 74M
current process commit charge ("private bytes"): 364M, peak: 364M

vm_info: Java HotSpot(TM) 64-Bit Server VM (23.0.1+11-39) for windows-amd64 JRE (23.0.1+11-39), built on 2024-09-30T07:20:43Z with MS VC++ 17.6 (VS2022)

END.
