#
# A fatal error has been detected by the Java Runtime Environment:
#
#  EXCEPTION_ACCESS_VIOLATION (0xc0000005) at pc=0x00007fff210afb22, pid=9060, tid=8648
#
# JRE version: Java(TM) SE Runtime Environment (23.0.1+11) (build 23.0.1+11-39)
# Java VM: Java HotSpot(TM) 64-Bit Server VM (23.0.1+11-39, mixed mode, sharing, tiered, compressed oops, compressed class ptrs, g1 gc, windows-amd64)
# Problematic frame:
# V  [jvm.dll+0x44fb22]
#
# No core dump will be written. Minidumps are not enabled by default on client versions of Windows
#
# If you would like to submit a bug report, please visit:
#   https://bugreport.java.com/bugreport/crash.jsp
#

---------------  S U M M A R Y ------------

Command Line: -Dfile.encoding=UTF-8 -Dsun.stdout.encoding=UTF-8 -Dsun.stderr.encoding=UTF-8 C:\Users\USER\Documents\IntelliJ Projects\My Notes App\out\artifacts\mynotesapp_jar\mynotesapp.jar

Host: 11th Gen Intel(R) Core(TM) i7-1195G7 @ 2.90GHz, 8 cores, 15G,  Windows 11 , 64 bit Build 22621 (10.0.22621.4391)
Time: Sun Dec 15 00:55:29 2024 Bangladesh Standard Time elapsed time: 0.305796 seconds (0d 0h 0m 0s)

---------------  T H R E A D  ---------------

Current thread (0x00000156168d40c0):  JavaThread "WindowsNativeRunloopThread"        [_thread_in_vm, id=8648, stack(0x0000000716700000,0x0000000716800000) (1024K)]

Stack: [0x0000000716700000,0x0000000716800000],  sp=0x00000007167ff1c0,  free space=1020k
Native frames: (J=compiled Java code, j=interpreted, Vv=VM code, C=native code)
V  [jvm.dll+0x44fb22]  (no source info available)
C  [glass.dll+0x50cc]  (no source info available)
C  [glass.dll+0xa7c6]  (no source info available)
C  0x000001560753d307  (no source info available)

The last pc belongs to native method entry point (kind = native) (printed below).
Java frames: (J=compiled Java code, j=interpreted, Vv=VM code)
j  com.sun.glass.ui.win.WinApplication._runLoop(Ljava/lang/Runnable;)V+0
j  com.sun.glass.ui.win.WinApplication.lambda$runLoop$3(ILjava/lang/Runnable;)V+8
j  com.sun.glass.ui.win.WinApplication$$Lambda+0x000001561802b440.run()V+12
j  java.lang.Thread.runWith(Ljava/lang/Object;Ljava/lang/Runnable;)V+5 java.base@23.0.1
j  java.lang.Thread.run()V+19 java.base@23.0.1
v  ~StubRoutines::call_stub 0x0000015607530fcd

siginfo: EXCEPTION_ACCESS_VIOLATION (0xc0000005), reading address 0x0000000000000000


Registers:
RAX=0x0000000000000000, RBX=0x00000156168d40c0, RCX=0x00000156168d4480, RDX=0x00000007167ff3a8
RSP=0x00000007167ff1c0, RBP=0x00000007167ff2c8, RSI=0x0000000000000000, RDI=0x00000156168d4480
R8 =0x0000000000000000, R9 =0x00000007167ff2c8, R10=0x0000000000000000, R11=0x0000000000000246
R12=0x0000000000000000, R13=0x00000156584e17d8, R14=0x00000007167ff3a8, R15=0x00000156168d40c0
RIP=0x00007fff210afb22, EFLAGS=0x0000000000010246


Register to memory mapping:

RAX=0x0 is null
RBX=0x00000156168d40c0 is a thread
RCX=0x00000156168d4480 points into unknown readable memory: 0x00007fff21845e00 | 00 5e 84 21 ff 7f 00 00
RDX=0x00000007167ff3a8 is pointing into the stack for thread: 0x00000156168d40c0
RSP=0x00000007167ff1c0 is pointing into the stack for thread: 0x00000156168d40c0
RBP=0x00000007167ff2c8 is pointing into the stack for thread: 0x00000156168d40c0
RSI=0x0 is null
RDI=0x00000156168d4480 points into unknown readable memory: 0x00007fff21845e00 | 00 5e 84 21 ff 7f 00 00
R8 =0x0 is null
R9 =0x00000007167ff2c8 is pointing into the stack for thread: 0x00000156168d40c0
R10=0x0 is null
R11=0x0000000000000246 is an unknown value
R12=0x0 is null
R13={method} {0x00000156584e17e0} '_runLoop' '(Ljava/lang/Runnable;)V' in 'com/sun/glass/ui/win/WinApplication'
R14=0x00000007167ff3a8 is pointing into the stack for thread: 0x00000156168d40c0
R15=0x00000156168d40c0 is a thread

Top of Stack: (sp=0x00000007167ff1c0)
0x00000007167ff1c0:   00000007167ff1d0 0000000000000001
0x00000007167ff1d0:   0000000000000000 00000007167ff1e8
0x00000007167ff1e0:   00004154362fcf62 0000000000320030
0x00000007167ff1f0:   00007fff98c41f00 00007fff982e9da1
0x00000007167ff200:   00000007167ff2b8 0000000000000000
0x00000007167ff210:   00000156168d40c0 0000000000000000
0x00000007167ff220:   0000000000000000 00007fff98c672f0
0x00000007167ff230:   000001565c539c10 00007fff9a54675f
0x00000007167ff240:   0000000000180016 00007fff98c41e58
0x00000007167ff250:   00000007167ff240 0000000000000000
0x00000007167ff260:   00000156168d40c0 00000007167ff3b0
0x00000007167ff270:   00000156168d4480 00007fff629c50cc
0x00000007167ff280:   0000000000000000 00000007167ff388
0x00000007167ff290:   00000007167ff3a8 00000156168d4480
0x00000007167ff2a0:   00000007167ff3a8 00007fff629ca7c6
0x00000007167ff2b0:   00000156584e17d8 0000015600000000
0x00000007167ff2c0:   0000000000000000 0000000000000000
0x00000007167ff2d0:   00000156075387f6 000001560753d178
0x00000007167ff2e0:   00000156584e17d8 00000156584e17d8
0x00000007167ff2f0:   00000156584e17d8 00000007167ff3b0
0x00000007167ff300:   00000156075387f6 000001560753d307
0x00000007167ff310:   00000156584e17d8 00000007167ff8e0
0x00000007167ff320:   3ff0000000000000 00000156168d40c0
0x00000007167ff330:   00000007167ff8e0 000001560753cf9b
0x00000007167ff340:   fffffffffffffff7 00000156584e17d8
0x00000007167ff350:   0000000000000005 00000156585094f8
0x00000007167ff360:   0000000000000000 00000004e6dc5420
0x00000007167ff370:   00000156584e17d8 0000000000000000
0x00000007167ff380:   00000007167ff3a8 00000007167ff400
0x00000007167ff390:   0000015607538700 0000000000000000
0x00000007167ff3a0:   000001560753a5d7 00000004e6ac82b0
0x00000007167ff3b0:   00000004e6ac1bf8 fffffffffffffff7 

Instructions: (pc=0x00007fff210afb22)
0x00007fff210afa22:   ff 48 8b 4b 08 48 8b 43 10 48 89 41 10 48 8b 4b
0x00007fff210afa32:   08 48 8b 43 18 48 89 41 18 48 8b 4b 08 48 8b 43
0x00007fff210afa42:   20 48 89 41 20 48 8d 8f a0 03 00 00 e8 dd 5b ec
0x00007fff210afa52:   ff 90 c7 87 44 04 00 00 04 00 00 00 48 81 c4 b8
0x00007fff210afa62:   00 00 00 41 5f 41 5e 5f 5e 5d 5b c3 cc cc 48 89
0x00007fff210afa72:   5c 24 08 48 89 6c 24 10 48 89 74 24 18 57 41 56
0x00007fff210afa82:   41 57 48 81 ec a0 00 00 00 8b 81 a8 00 00 00 48
0x00007fff210afa92:   8d 99 40 fc ff ff 05 53 21 ff ff 49 8b e9 49 8b
0x00007fff210afaa2:   f0 4c 8b f2 48 8b f9 83 f8 01 77 08 48 8b cb e8
0x00007fff210afab2:   da ac f9 ff 80 3d d7 b1 7f 00 00 c7 83 44 04 00
0x00007fff210afac2:   00 06 00 00 00 75 06 e8 e2 08 28 00 90 48 8b 83
0x00007fff210afad2:   48 04 00 00 a8 01 74 0d 45 33 c0 b2 01 48 8b cb
0x00007fff210afae2:   e8 f9 34 2f 00 8b 83 40 04 00 00 a8 0c 74 08 48
0x00007fff210afaf2:   8b cb e8 77 c3 f9 ff c7 83 44 04 00 00 06 00 00
0x00007fff210afb02:   00 48 83 7b 08 00 48 89 5c 24 50 48 c7 44 24 58
0x00007fff210afb12:   00 00 00 00 74 0a 48 8d 4c 24 50 e8 3e dd 2b 00
0x00007fff210afb22:   48 8b 16 48 8d 4c 24 70 c6 44 24 40 0e e8 dc 4f
0x00007fff210afb32:   00 00 48 8d 44 24 70 48 89 5c 24 30 48 89 44 24
0x00007fff210afb42:   28 4c 8d 3d e6 4a 5c 00 41 b9 01 00 00 00 48 89
0x00007fff210afb52:   74 24 20 4d 8b c6 4c 89 7c 24 70 48 8d 54 24 40
0x00007fff210afb62:   48 89 ac 24 98 00 00 00 48 8b cf e8 ae 5d 00 00
0x00007fff210afb72:   48 83 7c 24 58 00 4c 89 7c 24 70 48 c7 84 24 98
0x00007fff210afb82:   00 00 00 00 00 00 00 74 0a 48 8d 4c 24 50 e8 4b
0x00007fff210afb92:   dd 2b 00 48 8b bb 98 01 00 00 48 8b 47 10 48 83
0x00007fff210afba2:   38 00 74 08 48 8b cf e8 b2 38 f5 ff 48 8b 4f 08
0x00007fff210afbb2:   48 8b 47 10 48 89 41 10 48 8b 4f 08 48 8b 47 18
0x00007fff210afbc2:   48 89 41 18 48 8b 4f 08 48 8b 47 20 48 89 41 20
0x00007fff210afbd2:   48 8d 8b a0 03 00 00 e8 52 5a ec ff 4c 8d 9c 24
0x00007fff210afbe2:   a0 00 00 00 90 49 8b 6b 28 49 8b 73 30 c7 83 44
0x00007fff210afbf2:   04 00 00 04 00 00 00 49 8b 5b 20 49 8b e3 41 5f
0x00007fff210afc02:   41 5e 5f c3 cc cc cc cc cc cc cc cc cc cc 48 89
0x00007fff210afc12:   5c 24 08 48 89 6c 24 10 48 89 74 24 18 48 89 7c 


Stack slot to memory mapping:

stack at sp + 0 slots: 0x00000007167ff1d0 is pointing into the stack for thread: 0x00000156168d40c0
stack at sp + 1 slots: 0x0000000000000001 is an unknown value
stack at sp + 2 slots: 0x0 is null
stack at sp + 3 slots: 0x00000007167ff1e8 is pointing into the stack for thread: 0x00000156168d40c0
stack at sp + 4 slots: 0x00004154362fcf62 is an unknown value
stack at sp + 5 slots: 0x0000000000320030 is an unknown value
stack at sp + 6 slots: 0x00007fff98c41f00 ole32.dll
stack at sp + 7 slots: 0x00007fff982e9da1 KERNELBASE.dll

Lock stack of current Java thread (top to bottom):

native method entry point (kind = native)  [0x000001560753cee0, 0x000001560753db38]  3160 bytes
[MachCode]
  0x000001560753cee0: 488b 4b08 | 0fb7 492e | 584c 8d74 | ccf8 6800 | 0000 0068 | 0000 0000 | 5055 488b | ec41 5568 
  0x000001560753cf00: 0000 0000 | 4c8b 6b08 | 4d8d 6d38 | 5348 8b53 | 0848 8b52 | 0848 8b52 | 1848 8b52 | 7048 8b12 
  0x000001560753cf20: 5248 8b53 | 1048 85d2 | 0f84 0700 | 0000 4881 | c210 0100 | 0052 488b | 5308 488b | 5208 488b 
  0x000001560753cf40: 5210 5249 | 8bc6 482b | c548 c1e8 | 0350 6800 | 0000 0068 | f7ff ffff | 41c6 8771 | 0400 0001 
  0x000001560753cf60: 488b 4310 | 4885 c074 | 208b 88cc | 0000 0083 | c102 8988 | cc00 0000 | 2388 e000 | 0000 0f84 
  0x000001560753cf80: 000b 0000 | e9cf 0000 | 0048 8b43 | 1848 85c0 | 0f85 b000 | 0000 e805 | 0000 00e9 | 9900 0000 
  0x000001560753cfa0: 488b d348 | 8d44 2408 | 4c89 6dc0 | 498b cfc5 | f877 4989 | afb0 0300 | 0049 8987 | a003 0000 
  0x000001560753cfc0: 4883 ec20 | 40f6 c40f | 0f84 1900 | 0000 4883 | ec08 48b8 | 9026 0321 | ff7f 0000 | ffd0 4883 
  0x000001560753cfe0: c408 e90c | 0000 0048 | b890 2603 | 21ff 7f00 | 00ff d048 | 83c4 2049 | c787 a003 | 0000 0000 
  0x000001560753d000: 0000 49c7 | 87b0 0300 | 0000 0000 | 0049 c787 | a803 0000 | 0000 0000 | c5f8 7749 | 837f 0800 
  0x000001560753d020: 0f84 0500 | 0000 e995 | 3eff ff4c | 8b6d c04c | 8b75 c84e | 8d74 f500 | c348 8b43 | 1848 85c0 
  0x000001560753d040: 0f84 1200 | 0000 8b48 | 0883 c102 | 8948 0823 | 481c 0f84 | 2c0a 0000 | 493b a7e8 | 0400 000f 
  0x000001560753d060: 8748 0000 | 0089 8424 | 00f0 ffff | 8984 2400 | e0ff ff89 | 8424 00d0 | ffff 8984 | 2400 c0ff 
  0x000001560753d080: ff89 8424 | 00b0 ffff | 8984 2400 | a0ff ff89 | 8424 0090 | ffff 8984 | 2400 80ff | ff49 3ba7 
  0x000001560753d0a0: e004 0000 | 7607 4989 | a7e8 0400 | 0041 c687 | 7104 0000 | 0049 ba41 | ad8a 21ff | 7f00 0041 
  0x000001560753d0c0: 803a 000f | 843e 0000 | 0048 8b55 | e849 8bcf | 4883 ec20 | 40f6 c40f | 0f84 1900 | 0000 4883 
  0x000001560753d0e0: ec08 48b8 | 10ee 3a21 | ff7f 0000 | ffd0 4883 | c408 e90c | 0000 0048 | b810 ee3a | 21ff 7f00 
  0x000001560753d100: 00ff d048 | 83c4 2048 | 8b5d e84c | 8b5b 0845 | 0fb7 5b2e | 41c1 e303 | 492b e348 | 83ec 2048 
  0x000001560753d120: 83e4 f04c | 8b5b 604d | 85db 0f85 | ab00 0000 | e805 0000 | 00e9 9900 | 0000 488b | d348 8d44 
  0x000001560753d140: 2408 4c89 | 6dc0 498b | cfc5 f877 | 4989 afb0 | 0300 0049 | 8987 a003 | 0000 4883 | ec20 40f6 
  0x000001560753d160: c40f 0f84 | 1900 0000 | 4883 ec08 | 48b8 f04d | 0321 ff7f | 0000 ffd0 | 4883 c408 | e90c 0000 
  0x000001560753d180: 0048 b8f0 | 4d03 21ff | 7f00 00ff | d048 83c4 | 2049 c787 | a003 0000 | 0000 0000 | 49c7 87b0 
  0x000001560753d1a0: 0300 0000 | 0000 0049 | c787 a803 | 0000 0000 | 0000 c5f8 | 7749 837f | 0800 0f84 | 0500 0000 
  0x000001560753d1c0: e9fb 3cff | ff4c 8b6d | c04c 8b75 | c84e 8d74 | f500 c348 | 8b5d e84c | 8b5b 6041 | ffd3 488b 
  0x000001560753d1e0: 5de8 4889 | 4518 448b | 5b28 41f6 | c308 0f84 | 1b00 0000 | 4c8b 5b08 | 4d8b 5b08 | 4d8b 5b18 
  0x000001560753d200: 4d8b 5b70 | 4d8b 1b4c | 895d 1048 | 8d55 1048 | 8b43 5849 | ba60 3c3b | 21ff 7f00 | 0049 3bc2 
  0x000001560753d220: 0f85 ab00 | 0000 e805 | 0000 00e9 | 9900 0000 | 488b d348 | 8d44 2408 | 4c89 6dc0 | 498b cfc5 
  0x000001560753d240: f877 4989 | afb0 0300 | 0049 8987 | a003 0000 | 4883 ec20 | 40f6 c40f | 0f84 1900 | 0000 4883 
  0x000001560753d260: ec08 48b8 | f04d 0321 | ff7f 0000 | ffd0 4883 | c408 e90c | 0000 0048 | b8f0 4d03 | 21ff 7f00 
  0x000001560753d280: 00ff d048 | 83c4 2049 | c787 a003 | 0000 0000 | 0000 49c7 | 87b0 0300 | 0000 0000 | 0049 c787 
  0x000001560753d2a0: a803 0000 | 0000 0000 | c5f8 7749 | 837f 0800 | 0f84 0500 | 0000 e905 | 3cff ff4c | 8b6d c04c 
  0x000001560753d2c0: 8b75 c84e | 8d74 f500 | c348 8b5d | e848 8b43 | 5849 8d8f | c003 0000 | c5f8 7749 | 89af b003 
  0x000001560753d2e0: 0000 49ba | d8d2 5307 | 5601 0000 | 4d89 97a8 | 0300 0049 | 89a7 a003 | 0000 41c7 | 8744 0400 
  0x000001560753d300: 0004 0000 | 00ff d0c5 | f877 4883 | ec10 c5fb | 1104 2448 | 83ec 1048 | 8904 2448 | c744 2408 
  0x000001560753d320: 0000 0000 | 41c7 8744 | 0400 0005 | 0000 00f0 | 8344 24c0 | 0049 3baf | 4804 0000 | 0f87 0e00 
  0x000001560753d340: 0000 4183 | bf40 0400 | 0000 0f84 | 2000 0000 | 498b cf4c | 8be4 4883 | ec20 4883 | e4f0 48b8 
  0x000001560753d360: 90a9 0421 | ff7f 0000 | ffd0 498b | e44d 33e4 | 41c7 8744 | 0400 0008 | 0000 0049 | c787 a003 
  0x000001560753d380: 0000 0000 | 0000 49c7 | 87b0 0300 | 0000 0000 | 0049 c787 | a803 0000 | 0000 0000 | c5f8 774d 
  0x000001560753d3a0: 8b9f 3004 | 0000 41c7 | 8300 0100 | 0000 0000 | 0049 bbda | a553 0756 | 0100 004c | 3b5d 180f 
  0x000001560753d3c0: 8524 0300 | 0048 8b04 | 2448 83c4 | 1048 85c0 | 0f84 fe02 | 0000 a803 | 0f85 0800 | 0000 488b 
  0x000001560753d3e0: 00e9 ee02 | 0000 a801 | 0f85 0900 | 0000 488b | 40fe e9dd | 0200 0048 | 8b40 ff41 | 807f 3800 
  0x000001560753d400: 0f84 ce02 | 0000 4883 | f800 0f84 | c402 0000 | 4d8b 5f28 | 4983 fb00 | 0f84 1400 | 0000 4983 
  0x000001560753d420: eb08 4d89 | 5f28 4d03 | 5f30 4989 | 03e9 a202 | 0000 4881 | ec50 0100 | 0048 8904 | 2448 894c 
  0x000001560753d440: 2408 4889 | 5424 1048 | 8974 2418 | 4889 7c24 | 204c 8944 | 2428 4c89 | 4c24 304c | 8954 2438 
  0x000001560753d460: 4c89 5c24 | 40c5 fb11 | 4424 50c5 | fb11 4c24 | 58c5 fb11 | 5424 60c5 | fb11 5c24 | 68c5 fb11 
  0x000001560753d480: 6424 70c5 | fb11 6c24 | 78c5 fb11 | b424 8000 | 0000 c5fb | 11bc 2488 | 0000 00c5 | 7b11 8424 
  0x000001560753d4a0: 9000 0000 | c57b 118c | 2498 0000 | 00c5 7b11 | 9424 a000 | 0000 c57b | 119c 24a8 | 0000 00c5 
  0x000001560753d4c0: 7b11 a424 | b000 0000 | c57b 11ac | 24b8 0000 | 00c5 7b11 | b424 c000 | 0000 c57b | 11bc 24c8 
  0x000001560753d4e0: 0000 0062 | e1ff 0811 | 4424 1a62 | e1ff 0811 | 4c24 1b62 | e1ff 0811 | 5424 1c62 | e1ff 0811 
  0x000001560753d500: 5c24 1d62 | e1ff 0811 | 6424 1e62 | e1ff 0811 | 6c24 1f62 | e1ff 0811 | 7424 2062 | e1ff 0811 
  0x000001560753d520: 7c24 2162 | 61ff 0811 | 4424 2262 | 61ff 0811 | 4c24 2362 | 61ff 0811 | 5424 2462 | 61ff 0811 
  0x000001560753d540: 5c24 2562 | 61ff 0811 | 6424 2662 | 61ff 0811 | 6c24 2762 | 61ff 0811 | 7424 2862 | 61ff 0811 
  0x000001560753d560: 7c24 2949 | 8bd7 488b | c848 83ec | 2040 f6c4 | 0f0f 8419 | 0000 0048 | 83ec 0848 | b8e0 07f8 
  0x000001560753d580: 20ff 7f00 | 00ff d048 | 83c4 08e9 | 0c00 0000 | 48b8 e007 | f820 ff7f | 0000 ffd0 | 4883 c420 
  0x000001560753d5a0: 6261 ff08 | 107c 2429 | 6261 ff08 | 1074 2428 | 6261 ff08 | 106c 2427 | 6261 ff08 | 1064 2426 
  0x000001560753d5c0: 6261 ff08 | 105c 2425 | 6261 ff08 | 1054 2424 | 6261 ff08 | 104c 2423 | 6261 ff08 | 1044 2422 
  0x000001560753d5e0: 62e1 ff08 | 107c 2421 | 62e1 ff08 | 1074 2420 | 62e1 ff08 | 106c 241f | 62e1 ff08 | 1064 241e 
  0x000001560753d600: 62e1 ff08 | 105c 241d | 62e1 ff08 | 1054 241c | 62e1 ff08 | 104c 241b | 62e1 ff08 | 1044 241a 
  0x000001560753d620: c57b 10bc | 24c8 0000 | 00c5 7b10 | b424 c000 | 0000 c57b | 10ac 24b8 | 0000 00c5 | 7b10 a424 
  0x000001560753d640: b000 0000 | c57b 109c | 24a8 0000 | 00c5 7b10 | 9424 a000 | 0000 c57b | 108c 2498 | 0000 00c5 
  0x000001560753d660: 7b10 8424 | 9000 0000 | c5fb 10bc | 2488 0000 | 00c5 fb10 | b424 8000 | 0000 c5fb | 106c 2478 
  0x000001560753d680: c5fb 1064 | 2470 c5fb | 105c 2468 | c5fb 1054 | 2460 c5fb | 104c 2458 | c5fb 1044 | 2450 4c8b 
  0x000001560753d6a0: 5c24 404c | 8b54 2438 | 4c8b 4c24 | 304c 8b44 | 2428 488b | 7c24 2048 | 8b74 2418 | 488b 5424 
  0x000001560753d6c0: 1048 8b4c | 2408 488b | 0424 4881 | c450 0100 | 00c5 f877 | 4889 4510 | 4883 ec10 | 4889 0424 
  0x000001560753d6e0: 48c7 4424 | 0800 0000 | 0041 83bf | c804 0000 | 020f 85bf | 0000 0048 | 81ec 8000 | 0000 4889 
  0x000001560753d700: 4424 7848 | 894c 2470 | 4889 5424 | 6848 895c | 2460 4889 | 6c24 5048 | 8974 2448 | 4889 7c24 
  0x000001560753d720: 404c 8944 | 2438 4c89 | 4c24 304c | 8954 2428 | 4c89 5c24 | 204c 8964 | 2418 4c89 | 6c24 104c 
  0x000001560753d740: 8974 2408 | 4c89 3c24 | 4c8b e448 | 83ec 2048 | 83e4 f048 | b8c0 223b | 21ff 7f00 | 00ff d049 
  0x000001560753d760: 8be4 4c8b | 3c24 4c8b | 7424 084c | 8b6c 2410 | 4c8b 6424 | 184c 8b5c | 2420 4c8b | 5424 284c 
  0x000001560753d780: 8b4c 2430 | 4c8b 4424 | 3848 8b7c | 2440 488b | 7424 4848 | 8b6c 2450 | 488b 5c24 | 6048 8b54 
  0x000001560753d7a0: 2468 488b | 4c24 7048 | 8b44 2478 | 4881 c480 | 0000 004d | 33e4 488b | 5de8 4c8b | 6b08 4d8d 
  0x000001560753d7c0: 6d38 4983 | 7f08 000f | 84bb 0000 | 00e8 0500 | 0000 e996 | 0000 0048 | 8d44 2408 | 4c89 6dc0 
  0x000001560753d7e0: 498b cfc5 | f877 4989 | afb0 0300 | 0049 8987 | a003 0000 | 4883 ec20 | 40f6 c40f | 0f84 1900 
  0x000001560753d800: 0000 4883 | ec08 48b8 | 006c 0321 | ff7f 0000 | ffd0 4883 | c408 e90c | 0000 0048 | b800 6c03 
  0x000001560753d820: 21ff 7f00 | 00ff d048 | 83c4 2049 | c787 a003 | 0000 0000 | 0000 49c7 | 87b0 0300 | 0000 0000 
  0x000001560753d840: 0049 c787 | a803 0000 | 0000 0000 | c5f8 7749 | 837f 0800 | 0f84 0500 | 0000 e961 | 36ff ff4c 
  0x000001560753d860: 8b6d c04c | 8b75 c84e | 8d74 f500 | c348 b940 | d562 21ff | 7f00 0048 | 83e4 f048 | b870 4a29 
  0x000001560753d880: 21ff 7f00 | 00ff d0f4 | 448b 5b28 | 41f6 c320 | 0f84 7901 | 0000 488d | 55a8 4c8b | 5a08 4d85 
  0x000001560753d8a0: db0f 85bb | 0000 00e8 | 0500 0000 | e996 0000 | 0048 8d44 | 2408 4c89 | 6dc0 498b | cfc5 f877 
  0x000001560753d8c0: 4989 afb0 | 0300 0049 | 8987 a003 | 0000 4883 | ec20 40f6 | c40f 0f84 | 1900 0000 | 4883 ec08 
  0x000001560753d8e0: 48b8 306b | 0321 ff7f | 0000 ffd0 | 4883 c408 | e90c 0000 | 0048 b830 | 6b03 21ff | 7f00 00ff 
  0x000001560753d900: d048 83c4 | 2049 c787 | a003 0000 | 0000 0000 | 49c7 87b0 | 0300 0000 | 0000 0049 | c787 a803 
  0x000001560753d920: 0000 0000 | 0000 c5f8 | 7749 837f | 0800 0f84 | 0500 0000 | e987 35ff | ff4c 8b6d | c04c 8b75 
  0x000001560753d940: c84e 8d74 | f500 c348 | b940 d562 | 21ff 7f00 | 0048 83e4 | f048 b870 | 4a29 21ff | 7f00 00ff 
  0x000001560753d960: d0f4 4c89 | 6dc0 4c8b | 4a08 48c7 | 4208 0000 | 0000 458b | 8718 0600 | 004f 3b4c | 07f8 0f85 
  0x000001560753d980: 4900 0000 | 4183 af18 | 0600 0008 | 4f3b 4c07 | f00f 842a | 0000 0049 | 8b01 a802 | 0f85 1200 
  0x000001560753d9a0: 0000 4c8b | c049 83c8 | 01f0 4d0f | b101 0f84 | 0d00 0000 | 4183 8718 | 0600 0008 | e90c 0000 
  0x000001560753d9c0: 0049 ff8f | 5005 0000 | e93e 0000 | 004c 894a | 0848 8bca | 4883 ec20 | 40f6 c40f | 0f84 1900 
  0x000001560753d9e0: 0000 4883 | ec08 48b8 | f03d 0321 | ff7f 0000 | ffd0 4883 | c408 e90c | 0000 0048 | b8f0 3d03 
  0x000001560753da00: 21ff 7f00 | 00ff d048 | 83c4 204c | 8b6d c049 | ba41 ad8a | 21ff 7f00 | 0041 803a | 000f 843e 
  0x000001560753da20: 0000 0048 | 8b55 e849 | 8bcf 4883 | ec20 40f6 | c40f 0f84 | 1900 0000 | 4883 ec08 | 48b8 10ee 
  0x000001560753da40: 3a21 ff7f | 0000 ffd0 | 4883 c408 | e90c 0000 | 0048 b810 | ee3a 21ff | 7f00 00ff | d048 83c4 
  0x000001560753da60: 2048 8b04 | 2448 83c4 | 10c5 fb10 | 0424 4883 | c410 4c8b | 5d18 41ff | d34c 8b5d | f8c9 5f49 
  0x000001560753da80: 8be3 ffe7 | ba00 0000 | 00e8 0500 | 0000 e996 | 0000 0048 | 8d44 2408 | 4c89 6dc0 | 498b cfc5 
  0x000001560753daa0: f877 4989 | afb0 0300 | 0049 8987 | a003 0000 | 4883 ec20 | 40f6 c40f | 0f84 1900 | 0000 4883 
  0x000001560753dac0: ec08 48b8 | a031 0321 | ff7f 0000 | ffd0 4883 | c408 e90c | 0000 0048 | b8a0 3103 | 21ff 7f00 
  0x000001560753dae0: 00ff d048 | 83c4 2049 | c787 a003 | 0000 0000 | 0000 49c7 | 87b0 0300 | 0000 0000 | 0049 c787 
  0x000001560753db00: a803 0000 | 0000 0000 | c5f8 7749 | 837f 0800 | 0f84 0500 | 0000 e9a5 | 33ff ff4c | 8b6d c04c 
  0x000001560753db20: 8b75 c84e | 8d74 f500 | c348 8b5d | e8e9 26f5 | ffff 660f | 1f44 0000 
[/MachCode]

---------------  P R O C E S S  ---------------

Threads class SMR info:
_java_thread_list=0x000001565c506cb0, length=17, elements={
0x0000015674f4c590, 0x00000156160fbef0, 0x00000156160fcf00, 0x00000156160ff430,
0x0000015616102320, 0x0000015616103500, 0x0000015616788090, 0x0000015616789450,
0x00000156161087c0, 0x00000156168d5470, 0x00000156168d6190, 0x0000015616987b20,
0x00000156168d4750, 0x0000015616b7e220, 0x00000156168d5b00, 0x00000156168d2d10,
0x00000156168d40c0
}

Java Threads: ( => current thread )
  0x0000015674f4c590 JavaThread "main"                              [_thread_blocked, id=8100, stack(0x0000000715000000,0x0000000715100000) (1024K)]
  0x00000156160fbef0 JavaThread "Reference Handler"          daemon [_thread_blocked, id=11384, stack(0x0000000715800000,0x0000000715900000) (1024K)]
  0x00000156160fcf00 JavaThread "Finalizer"                  daemon [_thread_blocked, id=456, stack(0x0000000715900000,0x0000000715a00000) (1024K)]
  0x00000156160ff430 JavaThread "Signal Dispatcher"          daemon [_thread_blocked, id=68, stack(0x0000000715a00000,0x0000000715b00000) (1024K)]
  0x0000015616102320 JavaThread "Attach Listener"            daemon [_thread_blocked, id=7196, stack(0x0000000715b00000,0x0000000715c00000) (1024K)]
  0x0000015616103500 JavaThread "Service Thread"             daemon [_thread_blocked, id=3852, stack(0x0000000715c00000,0x0000000715d00000) (1024K)]
  0x0000015616788090 JavaThread "Monitor Deflation Thread"   daemon [_thread_blocked, id=5704, stack(0x0000000715d00000,0x0000000715e00000) (1024K)]
  0x0000015616789450 JavaThread "C2 CompilerThread0"         daemon [_thread_blocked, id=1876, stack(0x0000000715e00000,0x0000000715f00000) (1024K)]
  0x00000156161087c0 JavaThread "C1 CompilerThread0"         daemon [_thread_blocked, id=16188, stack(0x0000000715f00000,0x0000000716000000) (1024K)]
  0x00000156168d5470 JavaThread "Notification Thread"        daemon [_thread_blocked, id=15068, stack(0x0000000716000000,0x0000000716100000) (1024K)]
  0x00000156168d6190 JavaThread "Common-Cleaner"             daemon [_thread_blocked, id=5656, stack(0x0000000716100000,0x0000000716200000) (1024K)]
  0x0000015616987b20 JavaThread "C2 CompilerThread1"         daemon [_thread_blocked, id=15004, stack(0x0000000716200000,0x0000000716300000) (1024K)]
  0x00000156168d4750 JavaThread "JavaFX-Launcher"                   [_thread_blocked, id=17268, stack(0x0000000716300000,0x0000000716400000) (1024K)]
  0x0000015616b7e220 JavaThread "C2 CompilerThread2"         daemon [_thread_blocked, id=16600, stack(0x0000000716400000,0x0000000716500000) (1024K)]
  0x00000156168d5b00 JavaThread "QuantumRenderer-0"          daemon [_thread_blocked, id=14000, stack(0x0000000716500000,0x0000000716600000) (1024K)]
  0x00000156168d2d10 JavaThread "InvokeLaterDispatcher"      daemon [_thread_blocked, id=7028, stack(0x0000000716600000,0x0000000716700000) (1024K)]
=>0x00000156168d40c0 JavaThread "WindowsNativeRunloopThread"        [_thread_in_vm, id=8648, stack(0x0000000716700000,0x0000000716800000) (1024K)]
Total: 17

Other Threads:
  0x00000156160e4260 VMThread "VM Thread"                           [id=18540, stack(0x0000000715700000,0x0000000715800000) (1024K)]
  0x00000156160d17f0 WatcherThread "VM Periodic Task Thread"        [id=16292, stack(0x0000000715600000,0x0000000715700000) (1024K)]
  0x00000156773d04a0 WorkerThread "GC Thread#0"                     [id=11660, stack(0x0000000715100000,0x0000000715200000) (1024K)]
  0x0000015677423010 ConcurrentGCThread "G1 Main Marker"            [id=18980, stack(0x0000000715200000,0x0000000715300000) (1024K)]
  0x0000015677423b20 WorkerThread "G1 Conc#0"                       [id=17768, stack(0x0000000715300000,0x0000000715400000) (1024K)]
  0x0000015615fa72d0 ConcurrentGCThread "G1 Refine#0"               [id=11824, stack(0x0000000715400000,0x0000000715500000) (1024K)]
  0x0000015615fa7e50 ConcurrentGCThread "G1 Service"                [id=11416, stack(0x0000000715500000,0x0000000715600000) (1024K)]
Total: 7

Threads with active compile tasks:
Total: 0

VM state: not at safepoint (normal execution)

VM Mutex/Monitor currently owned by a thread: None

Heap address: 0x00000004d7800000, size: 4042 MB, Compressed Oops mode: Zero based, Oop shift amount: 3

CDS archive(s) mapped at: [0x0000015617000000-0x0000015617d70000-0x0000015617d70000), size 14090240, SharedBaseAddress: 0x0000015617000000, ArchiveRelocationMode: 1.
Compressed class space mapped at: 0x0000015618000000-0x0000015658000000, reserved size: 1073741824
Narrow klass base: 0x0000015617000000, Narrow klass shift: 0, Narrow klass range: 0x41000000

GC Precious Log:
 CardTable entry size: 512
 Card Set container configuration: InlinePtr #cards 4 size 8 Array Of Cards #cards 16 size 48 Howl #buckets 8 coarsen threshold 3686 Howl Bitmap #cards 512 size 80 coarsen threshold 460 Card regions per heap region 1 cards per card region 4096
 CPUs: 8 total, 8 available
 Memory: 16163M
 Large Page Support: Disabled
 NUMA Support: Disabled
 Compressed Oops: Enabled (Zero based)
 Heap Region Size: 2M
 Heap Min Capacity: 8M
 Heap Initial Capacity: 254M
 Heap Max Capacity: 4042M
 Pre-touch: Disabled
 Parallel Workers: 8
 Concurrent Workers: 2
 Concurrent Refinement Workers: 8
 Periodic GC: Disabled

Heap:
 garbage-first heap   total reserved 4139008K, committed 260096K, used 12288K [0x00000004d7800000, 0x00000005d4200000)
  region size 2048K, 6 young (12288K), 0 survivors (0K)
 Metaspace       used 3114K, committed 3392K, reserved 1114112K
  class space    used 325K, committed 448K, reserved 1048576K

Heap Regions: E=young(eden), S=young(survivor), O=old, HS=humongous(starts), HC=humongous(continues), CS=collection set, F=free, TAMS=top-at-mark-start, PB=parsable bottom
|   0|0x00000004d7800000, 0x00000004d7a00000, 0x00000004d7a00000|100%|HS|  |TAMS 0x00000004d7800000| PB 0x00000004d7800000| Complete |  0
|   1|0x00000004d7a00000, 0x00000004d7a00000, 0x00000004d7c00000|  0%| F|  |TAMS 0x00000004d7a00000| PB 0x00000004d7a00000| Untracked |  0
|   2|0x00000004d7c00000, 0x00000004d7c00000, 0x00000004d7e00000|  0%| F|  |TAMS 0x00000004d7c00000| PB 0x00000004d7c00000| Untracked |  0
|   3|0x00000004d7e00000, 0x00000004d7e00000, 0x00000004d8000000|  0%| F|  |TAMS 0x00000004d7e00000| PB 0x00000004d7e00000| Untracked |  0
|   4|0x00000004d8000000, 0x00000004d8000000, 0x00000004d8200000|  0%| F|  |TAMS 0x00000004d8000000| PB 0x00000004d8000000| Untracked |  0
|   5|0x00000004d8200000, 0x00000004d8200000, 0x00000004d8400000|  0%| F|  |TAMS 0x00000004d8200000| PB 0x00000004d8200000| Untracked |  0
|   6|0x00000004d8400000, 0x00000004d8400000, 0x00000004d8600000|  0%| F|  |TAMS 0x00000004d8400000| PB 0x00000004d8400000| Untracked |  0
|   7|0x00000004d8600000, 0x00000004d8600000, 0x00000004d8800000|  0%| F|  |TAMS 0x00000004d8600000| PB 0x00000004d8600000| Untracked |  0
|   8|0x00000004d8800000, 0x00000004d8800000, 0x00000004d8a00000|  0%| F|  |TAMS 0x00000004d8800000| PB 0x00000004d8800000| Untracked |  0
|   9|0x00000004d8a00000, 0x00000004d8a00000, 0x00000004d8c00000|  0%| F|  |TAMS 0x00000004d8a00000| PB 0x00000004d8a00000| Untracked |  0
|  10|0x00000004d8c00000, 0x00000004d8c00000, 0x00000004d8e00000|  0%| F|  |TAMS 0x00000004d8c00000| PB 0x00000004d8c00000| Untracked |  0
|  11|0x00000004d8e00000, 0x00000004d8e00000, 0x00000004d9000000|  0%| F|  |TAMS 0x00000004d8e00000| PB 0x00000004d8e00000| Untracked |  0
|  12|0x00000004d9000000, 0x00000004d9000000, 0x00000004d9200000|  0%| F|  |TAMS 0x00000004d9000000| PB 0x00000004d9000000| Untracked |  0
|  13|0x00000004d9200000, 0x00000004d9200000, 0x00000004d9400000|  0%| F|  |TAMS 0x00000004d9200000| PB 0x00000004d9200000| Untracked |  0
|  14|0x00000004d9400000, 0x00000004d9400000, 0x00000004d9600000|  0%| F|  |TAMS 0x00000004d9400000| PB 0x00000004d9400000| Untracked |  0
|  15|0x00000004d9600000, 0x00000004d9600000, 0x00000004d9800000|  0%| F|  |TAMS 0x00000004d9600000| PB 0x00000004d9600000| Untracked |  0
|  16|0x00000004d9800000, 0x00000004d9800000, 0x00000004d9a00000|  0%| F|  |TAMS 0x00000004d9800000| PB 0x00000004d9800000| Untracked |  0
|  17|0x00000004d9a00000, 0x00000004d9a00000, 0x00000004d9c00000|  0%| F|  |TAMS 0x00000004d9a00000| PB 0x00000004d9a00000| Untracked |  0
|  18|0x00000004d9c00000, 0x00000004d9c00000, 0x00000004d9e00000|  0%| F|  |TAMS 0x00000004d9c00000| PB 0x00000004d9c00000| Untracked |  0
|  19|0x00000004d9e00000, 0x00000004d9e00000, 0x00000004da000000|  0%| F|  |TAMS 0x00000004d9e00000| PB 0x00000004d9e00000| Untracked |  0
|  20|0x00000004da000000, 0x00000004da000000, 0x00000004da200000|  0%| F|  |TAMS 0x00000004da000000| PB 0x00000004da000000| Untracked |  0
|  21|0x00000004da200000, 0x00000004da200000, 0x00000004da400000|  0%| F|  |TAMS 0x00000004da200000| PB 0x00000004da200000| Untracked |  0
|  22|0x00000004da400000, 0x00000004da400000, 0x00000004da600000|  0%| F|  |TAMS 0x00000004da400000| PB 0x00000004da400000| Untracked |  0
|  23|0x00000004da600000, 0x00000004da600000, 0x00000004da800000|  0%| F|  |TAMS 0x00000004da600000| PB 0x00000004da600000| Untracked |  0
|  24|0x00000004da800000, 0x00000004da800000, 0x00000004daa00000|  0%| F|  |TAMS 0x00000004da800000| PB 0x00000004da800000| Untracked |  0
|  25|0x00000004daa00000, 0x00000004daa00000, 0x00000004dac00000|  0%| F|  |TAMS 0x00000004daa00000| PB 0x00000004daa00000| Untracked |  0
|  26|0x00000004dac00000, 0x00000004dac00000, 0x00000004dae00000|  0%| F|  |TAMS 0x00000004dac00000| PB 0x00000004dac00000| Untracked |  0
|  27|0x00000004dae00000, 0x00000004dae00000, 0x00000004db000000|  0%| F|  |TAMS 0x00000004dae00000| PB 0x00000004dae00000| Untracked |  0
|  28|0x00000004db000000, 0x00000004db000000, 0x00000004db200000|  0%| F|  |TAMS 0x00000004db000000| PB 0x00000004db000000| Untracked |  0
|  29|0x00000004db200000, 0x00000004db200000, 0x00000004db400000|  0%| F|  |TAMS 0x00000004db200000| PB 0x00000004db200000| Untracked |  0
|  30|0x00000004db400000, 0x00000004db400000, 0x00000004db600000|  0%| F|  |TAMS 0x00000004db400000| PB 0x00000004db400000| Untracked |  0
|  31|0x00000004db600000, 0x00000004db600000, 0x00000004db800000|  0%| F|  |TAMS 0x00000004db600000| PB 0x00000004db600000| Untracked |  0
|  32|0x00000004db800000, 0x00000004db800000, 0x00000004dba00000|  0%| F|  |TAMS 0x00000004db800000| PB 0x00000004db800000| Untracked |  0
|  33|0x00000004dba00000, 0x00000004dba00000, 0x00000004dbc00000|  0%| F|  |TAMS 0x00000004dba00000| PB 0x00000004dba00000| Untracked |  0
|  34|0x00000004dbc00000, 0x00000004dbc00000, 0x00000004dbe00000|  0%| F|  |TAMS 0x00000004dbc00000| PB 0x00000004dbc00000| Untracked |  0
|  35|0x00000004dbe00000, 0x00000004dbe00000, 0x00000004dc000000|  0%| F|  |TAMS 0x00000004dbe00000| PB 0x00000004dbe00000| Untracked |  0
|  36|0x00000004dc000000, 0x00000004dc000000, 0x00000004dc200000|  0%| F|  |TAMS 0x00000004dc000000| PB 0x00000004dc000000| Untracked |  0
|  37|0x00000004dc200000, 0x00000004dc200000, 0x00000004dc400000|  0%| F|  |TAMS 0x00000004dc200000| PB 0x00000004dc200000| Untracked |  0
|  38|0x00000004dc400000, 0x00000004dc400000, 0x00000004dc600000|  0%| F|  |TAMS 0x00000004dc400000| PB 0x00000004dc400000| Untracked |  0
|  39|0x00000004dc600000, 0x00000004dc600000, 0x00000004dc800000|  0%| F|  |TAMS 0x00000004dc600000| PB 0x00000004dc600000| Untracked |  0
|  40|0x00000004dc800000, 0x00000004dc800000, 0x00000004dca00000|  0%| F|  |TAMS 0x00000004dc800000| PB 0x00000004dc800000| Untracked |  0
|  41|0x00000004dca00000, 0x00000004dca00000, 0x00000004dcc00000|  0%| F|  |TAMS 0x00000004dca00000| PB 0x00000004dca00000| Untracked |  0
|  42|0x00000004dcc00000, 0x00000004dcc00000, 0x00000004dce00000|  0%| F|  |TAMS 0x00000004dcc00000| PB 0x00000004dcc00000| Untracked |  0
|  43|0x00000004dce00000, 0x00000004dce00000, 0x00000004dd000000|  0%| F|  |TAMS 0x00000004dce00000| PB 0x00000004dce00000| Untracked |  0
|  44|0x00000004dd000000, 0x00000004dd000000, 0x00000004dd200000|  0%| F|  |TAMS 0x00000004dd000000| PB 0x00000004dd000000| Untracked |  0
|  45|0x00000004dd200000, 0x00000004dd200000, 0x00000004dd400000|  0%| F|  |TAMS 0x00000004dd200000| PB 0x00000004dd200000| Untracked |  0
|  46|0x00000004dd400000, 0x00000004dd400000, 0x00000004dd600000|  0%| F|  |TAMS 0x00000004dd400000| PB 0x00000004dd400000| Untracked |  0
|  47|0x00000004dd600000, 0x00000004dd600000, 0x00000004dd800000|  0%| F|  |TAMS 0x00000004dd600000| PB 0x00000004dd600000| Untracked |  0
|  48|0x00000004dd800000, 0x00000004dd800000, 0x00000004dda00000|  0%| F|  |TAMS 0x00000004dd800000| PB 0x00000004dd800000| Untracked |  0
|  49|0x00000004dda00000, 0x00000004dda00000, 0x00000004ddc00000|  0%| F|  |TAMS 0x00000004dda00000| PB 0x00000004dda00000| Untracked |  0
|  50|0x00000004ddc00000, 0x00000004ddc00000, 0x00000004dde00000|  0%| F|  |TAMS 0x00000004ddc00000| PB 0x00000004ddc00000| Untracked |  0
|  51|0x00000004dde00000, 0x00000004dde00000, 0x00000004de000000|  0%| F|  |TAMS 0x00000004dde00000| PB 0x00000004dde00000| Untracked |  0
|  52|0x00000004de000000, 0x00000004de000000, 0x00000004de200000|  0%| F|  |TAMS 0x00000004de000000| PB 0x00000004de000000| Untracked |  0
|  53|0x00000004de200000, 0x00000004de200000, 0x00000004de400000|  0%| F|  |TAMS 0x00000004de200000| PB 0x00000004de200000| Untracked |  0
|  54|0x00000004de400000, 0x00000004de400000, 0x00000004de600000|  0%| F|  |TAMS 0x00000004de400000| PB 0x00000004de400000| Untracked |  0
|  55|0x00000004de600000, 0x00000004de600000, 0x00000004de800000|  0%| F|  |TAMS 0x00000004de600000| PB 0x00000004de600000| Untracked |  0
|  56|0x00000004de800000, 0x00000004de800000, 0x00000004dea00000|  0%| F|  |TAMS 0x00000004de800000| PB 0x00000004de800000| Untracked |  0
|  57|0x00000004dea00000, 0x00000004dea00000, 0x00000004dec00000|  0%| F|  |TAMS 0x00000004dea00000| PB 0x00000004dea00000| Untracked |  0
|  58|0x00000004dec00000, 0x00000004dec00000, 0x00000004dee00000|  0%| F|  |TAMS 0x00000004dec00000| PB 0x00000004dec00000| Untracked |  0
|  59|0x00000004dee00000, 0x00000004dee00000, 0x00000004df000000|  0%| F|  |TAMS 0x00000004dee00000| PB 0x00000004dee00000| Untracked |  0
|  60|0x00000004df000000, 0x00000004df000000, 0x00000004df200000|  0%| F|  |TAMS 0x00000004df000000| PB 0x00000004df000000| Untracked |  0
|  61|0x00000004df200000, 0x00000004df200000, 0x00000004df400000|  0%| F|  |TAMS 0x00000004df200000| PB 0x00000004df200000| Untracked |  0
|  62|0x00000004df400000, 0x00000004df400000, 0x00000004df600000|  0%| F|  |TAMS 0x00000004df400000| PB 0x00000004df400000| Untracked |  0
|  63|0x00000004df600000, 0x00000004df600000, 0x00000004df800000|  0%| F|  |TAMS 0x00000004df600000| PB 0x00000004df600000| Untracked |  0
|  64|0x00000004df800000, 0x00000004df800000, 0x00000004dfa00000|  0%| F|  |TAMS 0x00000004df800000| PB 0x00000004df800000| Untracked |  0
|  65|0x00000004dfa00000, 0x00000004dfa00000, 0x00000004dfc00000|  0%| F|  |TAMS 0x00000004dfa00000| PB 0x00000004dfa00000| Untracked |  0
|  66|0x00000004dfc00000, 0x00000004dfc00000, 0x00000004dfe00000|  0%| F|  |TAMS 0x00000004dfc00000| PB 0x00000004dfc00000| Untracked |  0
|  67|0x00000004dfe00000, 0x00000004dfe00000, 0x00000004e0000000|  0%| F|  |TAMS 0x00000004dfe00000| PB 0x00000004dfe00000| Untracked |  0
|  68|0x00000004e0000000, 0x00000004e0000000, 0x00000004e0200000|  0%| F|  |TAMS 0x00000004e0000000| PB 0x00000004e0000000| Untracked |  0
|  69|0x00000004e0200000, 0x00000004e0200000, 0x00000004e0400000|  0%| F|  |TAMS 0x00000004e0200000| PB 0x00000004e0200000| Untracked |  0
|  70|0x00000004e0400000, 0x00000004e0400000, 0x00000004e0600000|  0%| F|  |TAMS 0x00000004e0400000| PB 0x00000004e0400000| Untracked |  0
|  71|0x00000004e0600000, 0x00000004e0600000, 0x00000004e0800000|  0%| F|  |TAMS 0x00000004e0600000| PB 0x00000004e0600000| Untracked |  0
|  72|0x00000004e0800000, 0x00000004e0800000, 0x00000004e0a00000|  0%| F|  |TAMS 0x00000004e0800000| PB 0x00000004e0800000| Untracked |  0
|  73|0x00000004e0a00000, 0x00000004e0a00000, 0x00000004e0c00000|  0%| F|  |TAMS 0x00000004e0a00000| PB 0x00000004e0a00000| Untracked |  0
|  74|0x00000004e0c00000, 0x00000004e0c00000, 0x00000004e0e00000|  0%| F|  |TAMS 0x00000004e0c00000| PB 0x00000004e0c00000| Untracked |  0
|  75|0x00000004e0e00000, 0x00000004e0e00000, 0x00000004e1000000|  0%| F|  |TAMS 0x00000004e0e00000| PB 0x00000004e0e00000| Untracked |  0
|  76|0x00000004e1000000, 0x00000004e1000000, 0x00000004e1200000|  0%| F|  |TAMS 0x00000004e1000000| PB 0x00000004e1000000| Untracked |  0
|  77|0x00000004e1200000, 0x00000004e1200000, 0x00000004e1400000|  0%| F|  |TAMS 0x00000004e1200000| PB 0x00000004e1200000| Untracked |  0
|  78|0x00000004e1400000, 0x00000004e1400000, 0x00000004e1600000|  0%| F|  |TAMS 0x00000004e1400000| PB 0x00000004e1400000| Untracked |  0
|  79|0x00000004e1600000, 0x00000004e1600000, 0x00000004e1800000|  0%| F|  |TAMS 0x00000004e1600000| PB 0x00000004e1600000| Untracked |  0
|  80|0x00000004e1800000, 0x00000004e1800000, 0x00000004e1a00000|  0%| F|  |TAMS 0x00000004e1800000| PB 0x00000004e1800000| Untracked |  0
|  81|0x00000004e1a00000, 0x00000004e1a00000, 0x00000004e1c00000|  0%| F|  |TAMS 0x00000004e1a00000| PB 0x00000004e1a00000| Untracked |  0
|  82|0x00000004e1c00000, 0x00000004e1c00000, 0x00000004e1e00000|  0%| F|  |TAMS 0x00000004e1c00000| PB 0x00000004e1c00000| Untracked |  0
|  83|0x00000004e1e00000, 0x00000004e1e00000, 0x00000004e2000000|  0%| F|  |TAMS 0x00000004e1e00000| PB 0x00000004e1e00000| Untracked |  0
|  84|0x00000004e2000000, 0x00000004e2000000, 0x00000004e2200000|  0%| F|  |TAMS 0x00000004e2000000| PB 0x00000004e2000000| Untracked |  0
|  85|0x00000004e2200000, 0x00000004e2200000, 0x00000004e2400000|  0%| F|  |TAMS 0x00000004e2200000| PB 0x00000004e2200000| Untracked |  0
|  86|0x00000004e2400000, 0x00000004e2400000, 0x00000004e2600000|  0%| F|  |TAMS 0x00000004e2400000| PB 0x00000004e2400000| Untracked |  0
|  87|0x00000004e2600000, 0x00000004e2600000, 0x00000004e2800000|  0%| F|  |TAMS 0x00000004e2600000| PB 0x00000004e2600000| Untracked |  0
|  88|0x00000004e2800000, 0x00000004e2800000, 0x00000004e2a00000|  0%| F|  |TAMS 0x00000004e2800000| PB 0x00000004e2800000| Untracked |  0
|  89|0x00000004e2a00000, 0x00000004e2a00000, 0x00000004e2c00000|  0%| F|  |TAMS 0x00000004e2a00000| PB 0x00000004e2a00000| Untracked |  0
|  90|0x00000004e2c00000, 0x00000004e2c00000, 0x00000004e2e00000|  0%| F|  |TAMS 0x00000004e2c00000| PB 0x00000004e2c00000| Untracked |  0
|  91|0x00000004e2e00000, 0x00000004e2e00000, 0x00000004e3000000|  0%| F|  |TAMS 0x00000004e2e00000| PB 0x00000004e2e00000| Untracked |  0
|  92|0x00000004e3000000, 0x00000004e3000000, 0x00000004e3200000|  0%| F|  |TAMS 0x00000004e3000000| PB 0x00000004e3000000| Untracked |  0
|  93|0x00000004e3200000, 0x00000004e3200000, 0x00000004e3400000|  0%| F|  |TAMS 0x00000004e3200000| PB 0x00000004e3200000| Untracked |  0
|  94|0x00000004e3400000, 0x00000004e3400000, 0x00000004e3600000|  0%| F|  |TAMS 0x00000004e3400000| PB 0x00000004e3400000| Untracked |  0
|  95|0x00000004e3600000, 0x00000004e3600000, 0x00000004e3800000|  0%| F|  |TAMS 0x00000004e3600000| PB 0x00000004e3600000| Untracked |  0
|  96|0x00000004e3800000, 0x00000004e3800000, 0x00000004e3a00000|  0%| F|  |TAMS 0x00000004e3800000| PB 0x00000004e3800000| Untracked |  0
|  97|0x00000004e3a00000, 0x00000004e3a00000, 0x00000004e3c00000|  0%| F|  |TAMS 0x00000004e3a00000| PB 0x00000004e3a00000| Untracked |  0
|  98|0x00000004e3c00000, 0x00000004e3c00000, 0x00000004e3e00000|  0%| F|  |TAMS 0x00000004e3c00000| PB 0x00000004e3c00000| Untracked |  0
|  99|0x00000004e3e00000, 0x00000004e3e00000, 0x00000004e4000000|  0%| F|  |TAMS 0x00000004e3e00000| PB 0x00000004e3e00000| Untracked |  0
| 100|0x00000004e4000000, 0x00000004e4000000, 0x00000004e4200000|  0%| F|  |TAMS 0x00000004e4000000| PB 0x00000004e4000000| Untracked |  0
| 101|0x00000004e4200000, 0x00000004e4200000, 0x00000004e4400000|  0%| F|  |TAMS 0x00000004e4200000| PB 0x00000004e4200000| Untracked |  0
| 102|0x00000004e4400000, 0x00000004e4400000, 0x00000004e4600000|  0%| F|  |TAMS 0x00000004e4400000| PB 0x00000004e4400000| Untracked |  0
| 103|0x00000004e4600000, 0x00000004e4600000, 0x00000004e4800000|  0%| F|  |TAMS 0x00000004e4600000| PB 0x00000004e4600000| Untracked |  0
| 104|0x00000004e4800000, 0x00000004e4800000, 0x00000004e4a00000|  0%| F|  |TAMS 0x00000004e4800000| PB 0x00000004e4800000| Untracked |  0
| 105|0x00000004e4a00000, 0x00000004e4a00000, 0x00000004e4c00000|  0%| F|  |TAMS 0x00000004e4a00000| PB 0x00000004e4a00000| Untracked |  0
| 106|0x00000004e4c00000, 0x00000004e4c00000, 0x00000004e4e00000|  0%| F|  |TAMS 0x00000004e4c00000| PB 0x00000004e4c00000| Untracked |  0
| 107|0x00000004e4e00000, 0x00000004e4e00000, 0x00000004e5000000|  0%| F|  |TAMS 0x00000004e4e00000| PB 0x00000004e4e00000| Untracked |  0
| 108|0x00000004e5000000, 0x00000004e5000000, 0x00000004e5200000|  0%| F|  |TAMS 0x00000004e5000000| PB 0x00000004e5000000| Untracked |  0
| 109|0x00000004e5200000, 0x00000004e5200000, 0x00000004e5400000|  0%| F|  |TAMS 0x00000004e5200000| PB 0x00000004e5200000| Untracked |  0
| 110|0x00000004e5400000, 0x00000004e5400000, 0x00000004e5600000|  0%| F|  |TAMS 0x00000004e5400000| PB 0x00000004e5400000| Untracked |  0
| 111|0x00000004e5600000, 0x00000004e5600000, 0x00000004e5800000|  0%| F|  |TAMS 0x00000004e5600000| PB 0x00000004e5600000| Untracked |  0
| 112|0x00000004e5800000, 0x00000004e5800000, 0x00000004e5a00000|  0%| F|  |TAMS 0x00000004e5800000| PB 0x00000004e5800000| Untracked |  0
| 113|0x00000004e5a00000, 0x00000004e5a00000, 0x00000004e5c00000|  0%| F|  |TAMS 0x00000004e5a00000| PB 0x00000004e5a00000| Untracked |  0
| 114|0x00000004e5c00000, 0x00000004e5c00000, 0x00000004e5e00000|  0%| F|  |TAMS 0x00000004e5c00000| PB 0x00000004e5c00000| Untracked |  0
| 115|0x00000004e5e00000, 0x00000004e5e00000, 0x00000004e6000000|  0%| F|  |TAMS 0x00000004e5e00000| PB 0x00000004e5e00000| Untracked |  0
| 116|0x00000004e6000000, 0x00000004e6000000, 0x00000004e6200000|  0%| F|  |TAMS 0x00000004e6000000| PB 0x00000004e6000000| Untracked |  0
| 117|0x00000004e6200000, 0x00000004e6200000, 0x00000004e6400000|  0%| F|  |TAMS 0x00000004e6200000| PB 0x00000004e6200000| Untracked |  0
| 118|0x00000004e6400000, 0x00000004e6400000, 0x00000004e6600000|  0%| F|  |TAMS 0x00000004e6400000| PB 0x00000004e6400000| Untracked |  0
| 119|0x00000004e6600000, 0x00000004e6600000, 0x00000004e6800000|  0%| F|  |TAMS 0x00000004e6600000| PB 0x00000004e6600000| Untracked |  0
| 120|0x00000004e6800000, 0x00000004e6800000, 0x00000004e6a00000|  0%| F|  |TAMS 0x00000004e6800000| PB 0x00000004e6800000| Untracked |  0
| 121|0x00000004e6a00000, 0x00000004e6beb8c0, 0x00000004e6c00000| 96%| E|  |TAMS 0x00000004e6a00000| PB 0x00000004e6a00000| Complete |  0
| 122|0x00000004e6c00000, 0x00000004e6e00000, 0x00000004e6e00000|100%| E|CS|TAMS 0x00000004e6c00000| PB 0x00000004e6c00000| Complete |  0
| 123|0x00000004e6e00000, 0x00000004e7000000, 0x00000004e7000000|100%| E|CS|TAMS 0x00000004e6e00000| PB 0x00000004e6e00000| Complete |  0
| 124|0x00000004e7000000, 0x00000004e7200000, 0x00000004e7200000|100%| E|CS|TAMS 0x00000004e7000000| PB 0x00000004e7000000| Complete |  0
| 125|0x00000004e7200000, 0x00000004e7400000, 0x00000004e7400000|100%| E|CS|TAMS 0x00000004e7200000| PB 0x00000004e7200000| Complete |  0
| 126|0x00000004e7400000, 0x00000004e7600000, 0x00000004e7600000|100%| E|CS|TAMS 0x00000004e7400000| PB 0x00000004e7400000| Complete |  0

Card table byte_map: [0x000001560f7f0000,0x000001560ffe0000] _byte_map_base: 0x000001560d134000

Marking Bits: (CMBitMap*) 0x00000156773d0bb0
 Bits: [0x000001560ffe0000, 0x0000015613f08000)

Polling page: 0x00000156751d0000

Metaspace:

Usage:
  Non-class:      2.72 MB used.
      Class:    325.59 KB used.
       Both:      3.04 MB used.

Virtual space:
  Non-class space:       64.00 MB reserved,       2.88 MB (  4%) committed,  1 nodes.
      Class space:        1.00 GB reserved,     448.00 KB ( <1%) committed,  1 nodes.
             Both:        1.06 GB reserved,       3.31 MB ( <1%) committed. 

Chunk freelists:
   Non-Class:  10.93 MB
       Class:  15.56 MB
        Both:  26.49 MB

MaxMetaspaceSize: unlimited
CompressedClassSpaceSize: 1.00 GB
Initial GC threshold: 21.00 MB
Current GC threshold: 21.00 MB
CDS: on
 - commit_granule_bytes: 65536.
 - commit_granule_words: 8192.
 - virtual_space_node_default_size: 8388608.
 - enlarge_chunks_in_place: 1.
 - use_allocation_guard: 0.


Internal statistics:

num_allocs_failed_limit: 0.
num_arena_births: 104.
num_arena_deaths: 0.
num_vsnodes_births: 2.
num_vsnodes_deaths: 0.
num_space_committed: 53.
num_space_uncommitted: 0.
num_chunks_returned_to_freelist: 0.
num_chunks_taken_from_freelist: 177.
num_chunk_merges: 0.
num_chunk_splits: 109.
num_chunks_enlarged: 65.
num_inconsistent_stats: 0.

CodeHeap 'non-profiled nmethods': size=120064Kb used=258Kb max_used=258Kb free=119805Kb
 bounds [0x0000015607ac0000, 0x0000015607d30000, 0x000001560f000000]
CodeHeap 'profiled nmethods': size=120000Kb used=1070Kb max_used=1070Kb free=118929Kb
 bounds [0x0000015600000000, 0x0000015600270000, 0x0000015607530000]
CodeHeap 'non-nmethods': size=5696Kb used=1489Kb max_used=1501Kb free=4206Kb
 bounds [0x0000015607530000, 0x00000156077a0000, 0x0000015607ac0000]
CodeCache: size=245760Kb, used=2817Kb, max_used=2829Kb, free=242940Kb
 total_blobs=1367, nmethods=879, adapters=394, full_count=0
Compilation: enabled, stopped_count=0, restarted_count=0

Compilation events (20 events):
Event: 0.298 Thread 0x00000156161087c0  863       3       jdk.internal.org.objectweb.asm.AnnotationWriter::computeAnnotationsSize (66 bytes)
Event: 0.298 Thread 0x00000156161087c0 nmethod 863 0x0000015600107b88 code [0x0000015600107ce0, 0x0000015600107fc0]
Event: 0.298 Thread 0x00000156161087c0  866   !   3       java.lang.invoke.MemberName$Factory::resolve (159 bytes)
Event: 0.299 Thread 0x00000156161087c0 nmethod 866 0x0000015600108008 code [0x00000156001081c0, 0x0000015600108890]
Event: 0.299 Thread 0x00000156161087c0  868       3       sun.invoke.util.BytecodeDescriptor::unparse (24 bytes)
Event: 0.299 Thread 0x00000156161087c0 nmethod 868 0x0000015600108908 code [0x0000015600108a40, 0x0000015600108c38]
Event: 0.299 Thread 0x00000156161087c0  869       3       java.lang.reflect.Modifier::isFinal (13 bytes)
Event: 0.299 Thread 0x00000156161087c0 nmethod 869 0x0000015600108c88 code [0x0000015600108da0, 0x0000015600108ed8]
Event: 0.299 Thread 0x00000156161087c0  864       1       java.lang.invoke.InfoFromMemberName::getReferenceKind (5 bytes)
Event: 0.299 Thread 0x00000156161087c0 nmethod 864 0x0000015607affc08 code [0x0000015607affd20, 0x0000015607affde8]
Event: 0.299 Thread 0x00000156161087c0  871       3       java.lang.invoke.InvokerBytecodeGenerator::emitPushArgument (150 bytes)
Event: 0.299 Thread 0x00000156161087c0 nmethod 871 0x0000015600108f88 code [0x00000156001091e0, 0x0000015600109ee8]
Event: 0.299 Thread 0x00000156161087c0  874       3       jdk.internal.org.objectweb.asm.Label::<init> (5 bytes)
Event: 0.299 Thread 0x00000156161087c0 nmethod 874 0x0000015600109f88 code [0x000001560010a0a0, 0x000001560010a208]
Event: 0.299 Thread 0x00000156161087c0  876       3       jdk.internal.org.objectweb.asm.MethodVisitor::<init> (78 bytes)
Event: 0.299 Thread 0x00000156161087c0 nmethod 876 0x000001560010a288 code [0x000001560010a440, 0x000001560010ac20]
Event: 0.299 Thread 0x00000156161087c0  877       3       jdk.internal.org.objectweb.asm.MethodWriter::visitMethodInsn (191 bytes)
Event: 0.300 Thread 0x00000156161087c0 nmethod 877 0x000001560010ac88 code [0x000001560010ae40, 0x000001560010b588]
Event: 0.300 Thread 0x00000156161087c0  878       3       jdk.internal.org.objectweb.asm.SymbolTable::addConstantMethodref (24 bytes)
Event: 0.300 Thread 0x00000156161087c0 nmethod 878 0x000001560010b608 code [0x000001560010b720, 0x000001560010b8c0]

GC Heap History (0 events):
No events

Dll operation events (20 events):
Event: 0.213 Loaded shared library C:\Users\USER\.openjfx\cache\17.0.6+3\amd64\api-ms-win-crt-heap-l1-1-0.dll
Event: 0.215 Loaded shared library C:\Users\USER\.openjfx\cache\17.0.6+3\amd64\api-ms-win-crt-locale-l1-1-0.dll
Event: 0.218 Loaded shared library C:\Users\USER\.openjfx\cache\17.0.6+3\amd64\api-ms-win-crt-math-l1-1-0.dll
Event: 0.220 Loaded shared library C:\Users\USER\.openjfx\cache\17.0.6+3\amd64\api-ms-win-crt-multibyte-l1-1-0.dll
Event: 0.222 Loaded shared library C:\Users\USER\.openjfx\cache\17.0.6+3\amd64\api-ms-win-crt-private-l1-1-0.dll
Event: 0.223 Loaded shared library C:\Users\USER\.openjfx\cache\17.0.6+3\amd64\api-ms-win-crt-process-l1-1-0.dll
Event: 0.225 Loaded shared library C:\Users\USER\.openjfx\cache\17.0.6+3\amd64\api-ms-win-crt-runtime-l1-1-0.dll
Event: 0.227 Loaded shared library C:\Users\USER\.openjfx\cache\17.0.6+3\amd64\api-ms-win-crt-stdio-l1-1-0.dll
Event: 0.228 Loaded shared library C:\Users\USER\.openjfx\cache\17.0.6+3\amd64\api-ms-win-crt-string-l1-1-0.dll
Event: 0.230 Loaded shared library C:\Users\USER\.openjfx\cache\17.0.6+3\amd64\api-ms-win-crt-time-l1-1-0.dll
Event: 0.232 Loaded shared library C:\Users\USER\.openjfx\cache\17.0.6+3\amd64\api-ms-win-crt-utility-l1-1-0.dll
Event: 0.240 Loaded shared library C:\Users\USER\.openjfx\cache\17.0.6+3\amd64\ucrtbase.dll
Event: 0.243 Loaded shared library C:\Users\USER\.openjfx\cache\17.0.6+3\amd64\vcruntime140.dll
Event: 0.244 Loaded shared library C:\Users\USER\.openjfx\cache\17.0.6+3\amd64\vcruntime140_1.dll
Event: 0.249 Loaded shared library C:\Users\USER\.openjfx\cache\17.0.6+3\amd64\msvcp140.dll
Event: 0.250 Loaded shared library C:\Users\USER\.openjfx\cache\17.0.6+3\amd64\msvcp140_1.dll
Event: 0.253 Loaded shared library C:\Users\USER\.openjfx\cache\17.0.6+3\amd64\msvcp140_2.dll
Event: 0.274 Loaded shared library C:\Users\USER\.openjfx\cache\17.0.6+3\amd64\prism_d3d.dll
Event: 0.285 Loaded shared library C:\Users\USER\.openjfx\cache\17.0.6+3\amd64\prism_sw.dll
Event: 0.296 Loaded shared library C:\Users\USER\.openjfx\cache\17.0.6+3\amd64\glass.dll

Deoptimization events (12 events):
Event: 0.064 Thread 0x0000015674f4c590 Uncommon trap: trap_request=0xffffff45 fr.pc=0x0000015607ac5cf4 relative=0x0000000000000234
Event: 0.064 Thread 0x0000015674f4c590 Uncommon trap: reason=unstable_if action=reinterpret pc=0x0000015607ac5cf4 method=jdk.internal.util.ArraysSupport.hashCodeOfUnsigned([BIII)I @ 1 c2
Event: 0.064 Thread 0x0000015674f4c590 DEOPT PACKING pc=0x0000015607ac5cf4 sp=0x00000007150fce80
Event: 0.064 Thread 0x0000015674f4c590 DEOPT UNPACKING pc=0x0000015607587982 sp=0x00000007150fce00 mode 2
Event: 0.226 Thread 0x00000156168d4750 DEOPT PACKING pc=0x0000015600029a8f sp=0x00000007163fe7c0
Event: 0.226 Thread 0x00000156168d4750 DEOPT UNPACKING pc=0x00000156075884c2 sp=0x00000007163fdc70 mode 0
Event: 0.242 Thread 0x00000156168d4750 DEOPT PACKING pc=0x00000156000c1a2f sp=0x00000007163fea90
Event: 0.242 Thread 0x00000156168d4750 DEOPT UNPACKING pc=0x00000156075884c2 sp=0x00000007163fdeb0 mode 0
Event: 0.297 Thread 0x00000156168d4750 Uncommon trap: trap_request=0xffffff45 fr.pc=0x0000015607adc550 relative=0x0000000000000150
Event: 0.297 Thread 0x00000156168d4750 Uncommon trap: reason=unstable_if action=reinterpret pc=0x0000015607adc550 method=java.util.concurrent.locks.ReentrantLock$NonfairSync.initialTryLock()Z @ 10 c2
Event: 0.297 Thread 0x00000156168d4750 DEOPT PACKING pc=0x0000015607adc550 sp=0x00000007163fdd70
Event: 0.297 Thread 0x00000156168d4750 DEOPT UNPACKING pc=0x0000015607587982 sp=0x00000007163fdd18 mode 2

Classes loaded (20 events):
Event: 0.292 Loading class java/lang/ProcessEnvironment
Event: 0.292 Loading class java/lang/ProcessEnvironment done
Event: 0.292 Loading class java/lang/ProcessEnvironment$NameComparator
Event: 0.292 Loading class java/lang/ProcessEnvironment$NameComparator done
Event: 0.292 Loading class java/lang/ProcessEnvironment$EntryComparator
Event: 0.292 Loading class java/lang/ProcessEnvironment$EntryComparator done
Event: 0.292 Loading class java/lang/ProcessEnvironment$CheckedEntrySet
Event: 0.292 Loading class java/lang/ProcessEnvironment$CheckedEntrySet done
Event: 0.292 Loading class java/lang/ProcessEnvironment$CheckedEntrySet$1
Event: 0.292 Loading class java/lang/ProcessEnvironment$CheckedEntrySet$1 done
Event: 0.292 Loading class java/lang/ProcessEnvironment$CheckedEntry
Event: 0.292 Loading class java/lang/ProcessEnvironment$CheckedEntry done
Event: 0.297 Loading class java/lang/Throwable$WrappedPrintStream
Event: 0.297 Loading class java/lang/Throwable$PrintStreamOrWriter
Event: 0.297 Loading class java/lang/Throwable$PrintStreamOrWriter done
Event: 0.297 Loading class java/lang/Throwable$WrappedPrintStream done
Event: 0.297 Loading class java/util/concurrent/BlockingDeque
Event: 0.298 Loading class java/util/concurrent/BlockingDeque done
Event: 0.298 Loading class java/util/concurrent/LinkedBlockingDeque
Event: 0.298 Loading class java/util/concurrent/LinkedBlockingDeque done

Classes unloaded (0 events):
No events

Classes redefined (0 events):
No events

Internal exceptions (9 events):
Event: 0.069 Thread 0x00000156168d4750 Exception <a 'java/lang/NoSuchMethodError'{0x00000004e72817e0}: 'void java.lang.invoke.DirectMethodHandle$Holder.invokeStatic(java.lang.Object, java.lang.Object)'> (0x00000004e72817e0) 
thrown [s\open\src\hotspot\share\interpreter\linkResolver.cpp, line 796]
Event: 0.110 Thread 0x00000156168d4750 Exception <a 'java/lang/NoSuchMethodError'{0x00000004e73cb128}: 'void java.lang.invoke.DirectMethodHandle$Holder.invokeSpecial(java.lang.Object, java.lang.Object, java.lang.Object)'> (0x00000004e73cb128) 
thrown [s\open\src\hotspot\share\interpreter\linkResolver.cpp, line 796]
Event: 0.115 Thread 0x00000156168d4750 Exception <a 'java/lang/ClassNotFoundException'{0x00000004e7001f38}: sun/util/logging/resources/spi/loggingProvider> (0x00000004e7001f38) 
thrown [s\open\src\hotspot\share\classfile\systemDictionary.cpp, line 313]
Event: 0.274 Thread 0x00000156168d5b00 Exception <a 'java/lang/NoSuchFieldError'{0x00000004e6a0a488}: disableD3D9Ex> (0x00000004e6a0a488) 
thrown [s\open\src\hotspot\share\prims\jni.cpp, line 1989]
Event: 0.282 Thread 0x00000156168d5b00 Exception <a 'java/lang/NoSuchFieldError'{0x00000004e6a0a488}> (0x00000004e6a0a488) 
thrown [s\open\src\hotspot\share\oops\instanceKlass.cpp, line 1236]
Event: 0.287 Thread 0x00000156168d4750 Exception <a 'java/lang/NoSuchMethodError'{0x00000004e6da6190}: 'int java.lang.invoke.DirectMethodHandle$Holder.invokeStaticInit(java.lang.Object, java.lang.Object, java.lang.Object)'> (0x00000004e6da6190) 
thrown [s\open\src\hotspot\share\interpreter\linkResolver.cpp, line 796]
Event: 0.297 Thread 0x00000156168d4750 Exception <a 'java/lang/NoSuchMethodError'{0x00000004e6abf348}: notifyThemeChanged> (0x00000004e6abf348) 
thrown [s\open\src\hotspot\share\prims\jni.cpp, line 1077]
Event: 0.299 Thread 0x00000156168d4750 Exception <a 'java/lang/NoSuchMethodError'{0x00000004e6acfd78}: 'java.lang.Object java.lang.invoke.DirectMethodHandle$Holder.newInvokeSpecial(java.lang.Object, java.lang.Object, int, java.lang.Object)'> (0x00000004e6acfd78) 
thrown [s\open\src\hotspot\share\interpreter\linkResolver.cpp, line 796]
Event: 0.299 Thread 0x00000156168d4750 Exception <a 'java/lang/NoSuchMethodError'{0x00000004e6ad3d18}: 'java.lang.Object java.lang.invoke.DirectMethodHandle$Holder.invokeSpecial(java.lang.Object, java.lang.Object, java.lang.Object, int, java.lang.Object)'> (0x00000004e6ad3d18) 
thrown [s\open\src\hotspot\share\interpreter\linkResolver.cpp, line 796]

VM Operations (6 events):
Event: 0.055 Executing VM operation: HandshakeAllThreads (Deoptimize)
Event: 0.055 Executing VM operation: HandshakeAllThreads (Deoptimize) done
Event: 0.122 Executing VM operation: HandshakeAllThreads (Deoptimize)
Event: 0.122 Executing VM operation: HandshakeAllThreads (Deoptimize) done
Event: 0.292 Executing VM operation: HandshakeAllThreads (Deoptimize)
Event: 0.292 Executing VM operation: HandshakeAllThreads (Deoptimize) done

Memory protections (0 events):
No events

Nmethod flushes (0 events):
No events

Events (17 events):
Event: 0.019 Thread 0x0000015674f4c590 Thread added: 0x0000015674f4c590
Event: 0.032 Thread 0x0000015674f4c590 Thread added: 0x00000156160fbef0
Event: 0.032 Thread 0x0000015674f4c590 Thread added: 0x00000156160fcf00
Event: 0.032 Thread 0x0000015674f4c590 Thread added: 0x00000156160ff430
Event: 0.032 Thread 0x0000015674f4c590 Thread added: 0x0000015616102320
Event: 0.032 Thread 0x0000015674f4c590 Thread added: 0x0000015616103500
Event: 0.032 Thread 0x0000015674f4c590 Thread added: 0x0000015616788090
Event: 0.032 Thread 0x0000015674f4c590 Thread added: 0x0000015616789450
Event: 0.032 Thread 0x0000015674f4c590 Thread added: 0x00000156161087c0
Event: 0.042 Thread 0x0000015674f4c590 Thread added: 0x00000156168d5470
Event: 0.043 Thread 0x0000015674f4c590 Thread added: 0x00000156168d6190
Event: 0.053 Thread 0x0000015616789450 Thread added: 0x0000015616987b20
Event: 0.069 Thread 0x0000015674f4c590 Thread added: 0x00000156168d4750
Event: 0.155 Thread 0x0000015616987b20 Thread added: 0x0000015616b7e220
Event: 0.269 Thread 0x00000156168d4750 Thread added: 0x00000156168d5b00
Event: 0.298 Thread 0x00000156168d4750 Thread added: 0x00000156168d2d10
Event: 0.300 Thread 0x00000156168d4750 Thread added: 0x00000156168d40c0


Dynamic libraries:
0x00007ff6f6bb0000 - 0x00007ff6f6bc0000 	C:\Program Files\Java\jdk-23\bin\java.exe
0x00007fff9abd0000 - 0x00007fff9ade7000 	C:\WINDOWS\SYSTEM32\ntdll.dll
0x00007fff99990000 - 0x00007fff99a54000 	C:\WINDOWS\System32\KERNEL32.DLL
0x00007fff98290000 - 0x00007fff9864a000 	C:\WINDOWS\System32\KERNELBASE.dll
0x00007fff98650000 - 0x00007fff98761000 	C:\WINDOWS\System32\ucrtbase.dll
0x00007fff93aa0000 - 0x00007fff93abb000 	C:\Program Files\Java\jdk-23\bin\VCRUNTIME140.dll
0x00007fff94040000 - 0x00007fff94057000 	C:\Program Files\Java\jdk-23\bin\jli.dll
0x00007fff99430000 - 0x00007fff995de000 	C:\WINDOWS\System32\USER32.dll
0x00007fff81600000 - 0x00007fff81892000 	C:\WINDOWS\WinSxS\amd64_microsoft.windows.common-controls_6595b64144ccf1df_6.0.22621.4541_none_2710d1c57384c085\COMCTL32.dll
0x00007fff98770000 - 0x00007fff98796000 	C:\WINDOWS\System32\win32u.dll
0x00007fff988e0000 - 0x00007fff98987000 	C:\WINDOWS\System32\msvcrt.dll
0x00007fff99400000 - 0x00007fff99429000 	C:\WINDOWS\System32\GDI32.dll
0x00007fff97f40000 - 0x00007fff9805b000 	C:\WINDOWS\System32\gdi32full.dll
0x00007fff97ea0000 - 0x00007fff97f3a000 	C:\WINDOWS\System32\msvcp_win.dll
0x00007fff9a990000 - 0x00007fff9a9c1000 	C:\WINDOWS\System32\IMM32.DLL
0x00007fff94760000 - 0x00007fff9476c000 	C:\Program Files\Java\jdk-23\bin\vcruntime140_1.dll
0x00007fff6b570000 - 0x00007fff6b5fe000 	C:\Program Files\Java\jdk-23\bin\msvcp140.dll
0x00007fff20c60000 - 0x00007fff219af000 	C:\Program Files\Java\jdk-23\bin\server\jvm.dll
0x00007fff98e20000 - 0x00007fff98ed2000 	C:\WINDOWS\System32\ADVAPI32.dll
0x00007fff998e0000 - 0x00007fff99987000 	C:\WINDOWS\System32\sechost.dll
0x00007fff98820000 - 0x00007fff98848000 	C:\WINDOWS\System32\bcrypt.dll
0x00007fff9a7e0000 - 0x00007fff9a8f4000 	C:\WINDOWS\System32\RPCRT4.dll
0x00007fff9aab0000 - 0x00007fff9ab21000 	C:\WINDOWS\System32\WS2_32.dll
0x00007fff97bc0000 - 0x00007fff97c0d000 	C:\WINDOWS\SYSTEM32\POWRPROF.dll
0x00007fff928e0000 - 0x00007fff928ea000 	C:\WINDOWS\SYSTEM32\VERSION.dll
0x00007fff93c10000 - 0x00007fff93c44000 	C:\WINDOWS\SYSTEM32\WINMM.dll
0x00007fff97ba0000 - 0x00007fff97bb3000 	C:\WINDOWS\SYSTEM32\UMPDC.dll
0x00007fff96ea0000 - 0x00007fff96eb8000 	C:\WINDOWS\SYSTEM32\kernel.appcore.dll
0x00007fff94690000 - 0x00007fff9469a000 	C:\Program Files\Java\jdk-23\bin\jimage.dll
0x00007fff90ca0000 - 0x00007fff90ed2000 	C:\WINDOWS\SYSTEM32\DBGHELP.DLL
0x00007fff9a450000 - 0x00007fff9a7df000 	C:\WINDOWS\System32\combase.dll
0x00007fff995e0000 - 0x00007fff996b7000 	C:\WINDOWS\System32\OLEAUT32.dll
0x00007fff90b00000 - 0x00007fff90b32000 	C:\WINDOWS\SYSTEM32\dbgcore.DLL
0x00007fff987a0000 - 0x00007fff9881b000 	C:\WINDOWS\System32\bcryptPrimitives.dll
0x00007fff93a40000 - 0x00007fff93a5e000 	C:\Program Files\Java\jdk-23\bin\java.dll
0x00007fff98b50000 - 0x00007fff98cf5000 	C:\WINDOWS\System32\ole32.dll
0x00007fff99a60000 - 0x00007fff9a2d8000 	C:\WINDOWS\System32\SHELL32.dll
0x00007fff95d90000 - 0x00007fff96698000 	C:\WINDOWS\SYSTEM32\windows.storage.dll
0x00007fff95c50000 - 0x00007fff95d8f000 	C:\WINDOWS\SYSTEM32\wintypes.dll
0x00007fff997e0000 - 0x00007fff998da000 	C:\WINDOWS\System32\SHCORE.dll
0x00007fff9ab30000 - 0x00007fff9ab8e000 	C:\WINDOWS\System32\shlwapi.dll
0x00007fff97dd0000 - 0x00007fff97dfb000 	C:\WINDOWS\SYSTEM32\profapi.dll
0x00007fff595a0000 - 0x00007fff59677000 	C:\Program Files\Java\jdk-23\bin\jsvml.dll
0x00007fff941b0000 - 0x00007fff941c0000 	C:\Program Files\Java\jdk-23\bin\net.dll
0x00007fff97310000 - 0x00007fff97379000 	C:\WINDOWS\system32\mswsock.dll
0x00007fff93940000 - 0x00007fff93956000 	C:\Program Files\Java\jdk-23\bin\nio.dll
0x00007fff93920000 - 0x00007fff93937000 	C:\Program Files\Java\jdk-23\bin\zip.dll
0x0000015616cd0000 - 0x0000015616cd3000 	C:\Users\USER\.openjfx\cache\17.0.6+3\amd64\api-ms-win-core-console-l1-1-0.dll
0x0000015616ce0000 - 0x0000015616ce3000 	C:\Users\USER\.openjfx\cache\17.0.6+3\amd64\api-ms-win-core-console-l1-2-0.dll
0x0000015616cf0000 - 0x0000015616cf3000 	C:\Users\USER\.openjfx\cache\17.0.6+3\amd64\api-ms-win-core-datetime-l1-1-0.dll
0x0000015616d00000 - 0x0000015616d03000 	C:\Users\USER\.openjfx\cache\17.0.6+3\amd64\api-ms-win-core-debug-l1-1-0.dll
0x0000015616d10000 - 0x0000015616d13000 	C:\Users\USER\.openjfx\cache\17.0.6+3\amd64\api-ms-win-core-errorhandling-l1-1-0.dll
0x0000015616d20000 - 0x0000015616d24000 	C:\Users\USER\.openjfx\cache\17.0.6+3\amd64\api-ms-win-core-file-l1-1-0.dll
0x0000015616d30000 - 0x0000015616d33000 	C:\Users\USER\.openjfx\cache\17.0.6+3\amd64\api-ms-win-core-file-l1-2-0.dll
0x0000015616d40000 - 0x0000015616d43000 	C:\Users\USER\.openjfx\cache\17.0.6+3\amd64\api-ms-win-core-file-l2-1-0.dll
0x0000015616d50000 - 0x0000015616d53000 	C:\Users\USER\.openjfx\cache\17.0.6+3\amd64\api-ms-win-core-handle-l1-1-0.dll
0x0000015616d60000 - 0x0000015616d63000 	C:\Users\USER\.openjfx\cache\17.0.6+3\amd64\api-ms-win-core-heap-l1-1-0.dll
0x0000015616d70000 - 0x0000015616d73000 	C:\Users\USER\.openjfx\cache\17.0.6+3\amd64\api-ms-win-core-interlocked-l1-1-0.dll
0x0000015616d80000 - 0x0000015616d83000 	C:\Users\USER\.openjfx\cache\17.0.6+3\amd64\api-ms-win-core-libraryloader-l1-1-0.dll
0x0000015616d90000 - 0x0000015616d93000 	C:\Users\USER\.openjfx\cache\17.0.6+3\amd64\api-ms-win-core-localization-l1-2-0.dll
0x0000015616da0000 - 0x0000015616da3000 	C:\Users\USER\.openjfx\cache\17.0.6+3\amd64\api-ms-win-core-memory-l1-1-0.dll
0x0000015616db0000 - 0x0000015616db3000 	C:\Users\USER\.openjfx\cache\17.0.6+3\amd64\api-ms-win-core-namedpipe-l1-1-0.dll
0x0000015616dc0000 - 0x0000015616dc3000 	C:\Users\USER\.openjfx\cache\17.0.6+3\amd64\api-ms-win-core-processenvironment-l1-1-0.dll
0x0000015616dd0000 - 0x0000015616dd3000 	C:\Users\USER\.openjfx\cache\17.0.6+3\amd64\api-ms-win-core-processthreads-l1-1-0.dll
0x0000015616de0000 - 0x0000015616de3000 	C:\Users\USER\.openjfx\cache\17.0.6+3\amd64\api-ms-win-core-processthreads-l1-1-1.dll
0x0000015616df0000 - 0x0000015616df3000 	C:\Users\USER\.openjfx\cache\17.0.6+3\amd64\api-ms-win-core-profile-l1-1-0.dll
0x0000015616e00000 - 0x0000015616e03000 	C:\Users\USER\.openjfx\cache\17.0.6+3\amd64\api-ms-win-core-rtlsupport-l1-1-0.dll
0x0000015616e10000 - 0x0000015616e13000 	C:\Users\USER\.openjfx\cache\17.0.6+3\amd64\api-ms-win-core-string-l1-1-0.dll
0x0000015616e20000 - 0x0000015616e23000 	C:\Users\USER\.openjfx\cache\17.0.6+3\amd64\api-ms-win-core-synch-l1-1-0.dll
0x0000015616e30000 - 0x0000015616e33000 	C:\Users\USER\.openjfx\cache\17.0.6+3\amd64\api-ms-win-core-synch-l1-2-0.dll
0x0000015616e40000 - 0x0000015616e43000 	C:\Users\USER\.openjfx\cache\17.0.6+3\amd64\api-ms-win-core-sysinfo-l1-1-0.dll
0x0000015616e50000 - 0x0000015616e53000 	C:\Users\USER\.openjfx\cache\17.0.6+3\amd64\api-ms-win-core-timezone-l1-1-0.dll
0x0000015616e60000 - 0x0000015616e63000 	C:\Users\USER\.openjfx\cache\17.0.6+3\amd64\api-ms-win-core-util-l1-1-0.dll
0x0000015616e70000 - 0x0000015616e73000 	C:\Users\USER\.openjfx\cache\17.0.6+3\amd64\api-ms-win-crt-conio-l1-1-0.dll
0x0000015616e80000 - 0x0000015616e84000 	C:\Users\USER\.openjfx\cache\17.0.6+3\amd64\api-ms-win-crt-convert-l1-1-0.dll
0x0000015616e90000 - 0x0000015616e93000 	C:\Users\USER\.openjfx\cache\17.0.6+3\amd64\api-ms-win-crt-environment-l1-1-0.dll
0x0000015616ea0000 - 0x0000015616ea3000 	C:\Users\USER\.openjfx\cache\17.0.6+3\amd64\api-ms-win-crt-filesystem-l1-1-0.dll
0x0000015616eb0000 - 0x0000015616eb3000 	C:\Users\USER\.openjfx\cache\17.0.6+3\amd64\api-ms-win-crt-heap-l1-1-0.dll
0x0000015616ec0000 - 0x0000015616ec3000 	C:\Users\USER\.openjfx\cache\17.0.6+3\amd64\api-ms-win-crt-locale-l1-1-0.dll
0x0000015616ed0000 - 0x0000015616ed5000 	C:\Users\USER\.openjfx\cache\17.0.6+3\amd64\api-ms-win-crt-math-l1-1-0.dll
0x0000015616ee0000 - 0x0000015616ee5000 	C:\Users\USER\.openjfx\cache\17.0.6+3\amd64\api-ms-win-crt-multibyte-l1-1-0.dll
0x0000015616ef0000 - 0x0000015616f00000 	C:\Users\USER\.openjfx\cache\17.0.6+3\amd64\api-ms-win-crt-private-l1-1-0.dll
0x0000015616f00000 - 0x0000015616f03000 	C:\Users\USER\.openjfx\cache\17.0.6+3\amd64\api-ms-win-crt-process-l1-1-0.dll
0x0000015616f10000 - 0x0000015616f14000 	C:\Users\USER\.openjfx\cache\17.0.6+3\amd64\api-ms-win-crt-runtime-l1-1-0.dll
0x0000015616f20000 - 0x0000015616f24000 	C:\Users\USER\.openjfx\cache\17.0.6+3\amd64\api-ms-win-crt-stdio-l1-1-0.dll
0x0000015616f30000 - 0x0000015616f34000 	C:\Users\USER\.openjfx\cache\17.0.6+3\amd64\api-ms-win-crt-string-l1-1-0.dll
0x0000015616f40000 - 0x0000015616f43000 	C:\Users\USER\.openjfx\cache\17.0.6+3\amd64\api-ms-win-crt-time-l1-1-0.dll
0x0000015616f50000 - 0x0000015616f53000 	C:\Users\USER\.openjfx\cache\17.0.6+3\amd64\api-ms-win-crt-utility-l1-1-0.dll
0x00007fff3cff0000 - 0x00007fff3d0ec000 	C:\Users\USER\.openjfx\cache\17.0.6+3\amd64\ucrtbase.dll
0x00007fff74250000 - 0x00007fff7426a000 	C:\Users\USER\.openjfx\cache\17.0.6+3\amd64\vcruntime140.dll
0x00007fff89320000 - 0x00007fff8932c000 	C:\Users\USER\.openjfx\cache\17.0.6+3\amd64\vcruntime140_1.dll
0x00007fff3bfd0000 - 0x00007fff3c05d000 	C:\Users\USER\.openjfx\cache\17.0.6+3\amd64\msvcp140.dll
0x00007fff86100000 - 0x00007fff86109000 	C:\Users\USER\.openjfx\cache\17.0.6+3\amd64\msvcp140_1.dll
0x00007fff70520000 - 0x00007fff7054f000 	C:\Users\USER\.openjfx\cache\17.0.6+3\amd64\msvcp140_2.dll
0x00007fff6ce30000 - 0x00007fff6ce5a000 	C:\Users\USER\.openjfx\cache\17.0.6+3\amd64\prism_d3d.dll
0x00007fff8b1e0000 - 0x00007fff8b388000 	C:\WINDOWS\system32\d3d9.dll
0x00007fff95590000 - 0x00007fff955bb000 	C:\WINDOWS\SYSTEM32\dwmapi.dll
0x00007fff95430000 - 0x00007fff95467000 	C:\WINDOWS\SYSTEM32\dxcore.dll
0x00007fff95310000 - 0x00007fff953c1000 	C:\WINDOWS\system32\uxtheme.dll
0x00007fff313d0000 - 0x00007fff3162f000 	C:\WINDOWS\System32\DriverStore\FileRepository\iigd_dch.inf_amd64_06b3f994dfa22861\igdumdim64.dll
0x00007fff1f710000 - 0x00007fff20c59000 	C:\WINDOWS\System32\DriverStore\FileRepository\iigd_dch.inf_amd64_06b3f994dfa22861\igd9dxva64.dll
0x00007fff98ee0000 - 0x00007fff99354000 	C:\WINDOWS\System32\SETUPAPI.dll
0x00007fff97b10000 - 0x00007fff97b5e000 	C:\WINDOWS\SYSTEM32\cfgmgr32.dll
0x00007fff292c0000 - 0x00007fff2afeb000 	C:\WINDOWS\System32\DriverStore\FileRepository\iigd_dch.inf_amd64_06b3f994dfa22861\media_bin_64.dll
0x00007fff7c0f0000 - 0x00007fff7c52e000 	C:\WINDOWS\System32\DriverStore\FileRepository\iigd_dch.inf_amd64_06b3f994dfa22861\igdgmm64.dll
0x00007fff81560000 - 0x00007fff815a9000 	C:\WINDOWS\SYSTEM32\directxdatabasehelper.dll
0x00007fff6c8c0000 - 0x00007fff6c8d2000 	C:\Users\USER\.openjfx\cache\17.0.6+3\amd64\prism_sw.dll
0x00007fff629c0000 - 0x00007fff62a02000 	C:\Users\USER\.openjfx\cache\17.0.6+3\amd64\glass.dll
0x00007fff996c0000 - 0x00007fff997c0000 	C:\WINDOWS\System32\COMDLG32.dll
0x00007fff9a2e0000 - 0x00007fff9a441000 	C:\WINDOWS\System32\MSCTF.dll

dbghelp: loaded successfully - version: 4.0.5 - missing functions: none
symbol engine: initialized successfully - sym options: 0x614 - pdb path: .;C:\Program Files\Java\jdk-23\bin;C:\WINDOWS\SYSTEM32;C:\WINDOWS\WinSxS\amd64_microsoft.windows.common-controls_6595b64144ccf1df_6.0.22621.4541_none_2710d1c57384c085;C:\Program Files\Java\jdk-23\bin\server;C:\Users\USER\.openjfx\cache\17.0.6+3\amd64;C:\WINDOWS\System32\DriverStore\FileRepository\iigd_dch.inf_amd64_06b3f994dfa22861

VM Arguments:
jvm_args: -Dfile.encoding=UTF-8 -Dsun.stdout.encoding=UTF-8 -Dsun.stderr.encoding=UTF-8 
java_command: C:\Users\USER\Documents\IntelliJ Projects\My Notes App\out\artifacts\mynotesapp_jar\mynotesapp.jar
java_class_path (initial): C:\Users\USER\Documents\IntelliJ Projects\My Notes App\out\artifacts\mynotesapp_jar\mynotesapp.jar
Launcher Type: SUN_STANDARD

[Global flags]
     intx CICompilerCount                          = 4                                         {product} {ergonomic}
     uint ConcGCThreads                            = 2                                         {product} {ergonomic}
     uint G1ConcRefinementThreads                  = 8                                         {product} {ergonomic}
   size_t G1HeapRegionSize                         = 2097152                                   {product} {ergonomic}
   size_t InitialHeapSize                          = 266338304                                 {product} {ergonomic}
   size_t MarkStackSize                            = 4194304                                   {product} {ergonomic}
   size_t MarkStackSizeMax                         = 536870912                                 {product} {ergonomic}
   size_t MaxHeapSize                              = 4238344192                                {product} {ergonomic}
   size_t MaxNewSize                               = 2541748224                                {product} {ergonomic}
   size_t MinHeapDeltaBytes                        = 2097152                                   {product} {ergonomic}
   size_t MinHeapSize                              = 8388608                                   {product} {ergonomic}
    uintx NonNMethodCodeHeapSize                   = 5832704                                {pd product} {ergonomic}
    uintx NonProfiledCodeHeapSize                  = 122945536                              {pd product} {ergonomic}
    uintx ProfiledCodeHeapSize                     = 122880000                              {pd product} {ergonomic}
    uintx ReservedCodeCacheSize                    = 251658240                              {pd product} {ergonomic}
     bool SegmentedCodeCache                       = true                                      {product} {ergonomic}
   size_t SoftMaxHeapSize                          = 4238344192                             {manageable} {ergonomic}
     bool UseCompressedOops                        = true                           {product lp64_product} {ergonomic}
     bool UseG1GC                                  = true                                      {product} {ergonomic}
     bool UseLargePagesIndividualAllocation        = false                                  {pd product} {ergonomic}

Logging:
Log output configuration:
 #0: stdout all=warning uptime,level,tags foldmultilines=false
 #1: stderr all=off uptime,level,tags foldmultilines=false

Environment Variables:
PATH=C:\Program Files\Common Files\Oracle\Java\javapath;C:\Program Files (x86)\Common Files\Intel\Shared Libraries\redist\intel64\compiler;C:\WINDOWS\system32;C:\WINDOWS;C:\WINDOWS\System32\Wbem;C:\WINDOWS\System32\WindowsPowerShell\v1.0\;C:\WINDOWS\System32\OpenSSH\;C:\Program Files\nodejs\;C:\Program Files\Git\cmd;C:\Program Files\Cloudflare\Cloudflare WARP\;C:\MinGW\bin;C:\Program Files\MySQL\MySQL Shell 8.0\bin\;C:\Users\USER\AppData\Local\Microsoft\WindowsApps;C:\Program Files\JetBrains\IntelliJ IDEA 2024.2.4\bin;;C:\Users\USER\AppData\Local\Programs\Microsoft VS Code\bin;C:\Users\USER\AppData\Roaming\npm;C:\Users\USER\AppData\Local\Programs\Windsurf\bin;C:\MinGW\bin;
USERNAME=USER
OS=Windows_NT
PROCESSOR_IDENTIFIER=Intel64 Family 6 Model 140 Stepping 2, GenuineIntel
TMP=C:\Users\USER\AppData\Local\Temp
TEMP=C:\Users\USER\AppData\Local\Temp




Periodic native trim disabled

---------------  S Y S T E M  ---------------

OS:
 Windows 11 , 64 bit Build 22621 (10.0.22621.4391)
OS uptime: 2 days 16:41 hours
Hyper-V role detected

CPU: total 8 (initial active 8) (4 cores per cpu, 2 threads per core) family 6 model 140 stepping 2 microcode 0x22, cx8, cmov, fxsr, ht, mmx, 3dnowpref, sse, sse2, sse3, ssse3, sse4.1, sse4.2, popcnt, lzcnt, tsc, tscinvbit, avx, avx2, aes, erms, clmul, bmi1, bmi2, adx, avx512f, avx512dq, avx512cd, avx512bw, avx512vl, sha, fma, vzeroupper, avx512_vpopcntdq, avx512_vpclmulqdq, avx512_vaes, avx512_vnni, clflush, clflushopt, clwb, avx512_vbmi2, avx512_vbmi, hv, rdtscp, rdpid, fsrm, gfni, avx512_bitalg, f16c, cet_ibt, cet_ss, avx512_ifma
Processor Information for the first 8 processors :
  Max Mhz: 2918, Current Mhz: 2918, Mhz Limit: 2918

Memory: 4k page, system-wide physical 16163M (6437M free)
TotalPageFile size 18595M (AvailPageFile size 5625M)
current process WorkingSet (physical memory assigned to process): 70M, peak: 70M
current process commit charge ("private bytes"): 364M, peak: 364M

vm_info: Java HotSpot(TM) 64-Bit Server VM (23.0.1+11-39) for windows-amd64 JRE (23.0.1+11-39), built on 2024-09-30T07:20:43Z with MS VC++ 17.6 (VS2022)

END.
